Relaunching install.sh with /usr/bin/mksh...
+ [810.590074s|P2861,L44,e0] ulimit -c 0
+ [810.590126s|P2861,L47,e0] IFS= 
+ [810.590198s|P2861,L47,e0] set +e -fCu
+ [810.590264s|P2861,L54,e0] eval $': || $( : # "\n)'
+ [810.590319s|P2861,L54,e0] :
+ [810.590371s|P2861,L59,e0] eval $': || for i;\ndo :; done'
+ [810.590411s|P2861,L59,e0] :
+ [810.590510s|P2861,L77,e0] t=ok 
+ [810.590547s|P2861,L78,e0] t=bug command -@
/opt/clones/modernish/install.sh: /opt/clones/modernish/lib/modernish/adj/fatal.sh[78]: command: -@: unknown option
+ [810.590619s|P2861,L87,e0] :
+ [810.590719s|P2861,L113,e0] PATH=/dev/null 
+ [810.590787s|P2861,L113,e0] >/dev/null 
+ [810.590847s|P2861,L114,e0] t=x 
+ [810.590885s|P2861,L115,e0] command -v unset
+ [810.590928s|P2861,L116,e0] command -V unset
+ [810.590966s|P2861,L117,e0] command -v if
+ [810.591008s|P2861,L118,e0] unset t
+ [810.591062s|P2861,L121,e0] PATH=/bin:/usr/bin 
+ [810.591121s|P2861,L125,e0] readonly $'CC01=\001' 'CC7F=' 'RO=ok'
+ [810.591182s|P2861,L132,e0] RO1=1 RO2=2 RO3=3 
+ [810.591230s|P2861,L133,e0] readonly RO1 RO2 RO3
+ [810.591280s|P2861,L137,e0] set +o braceexpand
+ [810.591328s|P2861,L138,e0] >|/dev/null 
+ [810.591369s|P2861,L138,e0] PATH=/dev/null command -v typeset
+ [810.591418s|P2861,L138,e0] typeset -@ foo
/opt/clones/modernish/install.sh: /opt/clones/modernish/lib/modernish/adj/fatal.sh[138]: typeset: -@: unknown option
+ [810.591471s|P2861,L139,e1] unset -v RO1 RO2 RO3
/opt/clones/modernish/install.sh: /opt/clones/modernish/lib/modernish/adj/fatal.sh[139]: read-only: RO1
/opt/clones/modernish/install.sh: /opt/clones/modernish/lib/modernish/adj/fatal.sh[139]: read-only: RO2
/opt/clones/modernish/install.sh: /opt/clones/modernish/lib/modernish/adj/fatal.sh[139]: read-only: RO3
+ [810.591537s|P2861,L142,e1] alias 'test=test'
+ [810.591590s|P2861,L146,e0] alias 'fn=:'
+ [810.591629s|P2861,L147,e0] eval fn
+ [810.591664s|P2861,L147,e0] :
+ [810.591710s|P2861,L150,e0] unalias -a
+ [810.591762s|P2861,L153,e0] unset -f echo
+ [810.591806s|P2861,L156,e0] kill -s 0 2849
+ [810.592089s|P2862,L164,e0] eval '('
/opt/clones/modernish/install.sh: syntax error: unmatched '('
+ [810.592409s|P2861,L170,e0] fn
+ [810.592438s|P2861,L169,e0] :
+ [810.592476s|P2861,L169,e0] eval 'return 0'
+ [810.592510s|P2861,L169,e0] return 0
+ [810.592584s|P2861,L180,e0] eval $'command continue\n\t\texit'
+ [810.592620s|P2861,L180,e0] continue
+ [810.592668s|P2861,L184,e0] eval $'command break\n\t\texit'
+ [810.592705s|P2861,L184,e0] break
+ [810.592763s|P2861,L196,e0] unset -v FTL_UNSETFAIL_D7CDE27B_C03A_4B45_8050_30A9292BDE74
+ [810.592833s|P2861,L204,e0] unset -f FTL_UNSFNFAIL_574C63CD_8D52_4DCF_AD22_00B9AC29AFF7
+ [810.592888s|P2861,L209,e0] test foo '=~' bar
/opt/clones/modernish/install.sh: /opt/clones/modernish/lib/modernish/adj/fatal.sh[209]: test: =~: unexpected operator/operand
+ [810.592950s|P2861,L213,e2] test 123 -eq 1XX
/opt/clones/modernish/install.sh: /opt/clones/modernish/lib/modernish/adj/fatal.sh[213]: 1XX: bad number '1XX'
+ [810.593013s|P2861,L216,e2] >/dev/null 
+ [810.593072s|P2861,L216,e2] PATH=/dev/null command -v let
+ [810.593117s|P2861,L216,e0] let --
/opt/clones/modernish/install.sh: /opt/clones/modernish/lib/modernish/adj/fatal.sh[216]: --: -- requires lvalue
+ [810.593193s|P2861,L223,e2] set -- '   \on\e' '\tw'\''o' ' \th\'\''re\e' ' \'\''fo\u\r '
+ [810.593229s|P2861,L224,e0] IFS= 
+ [810.593276s|P2861,L225,e0] set -- '   \on\e' '\tw'\''o' ' \th\'\''re\e' ' \'\''fo\u\r '
+ [810.593377s|P2861,L243,e0] set -u --
+ [810.593412s|P2861,L243,e0] set --
+ [810.593445s|P2861,L243,e0] t= 
+ [810.593493s|P2861,L247,e0] t='1 2 3' 
+ [810.593526s|P2861,L248,e0] IFS='x ' 
+ [810.593562s|P2861,L249,e0] t='1 2 3 4 5' 
+ [810.593600s|P2861,L250,e0] IFS= 
+ [810.593671s|P2861,L263,e0] t=barbarfoo 
+ [810.593743s|P2861,L272,e0] t='a${t2=BUG}' 
+ [810.593785s|P2861,L273,e0] unset -v t2
+ [810.593821s|P2861,L274,e0] t=a 
+ [810.593905s|P2861,L282,e0] t=abcdefghij 
+ [810.593944s|P2861,L283,e0] t2=efg 
+ [810.594017s|P2861,L291,e0] t= 
+ [810.594088s|P2861,L299,e0] set ' foo -> bar' foo
+ [810.594158s|P2861,L307,e0] t=2849 
+ [810.594235s|P2861,L315,e0] t=$'ok\001\177ok' 
+ [810.594358s|P2861,L336,e0] set +u _1_
+ [810.594420s|P2861,L341,e0] set -u
+ [810.594521s|P2861,L354,e0] t='  ::  \on\e :\tw'\''o \th\'\''re\e :\\'\''fo\u\r:   : :  ' 
+ [810.594564s|P2861,L355,e0] IFS=': ' 
+ [810.594618s|P2861,L356,e0] set --   '\on\e' '\tw'\''o' '\th\'\''re\e' '\\'\''fo\u\r'  
+ [810.594661s|P2861,L357,e0] IFS= 
+ [810.594707s|P2861,L358,e0] t='8,,,\on\e,\tw'\''o,\th\'\''re\e,\\'\''fo\u\r,,,U,U,U,U' 
+ [810.594835s|P2861,L371,e0] IFS=/ 
+ [810.594880s|P2861,L372,e0] set -- /root
+ [810.594919s|P2861,L373,e0] IFS= 
+ [810.594993s|P2861,L384,e0] i=7 
+ [810.595032s|P2861,L385,e0] j=0 
+ [810.595184s|P2861,L410,e0] unset -v t2
+ [810.595225s|P2861,L411,e0] >/dev/null 
+ [810.595279s|P2861,L411,e0] command -v typeset
+ [810.595320s|P2861,L411,e0] typeset -i t2
+ [810.595356s|P2861,L412,e0] t2=1000005 
+ [810.595394s|P2861,L413,e0] t='foo\bar' 
+ [810.595438s|P2861,L414,e0] : 1000005
+ [810.595513s|P2861,L419,e0] unset -v t2
+ [810.595562s|P2861,L426,e0] unset -v t
+ [810.595607s|P2861,L427,e0] : 1
+ [810.595641s|P2861,L428,e0] t=128/32 
+ [810.595728s|P2861,L439,e0] eval $'case \047ab\001c\177d\047 in\n( \\a\\b\\\001\\c\\\177\\d ) ;;\n( * )\texit ;;\nesac'
+ [810.595785s|P2861,L447,e0] _Msh_test_1234=x 
+ [810.595849s|P2861,L460,e0] t='ab]cd' 
+ [810.595984s|P2861,L491,e0] set -- '\'
+ [810.596045s|P2861,L500,e0] t= 
+ [810.596141s|P2861,L523,e0] set -C
+ [810.596176s|P2861,L524,e0] >/dev/null 
+ [810.596245s|P2861,L524,e0] :
+ [810.596315s|P2861,L531,e0] 5<&- 
+ [810.596346s|P2861,L531,e0] fn
+ [810.596376s|P2861,L531,e0] 5</dev/null 
+ [810.596427s|P2861,L529,e0] <&5 
+ [810.596465s|P2861,L529,e0] :
+ [810.596551s|P2861,L541,e0] t=0 
+ [810.596662s|P2861,L561,e0] trap 'echo $PPID' 0
+ [810.596726s|P2861,L561,e0] echo 2844
var/loop/find:	Warning: using non-POSIX-compliant '/usr/bin/find'.
		Performance will degrade and breakage cannot be ruled out.
		Recommend installing sfind or GNU find somewhere in $PATH.
+ ulimit -c 0
+ IFS= 
+ set +e -fCu
+ eval $': || $( : # "\n)'
+ :
+ eval $': || for i;\ndo :; done'
+ :
+ t=ok 
+ t=bug command -@
/usr/bin/mksh: /opt/clones/modernish/lib/modernish/adj/fatal.sh[78]: command: -@: unknown option
+ :
+ PATH=/dev/null 
+ >/dev/null 
+ t=x 
+ command -v unset
+ command -V unset
+ command -v if
+ unset t
+ PATH=/bin:/usr/bin 
+ readonly $'CC01=\001' 'CC7F=' 'RO=ok'
+ RO1=1 RO2=2 RO3=3 
+ readonly RO1 RO2 RO3
+ set +o braceexpand
+ >|/dev/null 
+ PATH=/dev/null command -v typeset
+ typeset -@ foo
/usr/bin/mksh: /opt/clones/modernish/lib/modernish/adj/fatal.sh[138]: typeset: -@: unknown option
+ unset -v RO1 RO2 RO3
/usr/bin/mksh: /opt/clones/modernish/lib/modernish/adj/fatal.sh[139]: read-only: RO1
/usr/bin/mksh: /opt/clones/modernish/lib/modernish/adj/fatal.sh[139]: read-only: RO2
/usr/bin/mksh: /opt/clones/modernish/lib/modernish/adj/fatal.sh[139]: read-only: RO3
+ alias 'test=test'
+ alias 'fn=:'
+ eval fn
+ :
+ unalias -a
+ unset -f echo
+ kill -s 0 2955
+ eval '('
/usr/bin/mksh: syntax error: unmatched '('
+ fn
+ :
+ eval 'return 0'
+ return 0
+ eval $'command continue\n\t\texit'
+ continue
+ eval $'command break\n\t\texit'
+ break
+ unset -v FTL_UNSETFAIL_D7CDE27B_C03A_4B45_8050_30A9292BDE74
+ unset -f FTL_UNSFNFAIL_574C63CD_8D52_4DCF_AD22_00B9AC29AFF7
+ test foo '=~' bar
/usr/bin/mksh: /opt/clones/modernish/lib/modernish/adj/fatal.sh[209]: test: =~: unexpected operator/operand
+ test 123 -eq 1XX
/usr/bin/mksh: /opt/clones/modernish/lib/modernish/adj/fatal.sh[213]: 1XX: bad number '1XX'
+ >/dev/null 
+ PATH=/dev/null command -v let
+ let --
/usr/bin/mksh: /opt/clones/modernish/lib/modernish/adj/fatal.sh[216]: --: -- requires lvalue
+ set -- '   \on\e' '\tw'\''o' ' \th\'\''re\e' ' \'\''fo\u\r '
+ IFS= 
+ set -- '   \on\e' '\tw'\''o' ' \th\'\''re\e' ' \'\''fo\u\r '
+ set -u --
+ set --
+ t= 
+ t='1 2 3' 
+ IFS='x ' 
+ t='1 2 3 4 5' 
+ IFS= 
+ t=barbarfoo 
+ t='a${t2=BUG}' 
+ unset -v t2
+ t=a 
+ t=abcdefghij 
+ t2=efg 
+ t= 
+ set ' foo -> bar' foo
+ t=2955 
+ t=$'ok\001\177ok' 
+ set +u _1_
+ set -u
+ t='  ::  \on\e :\tw'\''o \th\'\''re\e :\\'\''fo\u\r:   : :  ' 
+ IFS=': ' 
+ set --   '\on\e' '\tw'\''o' '\th\'\''re\e' '\\'\''fo\u\r'  
+ IFS= 
+ t='8,,,\on\e,\tw'\''o,\th\'\''re\e,\\'\''fo\u\r,,,U,U,U,U' 
+ IFS=/ 
+ set -- /root
+ IFS= 
+ i=7 
+ j=0 
+ unset -v t2
+ >/dev/null 
+ command -v typeset
+ typeset -i t2
+ t2=1000005 
+ t='foo\bar' 
+ : 1000005
+ unset -v t2
+ unset -v t
+ : 1
+ t=128/32 
+ eval $'case \047ab\001c\177d\047 in\n( \\a\\b\\\001\\c\\\177\\d ) ;;\n( * )\texit ;;\nesac'
+ _Msh_test_1234=x 
+ t='ab]cd' 
+ set -- '\'
+ t= 
+ set -C
+ >/dev/null 
+ :
+ 5<&- 
+ fn
+ 5</dev/null 
+ <&5 
+ :
+ t=0 
+ trap 'echo $PPID' 0
+ echo 2849
* Modernish version 0.17.23-dev, now running on /usr/bin/mksh.
* This shell identifies itself as mksh version R56 2017/08/29.
  Modernish detected the following bugs, quirks and/or extra features on it:
  ADDASSIGN	  BUG_PSUBIFSNW   DBLBRACKETV	  KSHARRAY	  QRK_32BIT
  ARITHCMD	  BUG_PSUBSQHD	  DOTARG	  LINENO	  QRK_LOCALUNS
  ARITHPP	  BUG_TRAPEMPT	  HERESTR	  LOCALVARS	  RANDOM
  BUG_CMDSETPP	  CESCQUOT	  KSH88FUNC	  PSREPLACE	  TESTO
  BUG_CMDSPEXIT   DBLBRACKET
* Running regression test suite on /usr/bin/mksh ...
+ [811.488340s|P3037,L44,e0] ulimit -c 0
+ [811.488408s|P3037,L47,e0] IFS= 
+ [811.488454s|P3037,L47,e0] set +e -fCu
+ [811.488515s|P3037,L54,e0] eval $': || $( : # "\n)'
+ [811.488584s|P3037,L54,e0] :
+ [811.488660s|P3037,L59,e0] eval $': || for i;\ndo :; done'
+ [811.488705s|P3037,L59,e0] :
+ [811.488792s|P3037,L77,e0] t=ok 
+ [811.488832s|P3037,L78,e0] t=bug command -@
/opt/clones/modernish/bin/modernish: /opt/clones/modernish/lib/modernish/adj/fatal.sh[78]: command: -@: unknown option
+ [811.488923s|P3037,L87,e0] :
+ [811.489061s|P3037,L113,e0] PATH=/dev/null 
+ [811.489125s|P3037,L113,e0] >/dev/null 
+ [811.489184s|P3037,L114,e0] t=x 
+ [811.489244s|P3037,L115,e0] command -v unset
+ [811.489288s|P3037,L116,e0] command -V unset
+ [811.489328s|P3037,L117,e0] command -v if
+ [811.489367s|P3037,L118,e0] unset t
+ [811.489423s|P3037,L121,e0] PATH=/bin:/usr/bin 
+ [811.489486s|P3037,L125,e0] readonly $'CC01=\001' 'CC7F=' 'RO=ok'
+ [811.489564s|P3037,L132,e0] RO1=1 RO2=2 RO3=3 
+ [811.489610s|P3037,L133,e0] readonly RO1 RO2 RO3
+ [811.489666s|P3037,L137,e0] set +o braceexpand
+ [811.489718s|P3037,L138,e0] >|/dev/null 
+ [811.489772s|P3037,L138,e0] PATH=/dev/null command -v typeset
+ [811.489841s|P3037,L138,e0] typeset -@ foo
/opt/clones/modernish/bin/modernish: /opt/clones/modernish/lib/modernish/adj/fatal.sh[138]: typeset: -@: unknown option
+ [811.489902s|P3037,L139,e1] unset -v RO1 RO2 RO3
/opt/clones/modernish/bin/modernish: /opt/clones/modernish/lib/modernish/adj/fatal.sh[139]: read-only: RO1
/opt/clones/modernish/bin/modernish: /opt/clones/modernish/lib/modernish/adj/fatal.sh[139]: read-only: RO2
/opt/clones/modernish/bin/modernish: /opt/clones/modernish/lib/modernish/adj/fatal.sh[139]: read-only: RO3
+ [811.489967s|P3037,L142,e1] alias 'test=test'
+ [811.490028s|P3037,L146,e0] alias 'fn=:'
+ [811.490071s|P3037,L147,e0] eval fn
+ [811.490146s|P3037,L147,e0] :
+ [811.490220s|P3037,L150,e0] unalias -a
+ [811.490282s|P3037,L153,e0] unset -f echo
+ [811.490399s|P3037,L156,e0] kill -s 0 3033
+ [811.490788s|P3038,L164,e0] eval '('
/opt/clones/modernish/bin/modernish: syntax error: unmatched '('
+ [811.491247s|P3037,L170,e0] fn
+ [811.491288s|P3037,L169,e0] :
+ [811.491323s|P3037,L169,e0] eval 'return 0'
+ [811.491359s|P3037,L169,e0] return 0
+ [811.491436s|P3037,L180,e0] eval $'command continue\n\t\texit'
+ [811.491474s|P3037,L180,e0] continue
+ [811.491531s|P3037,L184,e0] eval $'command break\n\t\texit'
+ [811.491569s|P3037,L184,e0] break
+ [811.491639s|P3037,L196,e0] unset -v FTL_UNSETFAIL_D7CDE27B_C03A_4B45_8050_30A9292BDE74
+ [811.491726s|P3037,L204,e0] unset -f FTL_UNSFNFAIL_574C63CD_8D52_4DCF_AD22_00B9AC29AFF7
+ [811.491788s|P3037,L209,e0] test foo '=~' bar
/opt/clones/modernish/bin/modernish: /opt/clones/modernish/lib/modernish/adj/fatal.sh[209]: test: =~: unexpected operator/operand
+ [811.491856s|P3037,L213,e2] test 123 -eq 1XX
/opt/clones/modernish/bin/modernish: /opt/clones/modernish/lib/modernish/adj/fatal.sh[213]: 1XX: bad number '1XX'
+ [811.491921s|P3037,L216,e2] >/dev/null 
+ [811.491985s|P3037,L216,e2] PATH=/dev/null command -v let
+ [811.492032s|P3037,L216,e0] let --
/opt/clones/modernish/bin/modernish: /opt/clones/modernish/lib/modernish/adj/fatal.sh[216]: --: -- requires lvalue
+ [811.492101s|P3037,L223,e2] set -- '   \on\e' '\tw'\''o' ' \th\'\''re\e' ' \'\''fo\u\r '
+ [811.492142s|P3037,L224,e0] IFS= 
+ [811.492186s|P3037,L225,e0] set -- '   \on\e' '\tw'\''o' ' \th\'\''re\e' ' \'\''fo\u\r '
+ [811.492331s|P3037,L243,e0] set -u --
+ [811.492370s|P3037,L243,e0] set --
+ [811.492406s|P3037,L243,e0] t= 
+ [811.492463s|P3037,L247,e0] t='1 2 3' 
+ [811.492507s|P3037,L248,e0] IFS='x ' 
+ [811.492552s|P3037,L249,e0] t='1 2 3 4 5' 
+ [811.492599s|P3037,L250,e0] IFS= 
+ [811.492689s|P3037,L263,e0] t=barbarfoo 
+ [811.492772s|P3037,L272,e0] t='a${t2=BUG}' 
+ [811.492818s|P3037,L273,e0] unset -v t2
+ [811.492860s|P3037,L274,e0] t=a 
+ [811.492958s|P3037,L282,e0] t=abcdefghij 
+ [811.493000s|P3037,L283,e0] t2=efg 
+ [811.493081s|P3037,L291,e0] t= 
+ [811.493152s|P3037,L299,e0] set ' foo -> bar' foo
+ [811.493219s|P3037,L307,e0] t=3033 
+ [811.493295s|P3037,L315,e0] t=$'ok\001\177ok' 
+ [811.493418s|P3037,L336,e0] set +u _1_
+ [811.493486s|P3037,L341,e0] set -u
+ [811.493558s|P3037,L354,e0] t='  ::  \on\e :\tw'\''o \th\'\''re\e :\\'\''fo\u\r:   : :  ' 
+ [811.493596s|P3037,L355,e0] IFS=': ' 
+ [811.493643s|P3037,L356,e0] set --   '\on\e' '\tw'\''o' '\th\'\''re\e' '\\'\''fo\u\r'  
+ [811.493680s|P3037,L357,e0] IFS= 
+ [811.493725s|P3037,L358,e0] t='8,,,\on\e,\tw'\''o,\th\'\''re\e,\\'\''fo\u\r,,,U,U,U,U' 
+ [811.493839s|P3037,L371,e0] IFS=/ 
+ [811.493880s|P3037,L372,e0] set -- /root
+ [811.493920s|P3037,L373,e0] IFS= 
+ [811.493990s|P3037,L384,e0] i=7 
+ [811.494029s|P3037,L385,e0] j=0 
+ [811.494187s|P3037,L410,e0] unset -v t2
+ [811.494231s|P3037,L411,e0] >/dev/null 
+ [811.494290s|P3037,L411,e0] command -v typeset
+ [811.494336s|P3037,L411,e0] typeset -i t2
+ [811.494381s|P3037,L412,e0] t2=1000005 
+ [811.494425s|P3037,L413,e0] t='foo\bar' 
+ [811.494478s|P3037,L414,e0] : 1000005
+ [811.494571s|P3037,L419,e0] unset -v t2
+ [811.494631s|P3037,L426,e0] unset -v t
+ [811.494707s|P3037,L427,e0] : 1
+ [811.494761s|P3037,L428,e0] t=128/32 
+ [811.494864s|P3037,L439,e0] eval $'case \047ab\001c\177d\047 in\n( \\a\\b\\\001\\c\\\177\\d ) ;;\n( * )\texit ;;\nesac'
+ [811.494982s|P3037,L447,e0] _Msh_test_1234=x 
+ [811.495061s|P3037,L460,e0] t='ab]cd' 
+ [811.495316s|P3037,L491,e0] set -- '\'
+ [811.495451s|P3037,L500,e0] t= 
+ [811.495570s|P3037,L523,e0] set -C
+ [811.495612s|P3037,L524,e0] >/dev/null 
+ [811.495676s|P3037,L524,e0] :
+ [811.495755s|P3037,L531,e0] 5<&- 
+ [811.495791s|P3037,L531,e0] fn
+ [811.495824s|P3037,L531,e0] 5</dev/null 
+ [811.495874s|P3037,L529,e0] <&5 
+ [811.495914s|P3037,L529,e0] :
+ [811.495994s|P3037,L541,e0] t=0 
+ [811.496122s|P3037,L561,e0] trap 'echo $PPID' 0
+ [811.496200s|P3037,L561,e0] echo 2849
Out of 384 tests:
- 366 succeeded
- 12 were skipped
- 0 produced warnings
- 6 failed expectedly
- 0 failed unexpectedly
* Tests passed. No bugs in modernish were detected.
[m[33m[(B[m[31mmkdir(B[m[33m]> (B[m[34m[1m/bin/mkdir -p /usr/local/lib/modernish/bin(B[m
- Installed sh symlink: /usr/local/lib/modernish/bin/sh -> /usr/bin/mksh
[m[33m[(B[m[31mmkdir(B[m[33m]> (B[m[34m[1m/bin/mkdir -p /usr/local/share/doc/modernish(B[m
- Installed: /usr/local/share/doc/modernish/README.md
- Installed: /usr/local/share/doc/modernish/EXAMPLES.md
- Installed: /usr/local/bin/modernish (hashbang path: /usr/local/lib/modernish/bin/sh)
[m[33m[(B[m[31mmkdir(B[m[33m]> (B[m[34m[1m/bin/mkdir -p /usr/local/lib/modernish/mdl(B[m
- Installed: /usr/local/lib/modernish/mdl/safe.mm
[m[33m[(B[m[31mmkdir(B[m[33m]> (B[m[34m[1m/bin/mkdir -p /usr/local/lib/modernish/mdl/_IN[m
- Installed: /usr/local/lib/modernish/mdl/_IN/sig.mm
- Installed: /usr/local/lib/modernish/mdl/_IN/opt.mm
[m[33m[(B[m[31mmkdir(B[m[33m]> (B[m[34m[1m/bin/mkdir -p /usr/local/lib/modernish/mdl/sys/term(B[m
- Installed: /usr/local/lib/modernish/mdl/sys/term/readkey.mm
- Installed: /usr/local/lib/modernish/mdl/sys/term/putr.mm
[m[33m[(B[m[31mmkdir(B[m[33m]> (B[m[34m[1m/bin/mkdir -p /usr/local/lib/modernish/mdl/sys/cmd(B[m
- Installed: /usr/local/lib/modernish/mdl/sys/cmd/procsubst.mm
- Installed: /usr/local/lib/modernish/mdl/sys/cmd/source.mm
- Installed: /usr/local/lib/modernish/mdl/sys/cmd/harden.mm
- Installed: /usr/local/lib/modernish/mdl/sys/cmd/mapr.mm
- Installed: /usr/local/lib/modernish/mdl/sys/cmd/extern.mm
[m[33m[(B[m[31mmkdir(B[m[33m]> (B[m[34m[1m/bin/mkdir -p /usr/local/lib/modernish/mdl/sys/base(B[m
- Installed: /usr/local/lib/modernish/mdl/sys/base/which.mm
- Installed: /usr/local/lib/modernish/mdl/sys/base/tac.mm
- Installed: /usr/local/lib/modernish/mdl/sys/base/rev.mm
- Installed: /usr/local/lib/modernish/mdl/sys/base/readlink.mm
- Installed: /usr/local/lib/modernish/mdl/sys/base/mktemp.mm
- Installed: /usr/local/lib/modernish/mdl/sys/base/shuf.mm
- Installed: /usr/local/lib/modernish/mdl/sys/base/seq.mm
- Installed: /usr/local/lib/modernish/mdl/sys/base/yes.mm
[m[33m[(B[m[31mmkdir(B[m[33m]> (B[m[34m[1m/bin/mkdir -p /usr/local/lib/modernish/mdl/sys/dir(B[m
- Installed: /usr/local/lib/modernish/mdl/sys/dir/countfiles.mm
- Installed: /usr/local/lib/modernish/mdl/sys/dir/mkcd.mm
[m[33m[(B[m[31mmkdir(B[m[33m]> (B[m[34m[1m/bin/mkdir -p /usr/local/lib/modernish/mdl/var(B[m
- Installed: /usr/local/lib/modernish/mdl/var/local.mm
- Installed: /usr/local/lib/modernish/mdl/var/genoptparser.mm
[m[33m[(B[m[31mmkdir(B[m[33m]> (B[m[34m[1m/bin/mkdir -p /usr/local/lib/modernish/mdl/var/stack/extra(B[m
- Installed: /usr/local/lib/modernish/mdl/var/stack/extra/stacksize.mm
- Installed: /usr/local/lib/modernish/mdl/var/stack/extra/clearstack.mm
- Installed: /usr/local/lib/modernish/mdl/var/stack/extra/printstack.mm
- Installed: /usr/local/lib/modernish/mdl/var/stack/extra/stackempty.mm
- Installed: /usr/local/lib/modernish/mdl/var/stack/trap.mm
[m[33m[(B[m[31mmkdir(B[m[33m]> (B[m[34m[1m/bin/mkdir -p /usr/local/lib/modernish/mdl/var/arith(B[m
- Installed: /usr/local/lib/modernish/mdl/var/arith/cmp.mm
- Installed: /usr/local/lib/modernish/mdl/var/arith/ops.mm
- Installed: /usr/local/lib/modernish/mdl/var/readf.mm
- Installed: /usr/local/lib/modernish/mdl/var/loop.mm
[m[33m[(B[m[31mmkdir(B[m[33m]> (B[m[34m[1m/bin/mkdir -p /usr/local/lib/modernish/mdl/var/string(B[m
- Installed: /usr/local/lib/modernish/mdl/var/string/trim.mm
- Installed: /usr/local/lib/modernish/mdl/var/string/append.mm
- Installed: /usr/local/lib/modernish/mdl/var/string/touplow.mm
- Installed: /usr/local/lib/modernish/mdl/var/string/replacein.mm
- Installed: /usr/local/lib/modernish/mdl/var/shellquote.mm
- Installed: /usr/local/lib/modernish/mdl/var/mapr.mm
- Installed: /usr/local/lib/modernish/mdl/var/unexport.mm
- Installed: /usr/local/lib/modernish/mdl/var/assign.mm
[m[33m[(B[m[31mmkdir(B[m[33m]> (B[m[34m[1m/bin/mkdir -p /usr/local/lib/modernish/mdl/var/loop(B[m
- Installed: /usr/local/lib/modernish/mdl/var/loop/select.mm
- Installed: /usr/local/lib/modernish/mdl/var/loop/for.mm
- Installed: /usr/local/lib/modernish/mdl/var/loop/find.mm
- Installed: /usr/local/lib/modernish/mdl/var/loop/repeat.mm
[m[33m[(B[m[31mmkdir(B[m[33m]> (B[m[34m[1m/bin/mkdir -p /usr/local/lib/modernish/adj(B[m
- Installed: /usr/local/lib/modernish/adj/ematch.awk (hashbang path: /usr/bin/awk -f)
- Installed: /usr/local/lib/modernish/adj/id.sh
- Installed: /usr/local/lib/modernish/adj/fatal.sh
[m[33m[(B[m[31mmkdir(B[m[33m]> (B[m[34m[1m/bin/mkdir -p /usr/local/lib/modernish/adj/sys/cmd(B[m
- Installed: /usr/local/lib/modernish/adj/sys/cmd/mapr.awk
[m[33m[(B[m[31mmkdir(B[m[33m]> (B[m[34m[1m/bin/mkdir -p /usr/local/lib/modernish/adj/sys/base(B[m
- Installed: /usr/local/lib/modernish/adj/sys/base/tac.awk
- Installed: /usr/local/lib/modernish/adj/std.sh
[m[33m[(B[m[31mmkdir(B[m[33m]> (B[m[34m[1m/bin/mkdir -p /usr/local/lib/modernish/adj/var/loop(B[m
- Installed: /usr/local/lib/modernish/adj/var/loop/find-ask.sh
- Installed: /usr/local/lib/modernish/adj/var/loop/find.awk
- Installed: /usr/local/lib/modernish/adj/var/loop/find.sh
- Installed: /usr/local/lib/modernish/adj/var/loop/find-path.sh
- Installed: /usr/local/lib/modernish/adj/var/loop/find-exec.sh
- Installed: /usr/local/lib/modernish/adj/var/loop/find-ok.sh
[m[33m[(B[m[31mmkdir(B[m[33m]> (B[m[34m[1m/bin/mkdir -p /usr/local/lib/modernish/adj/cap(B[m
- Installed: /usr/local/lib/modernish/adj/cap/BUG_TRAPFNEXI.sh
- Installed: /usr/local/lib/modernish/adj/cap/DOTARG.sh
- Installed: /usr/local/lib/modernish/adj/cap/BUG_LNNONEG.sh
- Installed: /usr/local/lib/modernish/adj/cap/BUG_LOOPRET3.sh
[m[33m[(B[m[31mmkdir(B[m[33m]> (B[m[34m[1m/bin/mkdir -p /usr/local/lib/modernish/tst(B[m
- Installed: /usr/local/lib/modernish/tst/local.t
- Installed: /usr/local/lib/modernish/tst/io.t
- Installed: /usr/local/lib/modernish/tst/run.sh
- Installed: /usr/local/lib/modernish/tst/var.t
- Installed: /usr/local/lib/modernish/tst/trap.t
- Installed: /usr/local/lib/modernish/tst/@sanitychecks.t
- Installed: /usr/local/lib/modernish/tst/is.t
- Installed: /usr/local/lib/modernish/tst/match.t
- Installed: /usr/local/lib/modernish/tst/builtin.t
- Installed: /usr/local/lib/modernish/tst/arith.t
- Installed: /usr/local/lib/modernish/tst/stack.t
- Installed: /usr/local/lib/modernish/tst/isset.t
- Installed: /usr/local/lib/modernish/tst/sys.t
- Installed: /usr/local/lib/modernish/tst/string.t
- Installed: /usr/local/lib/modernish/tst/posparam_spc.t
- Installed: /usr/local/lib/modernish/tst/shellquote.t
- Installed: /usr/local/lib/modernish/tst/loop_cond.t
- Installed: /usr/local/lib/modernish/tst/posparam.t
- Installed: /usr/local/lib/modernish/tst/process.t
[m[33m[(B[m[31mmkdir(B[m[33m]> (B[m[34m[1m/bin/mkdir -p /usr/local/lib/modernish/cap(B[m
- Installed: /usr/local/lib/modernish/cap/BUG_SHIFTERR0.t
- Installed: /usr/local/lib/modernish/cap/QRK_FNRDREXIT.t
- Installed: /usr/local/lib/modernish/cap/QRK_IFSFINAL.t
- Installed: /usr/local/lib/modernish/cap/BUG_SETOUTVAR.t
- Installed: /usr/local/lib/modernish/cap/BUG_PUTIOERR.t
- Installed: /usr/local/lib/modernish/cap/BUG_CSUBSTDO.t
- Installed: /usr/local/lib/modernish/cap/README.md
- Installed: /usr/local/lib/modernish/cap/BUG_READWHSP.t
- Installed: /usr/local/lib/modernish/cap/BUG_PP_10.t
- Installed: /usr/local/lib/modernish/cap/BUG_PP_1ARG.t
- Installed: /usr/local/lib/modernish/cap/TESTO.t
- Installed: /usr/local/lib/modernish/cap/DOTARG.t
- Installed: /usr/local/lib/modernish/cap/BUG_IFSGLOBC.t
- Installed: /usr/local/lib/modernish/cap/BUG_REDIRPOS.t
- Installed: /usr/local/lib/modernish/cap/ROFUNC.t
- Installed: /usr/local/lib/modernish/cap/QRK_ARITHWHSP.t
- Installed: /usr/local/lib/modernish/cap/NONFORKSUBSH.t
- Installed: /usr/local/lib/modernish/cap/BUG_ASGNLOCAL.t
- Installed: /usr/local/lib/modernish/cap/BUG_ZSHNAMES2.t
- Installed: /usr/local/lib/modernish/cap/BUG_FORLOCAL.t
- Installed: /usr/local/lib/modernish/cap/BUG_TRAPRETIR.t
- Installed: /usr/local/lib/modernish/cap/BUG_PP_08.t
- Installed: /usr/local/lib/modernish/cap/BUG_PSUBASNCC.t
- Installed: /usr/local/lib/modernish/cap/ADDASSIGN.t
- Installed: /usr/local/lib/modernish/cap/BUG_NOEXPRO.t
- Installed: /usr/local/lib/modernish/cap/ARITHPP.t
- Installed: /usr/local/lib/modernish/cap/BUG_PP_03A.t
- Installed: /usr/local/lib/modernish/cap/BUG_KUNSETIFS.t
- Installed: /usr/local/lib/modernish/cap/BUG_PSUBSQHD.t
- Installed: /usr/local/lib/modernish/cap/BUG_ARITHSPLT.t
- Installed: /usr/local/lib/modernish/cap/KSH88FUNC.t
- Installed: /usr/local/lib/modernish/cap/BUG_CMDPV.t
- Installed: /usr/local/lib/modernish/cap/QRK_LOCALUNS2.t
- Installed: /usr/local/lib/modernish/cap/BUG_TRAPEMPT.t
- Installed: /usr/local/lib/modernish/cap/BUG_CMDOPTEXP.t
- Installed: /usr/local/lib/modernish/cap/BUG_TESTILNUM.t
- Installed: /usr/local/lib/modernish/cap/BUG_PSUBNEWLN.t
- Installed: /usr/local/lib/modernish/cap/BUG_TRAPFNEXI.t
- Installed: /usr/local/lib/modernish/cap/BUG_CMDEXEC.t
- Installed: /usr/local/lib/modernish/cap/BUG_UNSETUNXP.t
- Installed: /usr/local/lib/modernish/cap/BUG_PSUBBKSL1.t
- Installed: /usr/local/lib/modernish/cap/QRK_ANDORBG.t
- Installed: /usr/local/lib/modernish/cap/ANONFUNC.t
- Installed: /usr/local/lib/modernish/cap/WRN_NOSIGPIPE.t
- Installed: /usr/local/lib/modernish/cap/BUG_ZSHNAMES.t
- Installed: /usr/local/lib/modernish/cap/QRK_BCDANGER.t
- Installed: /usr/local/lib/modernish/cap/BUG_LOOPRET1.t
- Installed: /usr/local/lib/modernish/cap/BUG_DOLRCSUB.t
- Installed: /usr/local/lib/modernish/cap/BUG_DEVTTY.t
- Installed: /usr/local/lib/modernish/cap/BUG_ARITHNAN.t
- Installed: /usr/local/lib/modernish/cap/BUG_PP_07A.t
- Installed: /usr/local/lib/modernish/cap/QRK_ARITHEMPT.t
- Installed: /usr/local/lib/modernish/cap/BUG_PP_05.t
- Installed: /usr/local/lib/modernish/cap/QRK_OPTABBR.t
- Installed: /usr/local/lib/modernish/cap/BUG_IFSISSET.t
- Installed: /usr/local/lib/modernish/cap/BUG_BRACQUOT.t
- Installed: /usr/local/lib/modernish/cap/BUG_TRAPEXIT.t
- Installed: /usr/local/lib/modernish/cap/BUG_PP_04_S.t
- Installed: /usr/local/lib/modernish/cap/VARPREFIX.t
- Installed: /usr/local/lib/modernish/cap/BUG_CASELIT.t
- Installed: /usr/local/lib/modernish/cap/BUG_SCLOSEDFD.t
- Installed: /usr/local/lib/modernish/cap/PRINTFV.t
- Installed: /usr/local/lib/modernish/cap/BUG_IFSCC01PP.t
- Installed: /usr/local/lib/modernish/cap/BUG_PP_03B.t
- Installed: /usr/local/lib/modernish/cap/BUG_PSUBEMPT.t
- Installed: /usr/local/lib/modernish/cap/BUG_OPTNOLOG.t
- Installed: /usr/local/lib/modernish/cap/BUG_PP_07.t
- Installed: /usr/local/lib/modernish/cap/QRK_LOCALUNS.t
- Installed: /usr/local/lib/modernish/cap/WRN_EREMBYTE.t
- Installed: /usr/local/lib/modernish/cap/BUG_CMDSPASGN.t
- Installed: /usr/local/lib/modernish/cap/QRK_SPCBIXP.t
- Installed: /usr/local/lib/modernish/cap/BUG_KBGPID.t
- Installed: /usr/local/lib/modernish/cap/HERESTR.t
- Installed: /usr/local/lib/modernish/cap/BUG_PP_01.t
- Installed: /usr/local/lib/modernish/cap/KSHARRAY.t
- Installed: /usr/local/lib/modernish/cap/BUG_CMDSETPP.t
- Installed: /usr/local/lib/modernish/cap/BUG_PP_03C.t
- Installed: /usr/local/lib/modernish/cap/QRK_OPTDASH.t
- Installed: /usr/local/lib/modernish/cap/BUG_ISSETLOOP.t
- Installed: /usr/local/lib/modernish/cap/BUG_SPCBILOC.t
- Installed: /usr/local/lib/modernish/cap/TRAPPRSUBSH.t
- Installed: /usr/local/lib/modernish/cap/KSH93FUNC.t
- Installed: /usr/local/lib/modernish/cap/QRK_GLOBDOTS.t
- Installed: /usr/local/lib/modernish/cap/BUG_LOOPRET3.t
- Installed: /usr/local/lib/modernish/cap/ARITHCMD.t
- Installed: /usr/local/lib/modernish/cap/BUG_DQGLOB.t
- Installed: /usr/local/lib/modernish/cap/BUG_LNNONEG.t
- Installed: /usr/local/lib/modernish/cap/BUG_CDPCANON.t
- Installed: /usr/local/lib/modernish/cap/TESTERE.t
- Installed: /usr/local/lib/modernish/cap/BUG_MULTIBIFS.t
- Installed: /usr/local/lib/modernish/cap/QRK_EVALNOOPT.t
- Installed: /usr/local/lib/modernish/cap/BUG_ASGNCC01.t
- Installed: /usr/local/lib/modernish/cap/LEPIPEMAIN.t
- Installed: /usr/local/lib/modernish/cap/BUG_PP_04E.t
- Installed: /usr/local/lib/modernish/cap/BUG_LOOPRET2.t
- Installed: /usr/local/lib/modernish/cap/BUG_PSUBIFSNW.t
- Installed: /usr/local/lib/modernish/cap/BUG_CMDSPEXIT.t
- Installed: /usr/local/lib/modernish/cap/BUG_REDIRIO.t
- Installed: /usr/local/lib/modernish/cap/BUG_CSUBBTQUOT.t
- Installed: /usr/local/lib/modernish/cap/BUG_PP_02.t
- Installed: /usr/local/lib/modernish/cap/PSREPLACE.t
- Installed: /usr/local/lib/modernish/cap/BUG_PSUBEMIFS.t
- Installed: /usr/local/lib/modernish/cap/BUG_PP_06A.t
- Installed: /usr/local/lib/modernish/cap/DBLBRACKETV.t
- Installed: /usr/local/lib/modernish/cap/QRK_UNSETF.t
- Installed: /usr/local/lib/modernish/cap/QRK_OPTCASE.t
- Installed: /usr/local/lib/modernish/cap/RANDOM.t
- Installed: /usr/local/lib/modernish/cap/BUG_TESTERR1A.t
- Installed: /usr/local/lib/modernish/cap/BUG_IFSGLOBP.t
- Installed: /usr/local/lib/modernish/cap/BUG_EXPORTUNS.t
- Installed: /usr/local/lib/modernish/cap/CESCQUOT.t
- Installed: /usr/local/lib/modernish/cap/BUG_ALIASPOSX.t
- Installed: /usr/local/lib/modernish/cap/BUG_CASEEMPT.t
- Installed: /usr/local/lib/modernish/cap/BUG_TRAPUNSRE.t
- Installed: /usr/local/lib/modernish/cap/QRK_HDPARQUOT.t
- Installed: /usr/local/lib/modernish/cap/BUG_HDOCMASK.t
- Installed: /usr/local/lib/modernish/cap/BUG_PSUBSQUOT.t
- Installed: /usr/local/lib/modernish/cap/QRK_PPIPEMAIN.t
- Installed: /usr/local/lib/modernish/cap/QRK_LOCALINH.t
- Installed: /usr/local/lib/modernish/cap/BUG_PP_08B.t
- Installed: /usr/local/lib/modernish/cap/QRK_EXECFNBI.t
- Installed: /usr/local/lib/modernish/cap/BUG_FNSUBSH.t
- Installed: /usr/local/lib/modernish/cap/PROCSUBST.t
- Installed: /usr/local/lib/modernish/cap/DBLBRACKET.t
- Installed: /usr/local/lib/modernish/cap/BUG_CSNHDBKSL.t
- Installed: /usr/local/lib/modernish/cap/BUG_ARITHINIT.t
- Installed: /usr/local/lib/modernish/cap/BUG_HDOCBKSL.t
- Installed: /usr/local/lib/modernish/cap/BUG_GETOPTSMA.t
- Installed: /usr/local/lib/modernish/cap/BUG_CASESTAT.t
- Installed: /usr/local/lib/modernish/cap/BUG_ALIASCSHD.t
- Installed: /usr/local/lib/modernish/cap/BUG_CSUBRMLF.t
- Installed: /usr/local/lib/modernish/cap/QRK_LOCALSET.t
- Installed: /usr/local/lib/modernish/cap/BUG_PP_MDIGIT.t
- Installed: /usr/local/lib/modernish/cap/BUG_CSUBLNCONT.t
- Installed: /usr/local/lib/modernish/cap/QRK_EMPTPPWRD.t
- Installed: /usr/local/lib/modernish/cap/BUG_CASEPAREN.t
- Installed: /usr/local/lib/modernish/cap/BUG_PP_09.t
- Installed: /usr/local/lib/modernish/cap/QRK_OPTULINE.t
- Installed: /usr/local/lib/modernish/cap/QRK_EMPTPPFLD.t
- Installed: /usr/local/lib/modernish/cap/QRK_OPTNOPRFX.t
- Installed: /usr/local/lib/modernish/cap/BUG_ARITHLNNO.t
- Installed: /usr/local/lib/modernish/cap/BUG_IFSGLOBS.t
- Installed: /usr/local/lib/modernish/cap/BUG_PP_10A.t
- Installed: /usr/local/lib/modernish/cap/DBLBRACKETERE.t
- Installed: /usr/local/lib/modernish/cap/BUG_TRAPSUB0.t
- Installed: /usr/local/lib/modernish/cap/BUG_CDNOLOGIC.t
- Installed: /usr/local/lib/modernish/cap/QRK_32BIT.t
- Installed: /usr/local/lib/modernish/cap/BUG_VARPREFIX.t
- Installed: /usr/local/lib/modernish/cap/LINENO.t
- Installed: /usr/local/lib/modernish/cap/ARITHFOR.t
- Installed: /usr/local/lib/modernish/cap/WRN_MULTIBYTE.t
- Installed: /usr/local/lib/modernish/cap/BUG_NOCHCLASS.t
- Installed: /usr/local/lib/modernish/cap/PROCREDIR.t
- Installed: /usr/local/lib/modernish/cap/BUG_TESTONEG.t
- Installed: /usr/local/lib/modernish/cap/QRK_LOCALSET2.t
- Installed: /usr/local/lib/modernish/cap/BUG_PP_03.t
- Installed: /usr/local/lib/modernish/cap/TRAPZERR.t
- Installed: /usr/local/lib/modernish/cap/BUG_CMDEXPAN.t
- Installed: /usr/local/lib/modernish/cap/LOCALVARS.t
- Installed: /usr/local/lib/modernish/cap/BUG_PP_04A.t
[m[33m[(B[m[31mmkdir(B[m[33m]> (B[m[34m[1m/bin/mkdir -p /usr/local/share/doc/modernish/utils(B[m
- Installed: /usr/local/share/doc/modernish/utils/git-restore-timestamps.sh (hashbang path: /usr/bin/env modernish)
- Installed: /usr/local/share/doc/modernish/utils/README
- Installed: /usr/local/share/doc/modernish/utils/testshells.sh (hashbang path: /usr/bin/env modernish)
- Installed: /usr/local/share/doc/modernish/utils/mktoc.sh (hashbang path: /usr/bin/env modernish)
- Installed: /usr/local/share/doc/modernish/utils/modules-unalias-update.sh (hashbang path: /usr/bin/env modernish)
- Installed: /usr/local/share/doc/modernish/utils/showTODO.sh (hashbang path: /usr/bin/env modernish)
- Installed: /usr/local/share/doc/modernish/utils/bundle-diff-update.sh (hashbang path: /usr/bin/env modernish)
- Installed: /usr/local/share/doc/modernish/CODINGSTYLE
[m[33m[(B[m[31mmkdir(B[m[33m]> (B[m[34m[1m/bin/mkdir -p /usr/local/share/doc/modernish/examples(B[m
- Installed: /usr/local/share/doc/modernish/examples/dice.sh (hashbang path: /usr/bin/env modernish)
- Installed: /usr/local/share/doc/modernish/examples/copy-timestamps.sh (hashbang path: /usr/bin/env modernish)
- Installed: /usr/local/share/doc/modernish/examples/README
- Installed: /usr/local/share/doc/modernish/examples/get-firefox.sh (hashbang path: /usr/bin/env modernish)
- Installed: /usr/local/share/doc/modernish/examples/sort-music.sh (hashbang path: /usr/bin/env modernish)
[m[33m[(B[m[31mmkdir(B[m[33m]> (B[m[34m[1m/bin/mkdir -p /usr/local/share/doc/modernish/examples/resurrectjoe(B[m
- Installed: /usr/local/share/doc/modernish/examples/resurrectjoe/resurrectjoe.sh (hashbang path: /usr/bin/env modernish)
- Installed: /usr/local/share/doc/modernish/examples/resurrectjoe/SAMPLE_DEADJOE
- Installed: /usr/local/share/doc/modernish/examples/procsubst.sh (hashbang path: /usr/bin/env modernish)
- Installed: /usr/local/share/doc/modernish/examples/morse.sh (hashbang path: /usr/bin/env modernish)
- Installed: /usr/local/share/doc/modernish/examples/findloop.sh (hashbang path: /usr/bin/env modernish)
[m[33m[(B[m[31mmkdir(B[m[33m]> (B[m[34m[1m/bin/mkdir -p /usr/local/share/doc/modernish/tests(B[m
- Installed: /usr/local/share/doc/modernish/tests/die-bg-test.sh (hashbang path: /usr/bin/env modernish)
- Installed: /usr/local/share/doc/modernish/tests/README
- Installed: /usr/local/share/doc/modernish/tests/local-test.sh (hashbang path: /usr/bin/env modernish)
- Installed: /usr/local/share/doc/modernish/tests/harden-test.sh (hashbang path: /usr/bin/env modernish)
- Installed: /usr/local/share/doc/modernish/tests/shellquote-test.sh (hashbang path: /usr/bin/env modernish)
- Installed: /usr/local/share/doc/modernish/tests/mktemp-stresstest.sh (hashbang path: /usr/bin/env modernish)
- Installed: /usr/local/share/doc/modernish/HELP
- Installed: /usr/local/share/doc/modernish/DESIGN.md
- Installed: /usr/local/share/doc/modernish/LICENSE

Modernish 0.17.23-dev installed successfully with default shell /usr/local/lib/modernish/bin/sh.
Be sure /usr/local/bin is in your $PATH before starting.
