Relaunching install.sh with /usr/bin/mksh...
+ [236.041446s|P2861,L44,e0] ulimit -c 0
+ [236.041530s|P2861,L47,e0] IFS= 
+ [236.041582s|P2861,L47,e0] set +e -fCu
+ [236.041646s|P2861,L54,e0] eval $': || $( : # "\n)'
+ [236.041697s|P2861,L54,e0] :
+ [236.041753s|P2861,L59,e0] eval $': || for i;\ndo :; done'
+ [236.041874s|P2861,L59,e0] :
+ [236.041996s|P2861,L77,e0] t=ok 
+ [236.042085s|P2861,L78,e0] t=bug command -@
/opt/clones/modernish/install.sh: /opt/clones/modernish/lib/modernish/adj/fatal.sh[78]: command: -@: unknown option
+ [236.042273s|P2861,L87,e0] :
+ [236.042434s|P2861,L113,e0] PATH=/dev/null 
+ [236.042551s|P2861,L113,e0] >/dev/null 
+ [236.042656s|P2861,L114,e0] t=x 
+ [236.042742s|P2861,L115,e0] command -v unset
+ [236.042826s|P2861,L116,e0] command -V unset
+ [236.042910s|P2861,L117,e0] command -v if
+ [236.042994s|P2861,L118,e0] unset t
+ [236.043089s|P2861,L121,e0] PATH=/bin:/usr/bin 
+ [236.043189s|P2861,L125,e0] readonly $'CC01=\001' 'CC7F=' 'RO=ok'
+ [236.043305s|P2861,L132,e0] RO1=1 RO2=2 RO3=3 
+ [236.043400s|P2861,L133,e0] readonly RO1 RO2 RO3
+ [236.043731s|P2861,L137,e0] set +o braceexpand
+ [236.043870s|P2861,L138,e0] >|/dev/null 
+ [236.043964s|P2861,L138,e0] PATH=/dev/null command -v typeset
+ [236.044060s|P2861,L138,e0] typeset -@ foo
/opt/clones/modernish/install.sh: /opt/clones/modernish/lib/modernish/adj/fatal.sh[138]: typeset: -@: unknown option
+ [236.044207s|P2861,L139,e1] unset -v RO1 RO2 RO3
/opt/clones/modernish/install.sh: /opt/clones/modernish/lib/modernish/adj/fatal.sh[139]: read-only: RO1
/opt/clones/modernish/install.sh: /opt/clones/modernish/lib/modernish/adj/fatal.sh[139]: read-only: RO2
/opt/clones/modernish/install.sh: /opt/clones/modernish/lib/modernish/adj/fatal.sh[139]: read-only: RO3
+ [236.044383s|P2861,L142,e1] alias 'test=test'
+ [236.044448s|P2861,L146,e0] alias 'fn=:'
+ [236.044505s|P2861,L147,e0] eval fn
+ [236.044551s|P2861,L147,e0] :
+ [236.044608s|P2861,L150,e0] unalias -a
+ [236.044674s|P2861,L153,e0] unset -f echo
+ [236.044759s|P2861,L156,e0] kill -s 0 2849
+ [236.045138s|P2862,L164,e0] eval '('
/opt/clones/modernish/install.sh: syntax error: unmatched '('
+ [236.045533s|P2861,L170,e0] fn
+ [236.045580s|P2861,L169,e0] :
+ [236.045619s|P2861,L169,e0] eval 'return 0'
+ [236.045666s|P2861,L169,e0] return 0
+ [236.045746s|P2861,L180,e0] eval $'command continue\n\t\texit'
+ [236.045792s|P2861,L180,e0] continue
+ [236.045850s|P2861,L184,e0] eval $'command break\n\t\texit'
+ [236.045896s|P2861,L184,e0] break
+ [236.045962s|P2861,L196,e0] unset -v FTL_UNSETFAIL_D7CDE27B_C03A_4B45_8050_30A9292BDE74
+ [236.046046s|P2861,L204,e0] unset -f FTL_UNSFNFAIL_574C63CD_8D52_4DCF_AD22_00B9AC29AFF7
+ [236.046113s|P2861,L209,e0] test foo '=~' bar
/opt/clones/modernish/install.sh: /opt/clones/modernish/lib/modernish/adj/fatal.sh[209]: test: =~: unexpected operator/operand
+ [236.046193s|P2861,L213,e2] test 123 -eq 1XX
/opt/clones/modernish/install.sh: /opt/clones/modernish/lib/modernish/adj/fatal.sh[213]: 1XX: bad number '1XX'
+ [236.046277s|P2861,L216,e2] >/dev/null 
+ [236.046336s|P2861,L216,e2] PATH=/dev/null command -v let
+ [236.046386s|P2861,L216,e0] let --
/opt/clones/modernish/install.sh: /opt/clones/modernish/lib/modernish/adj/fatal.sh[216]: --: -- requires lvalue
+ [236.046459s|P2861,L223,e2] set -- '   \on\e' '\tw'\''o' ' \th\'\''re\e' ' \'\''fo\u\r '
+ [236.046497s|P2861,L224,e0] IFS= 
+ [236.046541s|P2861,L225,e0] set -- '   \on\e' '\tw'\''o' ' \th\'\''re\e' ' \'\''fo\u\r '
+ [236.046632s|P2861,L243,e0] set -u --
+ [236.046677s|P2861,L243,e0] set --
+ [236.046713s|P2861,L243,e0] t= 
+ [236.046765s|P2861,L247,e0] t='1 2 3' 
+ [236.046812s|P2861,L248,e0] IFS='x ' 
+ [236.046857s|P2861,L249,e0] t='1 2 3 4 5' 
+ [236.046903s|P2861,L250,e0] IFS= 
+ [236.046982s|P2861,L263,e0] t=barbarfoo 
+ [236.047053s|P2861,L272,e0] t='a${t2=BUG}' 
+ [236.047100s|P2861,L273,e0] unset -v t2
+ [236.047144s|P2861,L274,e0] t=a 
+ [236.047225s|P2861,L282,e0] t=abcdefghij 
+ [236.047263s|P2861,L283,e0] t2=efg 
+ [236.047331s|P2861,L291,e0] t= 
+ [236.047411s|P2861,L299,e0] set ' foo -> bar' foo
+ [236.047478s|P2861,L307,e0] t=2849 
+ [236.047552s|P2861,L315,e0] t=$'ok\001\177ok' 
+ [236.047684s|P2861,L342,e0] t='  ::  \on\e :\tw'\''o \th\'\''re\e :\\'\''fo\u\r:   : :  ' 
+ [236.047731s|P2861,L343,e0] IFS=': ' 
+ [236.047785s|P2861,L344,e0] set --   '\on\e' '\tw'\''o' '\th\'\''re\e' '\\'\''fo\u\r'  
+ [236.047833s|P2861,L345,e0] IFS= 
+ [236.047881s|P2861,L346,e0] t='8,,,\on\e,\tw'\''o,\th\'\''re\e,\\'\''fo\u\r,,,U,U,U,U' 
+ [236.047994s|P2861,L359,e0] IFS=/ 
+ [236.048040s|P2861,L360,e0] set -- /root
+ [236.048085s|P2861,L361,e0] IFS= 
+ [236.048151s|P2861,L372,e0] i=7 
+ [236.048191s|P2861,L373,e0] j=0 
+ [236.048318s|P2861,L398,e0] unset -v t2
+ [236.048367s|P2861,L399,e0] >/dev/null 
+ [236.048424s|P2861,L399,e0] command -v typeset
+ [236.048472s|P2861,L399,e0] typeset -i t2
+ [236.048511s|P2861,L400,e0] t2=1000005 
+ [236.048554s|P2861,L401,e0] t='foo\bar' 
+ [236.048600s|P2861,L402,e0] : 1000005
+ [236.048669s|P2861,L407,e0] unset -v t2
+ [236.048720s|P2861,L414,e0] unset -v t
+ [236.048780s|P2861,L415,e0] : 1
+ [236.048818s|P2861,L416,e0] t=128/32 
+ [236.048893s|P2861,L427,e0] eval $'case \047ab\001c\177d\047 in\n( \\a\\b\\\001\\c\\\177\\d ) ;;\n( * )\texit ;;\nesac'
+ [236.048958s|P2861,L435,e0] _Msh_test_1234=x 
+ [236.049029s|P2861,L448,e0] t='ab]cd' 
+ [236.049168s|P2861,L479,e0] set -- '\'
+ [236.049235s|P2861,L488,e0] t= 
+ [236.049351s|P2861,L511,e0] set -C
+ [236.049401s|P2861,L512,e0] >/dev/null 
+ [236.049458s|P2861,L512,e0] :
+ [236.049535s|P2861,L519,e0] 5<&- 
+ [236.049575s|P2861,L519,e0] fn
+ [236.049620s|P2861,L519,e0] 5</dev/null 
+ [236.049670s|P2861,L517,e0] <&5 
+ [236.049713s|P2861,L517,e0] :
+ [236.049785s|P2861,L529,e0] t=0 
+ [236.049895s|P2861,L549,e0] trap 'echo $PPID' 0
+ [236.049970s|P2861,L549,e0] echo 2843
var/loop/find:	Warning: using non-POSIX-compliant '/usr/bin/find'.
		Performance will degrade and breakage cannot be ruled out.
		Recommend installing sfind or GNU find somewhere in $PATH.
+ ulimit -c 0
+ IFS= 
+ set +e -fCu
+ eval $': || $( : # "\n)'
+ :
+ eval $': || for i;\ndo :; done'
+ :
+ t=ok 
+ t=bug command -@
/usr/bin/mksh: /opt/clones/modernish/lib/modernish/adj/fatal.sh[78]: command: -@: unknown option
+ :
+ PATH=/dev/null 
+ >/dev/null 
+ t=x 
+ command -v unset
+ command -V unset
+ command -v if
+ unset t
+ PATH=/bin:/usr/bin 
+ readonly $'CC01=\001' 'CC7F=' 'RO=ok'
+ RO1=1 RO2=2 RO3=3 
+ readonly RO1 RO2 RO3
+ set +o braceexpand
+ >|/dev/null 
+ PATH=/dev/null command -v typeset
+ typeset -@ foo
/usr/bin/mksh: /opt/clones/modernish/lib/modernish/adj/fatal.sh[138]: typeset: -@: unknown option
+ unset -v RO1 RO2 RO3
/usr/bin/mksh: /opt/clones/modernish/lib/modernish/adj/fatal.sh[139]: read-only: RO1
/usr/bin/mksh: /opt/clones/modernish/lib/modernish/adj/fatal.sh[139]: read-only: RO2
/usr/bin/mksh: /opt/clones/modernish/lib/modernish/adj/fatal.sh[139]: read-only: RO3
+ alias 'test=test'
+ alias 'fn=:'
+ eval fn
+ :
+ unalias -a
+ unset -f echo
+ kill -s 0 2955
+ eval '('
/usr/bin/mksh: syntax error: unmatched '('
+ fn
+ :
+ eval 'return 0'
+ return 0
+ eval $'command continue\n\t\texit'
+ continue
+ eval $'command break\n\t\texit'
+ break
+ unset -v FTL_UNSETFAIL_D7CDE27B_C03A_4B45_8050_30A9292BDE74
+ unset -f FTL_UNSFNFAIL_574C63CD_8D52_4DCF_AD22_00B9AC29AFF7
+ test foo '=~' bar
/usr/bin/mksh: /opt/clones/modernish/lib/modernish/adj/fatal.sh[209]: test: =~: unexpected operator/operand
+ test 123 -eq 1XX
/usr/bin/mksh: /opt/clones/modernish/lib/modernish/adj/fatal.sh[213]: 1XX: bad number '1XX'
+ >/dev/null 
+ PATH=/dev/null command -v let
+ let --
/usr/bin/mksh: /opt/clones/modernish/lib/modernish/adj/fatal.sh[216]: --: -- requires lvalue
+ set -- '   \on\e' '\tw'\''o' ' \th\'\''re\e' ' \'\''fo\u\r '
+ IFS= 
+ set -- '   \on\e' '\tw'\''o' ' \th\'\''re\e' ' \'\''fo\u\r '
+ set -u --
+ set --
+ t= 
+ t='1 2 3' 
+ IFS='x ' 
+ t='1 2 3 4 5' 
+ IFS= 
+ t=barbarfoo 
+ t='a${t2=BUG}' 
+ unset -v t2
+ t=a 
+ t=abcdefghij 
+ t2=efg 
+ t= 
+ set ' foo -> bar' foo
+ t=2955 
+ t=$'ok\001\177ok' 
+ t='  ::  \on\e :\tw'\''o \th\'\''re\e :\\'\''fo\u\r:   : :  ' 
+ IFS=': ' 
+ set --   '\on\e' '\tw'\''o' '\th\'\''re\e' '\\'\''fo\u\r'  
+ IFS= 
+ t='8,,,\on\e,\tw'\''o,\th\'\''re\e,\\'\''fo\u\r,,,U,U,U,U' 
+ IFS=/ 
+ set -- /root
+ IFS= 
+ i=7 
+ j=0 
+ unset -v t2
+ >/dev/null 
+ command -v typeset
+ typeset -i t2
+ t2=1000005 
+ t='foo\bar' 
+ : 1000005
+ unset -v t2
+ unset -v t
+ : 1
+ t=128/32 
+ eval $'case \047ab\001c\177d\047 in\n( \\a\\b\\\001\\c\\\177\\d ) ;;\n( * )\texit ;;\nesac'
+ _Msh_test_1234=x 
+ t='ab]cd' 
+ set -- '\'
+ t= 
+ set -C
+ >/dev/null 
+ :
+ 5<&- 
+ fn
+ 5</dev/null 
+ <&5 
+ :
+ t=0 
+ trap 'echo $PPID' 0
+ echo 2849
* Modernish version 0.17.23-dev, now running on /usr/bin/mksh.
* This shell identifies itself as mksh version R56 2018/01/14.
  Modernish detected the following bugs, quirks and/or extra features on it:
  ADDASSIGN	  BUG_PSUBIFSNW   DBLBRACKETV	  KSHARRAY	  QRK_32BIT
  ARITHCMD	  BUG_PSUBSQHD	  DOTARG	  LINENO	  QRK_LOCALUNS
  ARITHPP	  BUG_TRAPEMPT	  HERESTR	  LOCALVARS	  RANDOM
  BUG_CMDSETPP	  CESCQUOT	  KSH88FUNC	  PSREPLACE	  TESTO
  BUG_CMDSPEXIT   DBLBRACKET
* Running regression test suite on /usr/bin/mksh ...
+ [236.964580s|P3037,L44,e0] ulimit -c 0
+ [236.964640s|P3037,L47,e0] IFS= 
+ [236.964699s|P3037,L47,e0] set +e -fCu
+ [236.964779s|P3037,L54,e0] eval $': || $( : # "\n)'
+ [236.964873s|P3037,L54,e0] :
+ [236.964977s|P3037,L59,e0] eval $': || for i;\ndo :; done'
+ [236.965076s|P3037,L59,e0] :
+ [236.965208s|P3037,L77,e0] t=ok 
+ [236.965253s|P3037,L78,e0] t=bug command -@
/opt/clones/modernish/bin/modernish: /opt/clones/modernish/lib/modernish/adj/fatal.sh[78]: command: -@: unknown option
+ [236.965344s|P3037,L87,e0] :
+ [236.965469s|P3037,L113,e0] PATH=/dev/null 
+ [236.965536s|P3037,L113,e0] >/dev/null 
+ [236.965588s|P3037,L114,e0] t=x 
+ [236.965621s|P3037,L115,e0] command -v unset
+ [236.965655s|P3037,L116,e0] command -V unset
+ [236.965742s|P3037,L117,e0] command -v if
+ [236.965840s|P3037,L118,e0] unset t
+ [236.965950s|P3037,L121,e0] PATH=/bin:/usr/bin 
+ [236.966041s|P3037,L125,e0] readonly $'CC01=\001' 'CC7F=' 'RO=ok'
+ [236.966111s|P3037,L132,e0] RO1=1 RO2=2 RO3=3 
+ [236.966159s|P3037,L133,e0] readonly RO1 RO2 RO3
+ [236.966205s|P3037,L137,e0] set +o braceexpand
+ [236.966247s|P3037,L138,e0] >|/dev/null 
+ [236.966288s|P3037,L138,e0] PATH=/dev/null command -v typeset
+ [236.966334s|P3037,L138,e0] typeset -@ foo
/opt/clones/modernish/bin/modernish: /opt/clones/modernish/lib/modernish/adj/fatal.sh[138]: typeset: -@: unknown option
+ [236.966402s|P3037,L139,e1] unset -v RO1 RO2 RO3
/opt/clones/modernish/bin/modernish: /opt/clones/modernish/lib/modernish/adj/fatal.sh[139]: read-only: RO1
/opt/clones/modernish/bin/modernish: /opt/clones/modernish/lib/modernish/adj/fatal.sh[139]: read-only: RO2
/opt/clones/modernish/bin/modernish: /opt/clones/modernish/lib/modernish/adj/fatal.sh[139]: read-only: RO3
+ [236.966509s|P3037,L142,e1] alias 'test=test'
+ [236.966576s|P3037,L146,e0] alias 'fn=:'
+ [236.966628s|P3037,L147,e0] eval fn
+ [236.966671s|P3037,L147,e0] :
+ [236.966725s|P3037,L150,e0] unalias -a
+ [236.966789s|P3037,L153,e0] unset -f echo
+ [236.966852s|P3037,L156,e0] kill -s 0 3033
+ [236.967431s|P3038,L164,e0] eval '('
/opt/clones/modernish/bin/modernish: syntax error: unmatched '('
+ [236.967874s|P3037,L170,e0] fn
+ [236.967936s|P3037,L169,e0] :
+ [236.968032s|P3037,L169,e0] eval 'return 0'
+ [236.968137s|P3037,L169,e0] return 0
+ [236.968421s|P3037,L180,e0] eval $'command continue\n\t\texit'
+ [236.968562s|P3037,L180,e0] continue
+ [236.968787s|P3037,L184,e0] eval $'command break\n\t\texit'
+ [236.968880s|P3037,L184,e0] break
+ [236.969003s|P3037,L196,e0] unset -v FTL_UNSETFAIL_D7CDE27B_C03A_4B45_8050_30A9292BDE74
+ [236.969132s|P3037,L204,e0] unset -f FTL_UNSFNFAIL_574C63CD_8D52_4DCF_AD22_00B9AC29AFF7
+ [236.969244s|P3037,L209,e0] test foo '=~' bar
/opt/clones/modernish/bin/modernish: /opt/clones/modernish/lib/modernish/adj/fatal.sh[209]: test: =~: unexpected operator/operand
+ [236.969413s|P3037,L213,e2] test 123 -eq 1XX
/opt/clones/modernish/bin/modernish: /opt/clones/modernish/lib/modernish/adj/fatal.sh[213]: 1XX: bad number '1XX'
+ [236.969581s|P3037,L216,e2] >/dev/null 
+ [236.969691s|P3037,L216,e2] PATH=/dev/null command -v let
+ [236.969793s|P3037,L216,e0] let --
/opt/clones/modernish/bin/modernish: /opt/clones/modernish/lib/modernish/adj/fatal.sh[216]: --: -- requires lvalue
+ [236.969964s|P3037,L223,e2] set -- '   \on\e' '\tw'\''o' ' \th\'\''re\e' ' \'\''fo\u\r '
+ [236.970057s|P3037,L224,e0] IFS= 
+ [236.970157s|P3037,L225,e0] set -- '   \on\e' '\tw'\''o' ' \th\'\''re\e' ' \'\''fo\u\r '
+ [236.970313s|P3037,L243,e0] set -u --
+ [236.970398s|P3037,L243,e0] set --
+ [236.970476s|P3037,L243,e0] t= 
+ [236.970578s|P3037,L247,e0] t='1 2 3' 
+ [236.970667s|P3037,L248,e0] IFS='x ' 
+ [236.970756s|P3037,L249,e0] t='1 2 3 4 5' 
+ [236.970846s|P3037,L250,e0] IFS= 
+ [236.970971s|P3037,L263,e0] t=barbarfoo 
+ [236.971091s|P3037,L272,e0] t='a${t2=BUG}' 
+ [236.971188s|P3037,L273,e0] unset -v t2
+ [236.971280s|P3037,L274,e0] t=a 
+ [236.971412s|P3037,L282,e0] t=abcdefghij 
+ [236.971503s|P3037,L283,e0] t2=efg 
+ [236.971629s|P3037,L291,e0] t= 
+ [236.971759s|P3037,L299,e0] set ' foo -> bar' foo
+ [236.971883s|P3037,L307,e0] t=3033 
+ [236.972014s|P3037,L315,e0] t=$'ok\001\177ok' 
+ [236.972204s|P3037,L342,e0] t='  ::  \on\e :\tw'\''o \th\'\''re\e :\\'\''fo\u\r:   : :  ' 
+ [236.972294s|P3037,L343,e0] IFS=': ' 
+ [236.972391s|P3037,L344,e0] set --   '\on\e' '\tw'\''o' '\th\'\''re\e' '\\'\''fo\u\r'  
+ [236.972481s|P3037,L345,e0] IFS= 
+ [236.972574s|P3037,L346,e0] t='8,,,\on\e,\tw'\''o,\th\'\''re\e,\\'\''fo\u\r,,,U,U,U,U' 
+ [236.972742s|P3037,L359,e0] IFS=/ 
+ [236.972832s|P3037,L360,e0] set -- /root
+ [236.972918s|P3037,L361,e0] IFS= 
+ [236.973037s|P3037,L372,e0] i=7 
+ [236.973122s|P3037,L373,e0] j=0 
+ [236.973323s|P3037,L398,e0] unset -v t2
+ [236.973422s|P3037,L399,e0] >/dev/null 
+ [236.973528s|P3037,L399,e0] command -v typeset
+ [236.973621s|P3037,L399,e0] typeset -i t2
+ [236.973712s|P3037,L400,e0] t2=1000005 
+ [236.973806s|P3037,L401,e0] t='foo\bar' 
+ [236.973910s|P3037,L402,e0] : 1000005
+ [236.974044s|P3037,L407,e0] unset -v t2
+ [236.974146s|P3037,L414,e0] unset -v t
+ [236.974244s|P3037,L415,e0] : 1
+ [236.974330s|P3037,L416,e0] t=128/32 
+ [236.974462s|P3037,L427,e0] eval $'case \047ab\001c\177d\047 in\n( \\a\\b\\\001\\c\\\177\\d ) ;;\n( * )\texit ;;\nesac'
+ [236.974582s|P3037,L435,e0] _Msh_test_1234=x 
+ [236.974713s|P3037,L448,e0] t='ab]cd' 
+ [236.974914s|P3037,L479,e0] set -- '\'
+ [236.975026s|P3037,L488,e0] t= 
+ [236.975192s|P3037,L511,e0] set -C
+ [236.975283s|P3037,L512,e0] >/dev/null 
+ [236.975391s|P3037,L512,e0] :
+ [236.975515s|P3037,L519,e0] 5<&- 
+ [236.975599s|P3037,L519,e0] fn
+ [236.975680s|P3037,L519,e0] 5</dev/null 
+ [236.975777s|P3037,L517,e0] <&5 
+ [236.975866s|P3037,L517,e0] :
+ [236.975987s|P3037,L529,e0] t=0 
+ [236.976151s|P3037,L549,e0] trap 'echo $PPID' 0
+ [236.976269s|P3037,L549,e0] echo 2849
Out of 385 tests:
- 367 succeeded
- 12 were skipped
- 0 produced warnings
- 6 failed expectedly
- 0 failed unexpectedly
* Tests passed. No bugs in modernish were detected.
[m[33m[(B[m[31mmkdir(B[m[33m]> (B[m[34m[1m/bin/mkdir -p /usr/local/lib/modernish/bin(B[m
- Installed sh symlink: /usr/local/lib/modernish/bin/sh -> /usr/bin/mksh
[m[33m[(B[m[31mmkdir(B[m[33m]> (B[m[34m[1m/bin/mkdir -p /usr/local/share/doc/modernish(B[m
- Installed: /usr/local/share/doc/modernish/README.md
- Installed: /usr/local/share/doc/modernish/EXAMPLES.md
- Installed: /usr/local/bin/modernish (hashbang path: /usr/local/lib/modernish/bin/sh)
[m[33m[(B[m[31mmkdir(B[m[33m]> (B[m[34m[1m/bin/mkdir -p /usr/local/lib/modernish/mdl(B[m
- Installed: /usr/local/lib/modernish/mdl/safe.mm
[m[33m[(B[m[31mmkdir(B[m[33m]> (B[m[34m[1m/bin/mkdir -p /usr/local/lib/modernish/mdl/_IN[m
- Installed: /usr/local/lib/modernish/mdl/_IN/sig.mm
- Installed: /usr/local/lib/modernish/mdl/_IN/opt.mm
[m[33m[(B[m[31mmkdir(B[m[33m]> (B[m[34m[1m/bin/mkdir -p /usr/local/lib/modernish/mdl/sys/term(B[m
- Installed: /usr/local/lib/modernish/mdl/sys/term/readkey.mm
- Installed: /usr/local/lib/modernish/mdl/sys/term/putr.mm
[m[33m[(B[m[31mmkdir(B[m[33m]> (B[m[34m[1m/bin/mkdir -p /usr/local/lib/modernish/mdl/sys/cmd(B[m
- Installed: /usr/local/lib/modernish/mdl/sys/cmd/procsubst.mm
- Installed: /usr/local/lib/modernish/mdl/sys/cmd/source.mm
- Installed: /usr/local/lib/modernish/mdl/sys/cmd/harden.mm
- Installed: /usr/local/lib/modernish/mdl/sys/cmd/mapr.mm
- Installed: /usr/local/lib/modernish/mdl/sys/cmd/extern.mm
[m[33m[(B[m[31mmkdir(B[m[33m]> (B[m[34m[1m/bin/mkdir -p /usr/local/lib/modernish/mdl/sys/base(B[m
- Installed: /usr/local/lib/modernish/mdl/sys/base/which.mm
- Installed: /usr/local/lib/modernish/mdl/sys/base/tac.mm
- Installed: /usr/local/lib/modernish/mdl/sys/base/rev.mm
- Installed: /usr/local/lib/modernish/mdl/sys/base/readlink.mm
- Installed: /usr/local/lib/modernish/mdl/sys/base/mktemp.mm
- Installed: /usr/local/lib/modernish/mdl/sys/base/shuf.mm
- Installed: /usr/local/lib/modernish/mdl/sys/base/seq.mm
- Installed: /usr/local/lib/modernish/mdl/sys/base/yes.mm
[m[33m[(B[m[31mmkdir(B[m[33m]> (B[m[34m[1m/bin/mkdir -p /usr/local/lib/modernish/mdl/sys/dir(B[m
- Installed: /usr/local/lib/modernish/mdl/sys/dir/countfiles.mm
- Installed: /usr/local/lib/modernish/mdl/sys/dir/mkcd.mm
[m[33m[(B[m[31mmkdir(B[m[33m]> (B[m[34m[1m/bin/mkdir -p /usr/local/lib/modernish/mdl/var(B[m
- Installed: /usr/local/lib/modernish/mdl/var/local.mm
- Installed: /usr/local/lib/modernish/mdl/var/genoptparser.mm
[m[33m[(B[m[31mmkdir(B[m[33m]> (B[m[34m[1m/bin/mkdir -p /usr/local/lib/modernish/mdl/var/stack/extra(B[m
- Installed: /usr/local/lib/modernish/mdl/var/stack/extra/stacksize.mm
- Installed: /usr/local/lib/modernish/mdl/var/stack/extra/clearstack.mm
- Installed: /usr/local/lib/modernish/mdl/var/stack/extra/printstack.mm
- Installed: /usr/local/lib/modernish/mdl/var/stack/extra/stackempty.mm
- Installed: /usr/local/lib/modernish/mdl/var/stack/trap.mm
[m[33m[(B[m[31mmkdir(B[m[33m]> (B[m[34m[1m/bin/mkdir -p /usr/local/lib/modernish/mdl/var/arith(B[m
- Installed: /usr/local/lib/modernish/mdl/var/arith/cmp.mm
- Installed: /usr/local/lib/modernish/mdl/var/arith/ops.mm
- Installed: /usr/local/lib/modernish/mdl/var/readf.mm
- Installed: /usr/local/lib/modernish/mdl/var/loop.mm
[m[33m[(B[m[31mmkdir(B[m[33m]> (B[m[34m[1m/bin/mkdir -p /usr/local/lib/modernish/mdl/var/string(B[m
- Installed: /usr/local/lib/modernish/mdl/var/string/trim.mm
- Installed: /usr/local/lib/modernish/mdl/var/string/append.mm
- Installed: /usr/local/lib/modernish/mdl/var/string/touplow.mm
- Installed: /usr/local/lib/modernish/mdl/var/string/replacein.mm
- Installed: /usr/local/lib/modernish/mdl/var/shellquote.mm
- Installed: /usr/local/lib/modernish/mdl/var/mapr.mm
- Installed: /usr/local/lib/modernish/mdl/var/unexport.mm
- Installed: /usr/local/lib/modernish/mdl/var/assign.mm
[m[33m[(B[m[31mmkdir(B[m[33m]> (B[m[34m[1m/bin/mkdir -p /usr/local/lib/modernish/mdl/var/loop(B[m
- Installed: /usr/local/lib/modernish/mdl/var/loop/select.mm
- Installed: /usr/local/lib/modernish/mdl/var/loop/for.mm
- Installed: /usr/local/lib/modernish/mdl/var/loop/find.mm
- Installed: /usr/local/lib/modernish/mdl/var/loop/repeat.mm
[m[33m[(B[m[31mmkdir(B[m[33m]> (B[m[34m[1m/bin/mkdir -p /usr/local/lib/modernish/adj(B[m
- Installed: /usr/local/lib/modernish/adj/ematch.awk (hashbang path: /usr/bin/awk -f)
- Installed: /usr/local/lib/modernish/adj/id.sh
- Installed: /usr/local/lib/modernish/adj/fatal.sh
[m[33m[(B[m[31mmkdir(B[m[33m]> (B[m[34m[1m/bin/mkdir -p /usr/local/lib/modernish/adj/sys/cmd(B[m
- Installed: /usr/local/lib/modernish/adj/sys/cmd/mapr.awk
[m[33m[(B[m[31mmkdir(B[m[33m]> (B[m[34m[1m/bin/mkdir -p /usr/local/lib/modernish/adj/sys/base(B[m
- Installed: /usr/local/lib/modernish/adj/sys/base/tac.awk
- Installed: /usr/local/lib/modernish/adj/std.sh
[m[33m[(B[m[31mmkdir(B[m[33m]> (B[m[34m[1m/bin/mkdir -p /usr/local/lib/modernish/adj/var/loop(B[m
- Installed: /usr/local/lib/modernish/adj/var/loop/find-ask.sh
- Installed: /usr/local/lib/modernish/adj/var/loop/find.awk
- Installed: /usr/local/lib/modernish/adj/var/loop/find.sh
- Installed: /usr/local/lib/modernish/adj/var/loop/find-path.sh
- Installed: /usr/local/lib/modernish/adj/var/loop/find-exec.sh
- Installed: /usr/local/lib/modernish/adj/var/loop/find-ok.sh
[m[33m[(B[m[31mmkdir(B[m[33m]> (B[m[34m[1m/bin/mkdir -p /usr/local/lib/modernish/adj/cap(B[m
- Installed: /usr/local/lib/modernish/adj/cap/BUG_TRAPFNEXI.sh
- Installed: /usr/local/lib/modernish/adj/cap/DOTARG.sh
- Installed: /usr/local/lib/modernish/adj/cap/BUG_LNNONEG.sh
- Installed: /usr/local/lib/modernish/adj/cap/BUG_LOOPRET3.sh
[m[33m[(B[m[31mmkdir(B[m[33m]> (B[m[34m[1m/bin/mkdir -p /usr/local/lib/modernish/tst(B[m
- Installed: /usr/local/lib/modernish/tst/local.t
- Installed: /usr/local/lib/modernish/tst/io.t
- Installed: /usr/local/lib/modernish/tst/run.sh
- Installed: /usr/local/lib/modernish/tst/var.t
- Installed: /usr/local/lib/modernish/tst/trap.t
- Installed: /usr/local/lib/modernish/tst/@sanitychecks.t
- Installed: /usr/local/lib/modernish/tst/is.t
- Installed: /usr/local/lib/modernish/tst/match.t
- Installed: /usr/local/lib/modernish/tst/builtin.t
- Installed: /usr/local/lib/modernish/tst/arith.t
- Installed: /usr/local/lib/modernish/tst/stack.t
- Installed: /usr/local/lib/modernish/tst/isset.t
- Installed: /usr/local/lib/modernish/tst/sys.t
- Installed: /usr/local/lib/modernish/tst/string.t
- Installed: /usr/local/lib/modernish/tst/posparam_spc.t
- Installed: /usr/local/lib/modernish/tst/shellquote.t
- Installed: /usr/local/lib/modernish/tst/loop_cond.t
- Installed: /usr/local/lib/modernish/tst/posparam.t
- Installed: /usr/local/lib/modernish/tst/process.t
[m[33m[(B[m[31mmkdir(B[m[33m]> (B[m[34m[1m/bin/mkdir -p /usr/local/lib/modernish/cap(B[m
- Installed: /usr/local/lib/modernish/cap/BUG_SHIFTERR0.t
- Installed: /usr/local/lib/modernish/cap/QRK_FNRDREXIT.t
- Installed: /usr/local/lib/modernish/cap/QRK_IFSFINAL.t
- Installed: /usr/local/lib/modernish/cap/BUG_SETOUTVAR.t
- Installed: /usr/local/lib/modernish/cap/BUG_PUTIOERR.t
- Installed: /usr/local/lib/modernish/cap/BUG_CSUBSTDO.t
- Installed: /usr/local/lib/modernish/cap/README.md
- Installed: /usr/local/lib/modernish/cap/BUG_READWHSP.t
- Installed: /usr/local/lib/modernish/cap/BUG_PP_10.t
- Installed: /usr/local/lib/modernish/cap/BUG_PP_1ARG.t
- Installed: /usr/local/lib/modernish/cap/TESTO.t
- Installed: /usr/local/lib/modernish/cap/DOTARG.t
- Installed: /usr/local/lib/modernish/cap/BUG_IFSGLOBC.t
- Installed: /usr/local/lib/modernish/cap/BUG_REDIRPOS.t
- Installed: /usr/local/lib/modernish/cap/ROFUNC.t
- Installed: /usr/local/lib/modernish/cap/QRK_ARITHWHSP.t
- Installed: /usr/local/lib/modernish/cap/NONFORKSUBSH.t
- Installed: /usr/local/lib/modernish/cap/BUG_ASGNLOCAL.t
- Installed: /usr/local/lib/modernish/cap/BUG_ZSHNAMES2.t
- Installed: /usr/local/lib/modernish/cap/BUG_FORLOCAL.t
- Installed: /usr/local/lib/modernish/cap/BUG_TRAPRETIR.t
- Installed: /usr/local/lib/modernish/cap/BUG_PP_08.t
- Installed: /usr/local/lib/modernish/cap/BUG_PSUBASNCC.t
- Installed: /usr/local/lib/modernish/cap/ADDASSIGN.t
- Installed: /usr/local/lib/modernish/cap/BUG_NOEXPRO.t
- Installed: /usr/local/lib/modernish/cap/ARITHPP.t
- Installed: /usr/local/lib/modernish/cap/BUG_PP_03A.t
- Installed: /usr/local/lib/modernish/cap/BUG_KUNSETIFS.t
- Installed: /usr/local/lib/modernish/cap/BUG_PSUBSQHD.t
- Installed: /usr/local/lib/modernish/cap/BUG_ARITHSPLT.t
- Installed: /usr/local/lib/modernish/cap/KSH88FUNC.t
- Installed: /usr/local/lib/modernish/cap/BUG_CMDPV.t
- Installed: /usr/local/lib/modernish/cap/QRK_LOCALUNS2.t
- Installed: /usr/local/lib/modernish/cap/BUG_TRAPEMPT.t
- Installed: /usr/local/lib/modernish/cap/BUG_CMDOPTEXP.t
- Installed: /usr/local/lib/modernish/cap/BUG_TESTILNUM.t
- Installed: /usr/local/lib/modernish/cap/BUG_PSUBNEWLN.t
- Installed: /usr/local/lib/modernish/cap/BUG_TRAPFNEXI.t
- Installed: /usr/local/lib/modernish/cap/BUG_CMDEXEC.t
- Installed: /usr/local/lib/modernish/cap/BUG_UNSETUNXP.t
- Installed: /usr/local/lib/modernish/cap/BUG_PSUBBKSL1.t
- Installed: /usr/local/lib/modernish/cap/QRK_ANDORBG.t
- Installed: /usr/local/lib/modernish/cap/ANONFUNC.t
- Installed: /usr/local/lib/modernish/cap/WRN_NOSIGPIPE.t
- Installed: /usr/local/lib/modernish/cap/BUG_ZSHNAMES.t
- Installed: /usr/local/lib/modernish/cap/QRK_BCDANGER.t
- Installed: /usr/local/lib/modernish/cap/BUG_LOOPRET1.t
- Installed: /usr/local/lib/modernish/cap/BUG_DOLRCSUB.t
- Installed: /usr/local/lib/modernish/cap/BUG_DEVTTY.t
- Installed: /usr/local/lib/modernish/cap/BUG_ARITHNAN.t
- Installed: /usr/local/lib/modernish/cap/BUG_PP_07A.t
- Installed: /usr/local/lib/modernish/cap/QRK_ARITHEMPT.t
- Installed: /usr/local/lib/modernish/cap/BUG_PP_05.t
- Installed: /usr/local/lib/modernish/cap/QRK_OPTABBR.t
- Installed: /usr/local/lib/modernish/cap/BUG_IFSISSET.t
- Installed: /usr/local/lib/modernish/cap/BUG_BRACQUOT.t
- Installed: /usr/local/lib/modernish/cap/BUG_TRAPEXIT.t
- Installed: /usr/local/lib/modernish/cap/BUG_PP_04_S.t
- Installed: /usr/local/lib/modernish/cap/VARPREFIX.t
- Installed: /usr/local/lib/modernish/cap/BUG_CASELIT.t
- Installed: /usr/local/lib/modernish/cap/BUG_SCLOSEDFD.t
- Installed: /usr/local/lib/modernish/cap/PRINTFV.t
- Installed: /usr/local/lib/modernish/cap/BUG_IFSCC01PP.t
- Installed: /usr/local/lib/modernish/cap/BUG_PP_03B.t
- Installed: /usr/local/lib/modernish/cap/BUG_PSUBEMPT.t
- Installed: /usr/local/lib/modernish/cap/BUG_OPTNOLOG.t
- Installed: /usr/local/lib/modernish/cap/BUG_PP_07.t
- Installed: /usr/local/lib/modernish/cap/QRK_LOCALUNS.t
- Installed: /usr/local/lib/modernish/cap/WRN_EREMBYTE.t
- Installed: /usr/local/lib/modernish/cap/BUG_CMDSPASGN.t
- Installed: /usr/local/lib/modernish/cap/QRK_SPCBIXP.t
- Installed: /usr/local/lib/modernish/cap/BUG_KBGPID.t
- Installed: /usr/local/lib/modernish/cap/HERESTR.t
- Installed: /usr/local/lib/modernish/cap/BUG_PP_01.t
- Installed: /usr/local/lib/modernish/cap/KSHARRAY.t
- Installed: /usr/local/lib/modernish/cap/BUG_CMDSETPP.t
- Installed: /usr/local/lib/modernish/cap/BUG_PP_03C.t
- Installed: /usr/local/lib/modernish/cap/QRK_OPTDASH.t
- Installed: /usr/local/lib/modernish/cap/BUG_ISSETLOOP.t
- Installed: /usr/local/lib/modernish/cap/BUG_SPCBILOC.t
- Installed: /usr/local/lib/modernish/cap/TRAPPRSUBSH.t
- Installed: /usr/local/lib/modernish/cap/BUG_PP_MDLEN.t
- Installed: /usr/local/lib/modernish/cap/KSH93FUNC.t
- Installed: /usr/local/lib/modernish/cap/QRK_GLOBDOTS.t
- Installed: /usr/local/lib/modernish/cap/BUG_LOOPRET3.t
- Installed: /usr/local/lib/modernish/cap/ARITHCMD.t
- Installed: /usr/local/lib/modernish/cap/BUG_DQGLOB.t
- Installed: /usr/local/lib/modernish/cap/BUG_LNNONEG.t
- Installed: /usr/local/lib/modernish/cap/BUG_CDPCANON.t
- Installed: /usr/local/lib/modernish/cap/TESTERE.t
- Installed: /usr/local/lib/modernish/cap/BUG_MULTIBIFS.t
- Installed: /usr/local/lib/modernish/cap/QRK_EVALNOOPT.t
- Installed: /usr/local/lib/modernish/cap/BUG_ASGNCC01.t
- Installed: /usr/local/lib/modernish/cap/LEPIPEMAIN.t
- Installed: /usr/local/lib/modernish/cap/BUG_PP_04E.t
- Installed: /usr/local/lib/modernish/cap/BUG_LOOPRET2.t
- Installed: /usr/local/lib/modernish/cap/BUG_PSUBIFSNW.t
- Installed: /usr/local/lib/modernish/cap/BUG_CMDSPEXIT.t
- Installed: /usr/local/lib/modernish/cap/BUG_REDIRIO.t
- Installed: /usr/local/lib/modernish/cap/BUG_CSUBBTQUOT.t
- Installed: /usr/local/lib/modernish/cap/BUG_PP_02.t
- Installed: /usr/local/lib/modernish/cap/PSREPLACE.t
- Installed: /usr/local/lib/modernish/cap/BUG_PSUBEMIFS.t
- Installed: /usr/local/lib/modernish/cap/BUG_PP_06A.t
- Installed: /usr/local/lib/modernish/cap/DBLBRACKETV.t
- Installed: /usr/local/lib/modernish/cap/QRK_UNSETF.t
- Installed: /usr/local/lib/modernish/cap/QRK_OPTCASE.t
- Installed: /usr/local/lib/modernish/cap/RANDOM.t
- Installed: /usr/local/lib/modernish/cap/BUG_TESTERR1A.t
- Installed: /usr/local/lib/modernish/cap/BUG_IFSGLOBP.t
- Installed: /usr/local/lib/modernish/cap/BUG_EXPORTUNS.t
- Installed: /usr/local/lib/modernish/cap/CESCQUOT.t
- Installed: /usr/local/lib/modernish/cap/BUG_ALIASPOSX.t
- Installed: /usr/local/lib/modernish/cap/BUG_CASEEMPT.t
- Installed: /usr/local/lib/modernish/cap/BUG_TRAPUNSRE.t
- Installed: /usr/local/lib/modernish/cap/QRK_HDPARQUOT.t
- Installed: /usr/local/lib/modernish/cap/BUG_HDOCMASK.t
- Installed: /usr/local/lib/modernish/cap/BUG_PSUBSQUOT.t
- Installed: /usr/local/lib/modernish/cap/QRK_PPIPEMAIN.t
- Installed: /usr/local/lib/modernish/cap/QRK_LOCALINH.t
- Installed: /usr/local/lib/modernish/cap/BUG_PP_08B.t
- Installed: /usr/local/lib/modernish/cap/QRK_EXECFNBI.t
- Installed: /usr/local/lib/modernish/cap/BUG_FNSUBSH.t
- Installed: /usr/local/lib/modernish/cap/PROCSUBST.t
- Installed: /usr/local/lib/modernish/cap/DBLBRACKET.t
- Installed: /usr/local/lib/modernish/cap/BUG_CSNHDBKSL.t
- Installed: /usr/local/lib/modernish/cap/BUG_ARITHINIT.t
- Installed: /usr/local/lib/modernish/cap/BUG_HDOCBKSL.t
- Installed: /usr/local/lib/modernish/cap/BUG_GETOPTSMA.t
- Installed: /usr/local/lib/modernish/cap/BUG_CASESTAT.t
- Installed: /usr/local/lib/modernish/cap/BUG_ALIASCSHD.t
- Installed: /usr/local/lib/modernish/cap/BUG_CSUBRMLF.t
- Installed: /usr/local/lib/modernish/cap/QRK_LOCALSET.t
- Installed: /usr/local/lib/modernish/cap/BUG_PP_MDIGIT.t
- Installed: /usr/local/lib/modernish/cap/BUG_CSUBLNCONT.t
- Installed: /usr/local/lib/modernish/cap/QRK_EMPTPPWRD.t
- Installed: /usr/local/lib/modernish/cap/BUG_CASEPAREN.t
- Installed: /usr/local/lib/modernish/cap/BUG_PP_09.t
- Installed: /usr/local/lib/modernish/cap/QRK_OPTULINE.t
- Installed: /usr/local/lib/modernish/cap/QRK_EMPTPPFLD.t
- Installed: /usr/local/lib/modernish/cap/QRK_OPTNOPRFX.t
- Installed: /usr/local/lib/modernish/cap/BUG_ARITHLNNO.t
- Installed: /usr/local/lib/modernish/cap/BUG_IFSGLOBS.t
- Installed: /usr/local/lib/modernish/cap/BUG_PP_10A.t
- Installed: /usr/local/lib/modernish/cap/DBLBRACKETERE.t
- Installed: /usr/local/lib/modernish/cap/BUG_TRAPSUB0.t
- Installed: /usr/local/lib/modernish/cap/BUG_CDNOLOGIC.t
- Installed: /usr/local/lib/modernish/cap/QRK_32BIT.t
- Installed: /usr/local/lib/modernish/cap/BUG_VARPREFIX.t
- Installed: /usr/local/lib/modernish/cap/LINENO.t
- Installed: /usr/local/lib/modernish/cap/ARITHFOR.t
- Installed: /usr/local/lib/modernish/cap/WRN_MULTIBYTE.t
- Installed: /usr/local/lib/modernish/cap/BUG_NOCHCLASS.t
- Installed: /usr/local/lib/modernish/cap/PROCREDIR.t
- Installed: /usr/local/lib/modernish/cap/BUG_TESTONEG.t
- Installed: /usr/local/lib/modernish/cap/QRK_LOCALSET2.t
- Installed: /usr/local/lib/modernish/cap/BUG_PP_03.t
- Installed: /usr/local/lib/modernish/cap/TRAPZERR.t
- Installed: /usr/local/lib/modernish/cap/BUG_CMDEXPAN.t
- Installed: /usr/local/lib/modernish/cap/LOCALVARS.t
- Installed: /usr/local/lib/modernish/cap/BUG_PP_04A.t
[m[33m[(B[m[31mmkdir(B[m[33m]> (B[m[34m[1m/bin/mkdir -p /usr/local/share/doc/modernish/utils(B[m
- Installed: /usr/local/share/doc/modernish/utils/git-restore-timestamps.sh (hashbang path: /usr/bin/env modernish)
- Installed: /usr/local/share/doc/modernish/utils/README
- Installed: /usr/local/share/doc/modernish/utils/testshells.sh (hashbang path: /usr/bin/env modernish)
- Installed: /usr/local/share/doc/modernish/utils/mktoc.sh (hashbang path: /usr/bin/env modernish)
- Installed: /usr/local/share/doc/modernish/utils/modules-unalias-update.sh (hashbang path: /usr/bin/env modernish)
- Installed: /usr/local/share/doc/modernish/utils/showTODO.sh (hashbang path: /usr/bin/env modernish)
- Installed: /usr/local/share/doc/modernish/utils/bundle-diff-update.sh (hashbang path: /usr/bin/env modernish)
- Installed: /usr/local/share/doc/modernish/CODINGSTYLE
[m[33m[(B[m[31mmkdir(B[m[33m]> (B[m[34m[1m/bin/mkdir -p /usr/local/share/doc/modernish/examples(B[m
- Installed: /usr/local/share/doc/modernish/examples/dice.sh (hashbang path: /usr/bin/env modernish)
- Installed: /usr/local/share/doc/modernish/examples/copy-timestamps.sh (hashbang path: /usr/bin/env modernish)
- Installed: /usr/local/share/doc/modernish/examples/README
- Installed: /usr/local/share/doc/modernish/examples/get-firefox.sh (hashbang path: /usr/bin/env modernish)
- Installed: /usr/local/share/doc/modernish/examples/sort-music.sh (hashbang path: /usr/bin/env modernish)
[m[33m[(B[m[31mmkdir(B[m[33m]> (B[m[34m[1m/bin/mkdir -p /usr/local/share/doc/modernish/examples/resurrectjoe(B[m
- Installed: /usr/local/share/doc/modernish/examples/resurrectjoe/resurrectjoe.sh (hashbang path: /usr/bin/env modernish)
- Installed: /usr/local/share/doc/modernish/examples/resurrectjoe/SAMPLE_DEADJOE
- Installed: /usr/local/share/doc/modernish/examples/procsubst.sh (hashbang path: /usr/bin/env modernish)
- Installed: /usr/local/share/doc/modernish/examples/morse.sh (hashbang path: /usr/bin/env modernish)
- Installed: /usr/local/share/doc/modernish/examples/findloop.sh (hashbang path: /usr/bin/env modernish)
[m[33m[(B[m[31mmkdir(B[m[33m]> (B[m[34m[1m/bin/mkdir -p /usr/local/share/doc/modernish/tests(B[m
- Installed: /usr/local/share/doc/modernish/tests/die-bg-test.sh (hashbang path: /usr/bin/env modernish)
- Installed: /usr/local/share/doc/modernish/tests/README
- Installed: /usr/local/share/doc/modernish/tests/local-test.sh (hashbang path: /usr/bin/env modernish)
- Installed: /usr/local/share/doc/modernish/tests/harden-test.sh (hashbang path: /usr/bin/env modernish)
- Installed: /usr/local/share/doc/modernish/tests/shellquote-test.sh (hashbang path: /usr/bin/env modernish)
- Installed: /usr/local/share/doc/modernish/tests/mktemp-stresstest.sh (hashbang path: /usr/bin/env modernish)
- Installed: /usr/local/share/doc/modernish/HELP
- Installed: /usr/local/share/doc/modernish/DESIGN.md
- Installed: /usr/local/share/doc/modernish/LICENSE

Modernish 0.17.23-dev installed successfully with default shell /usr/local/lib/modernish/bin/sh.
Be sure /usr/local/bin is in your $PATH before starting.
