Relaunching install.sh with /usr/bin/mksh...
+ [335.223932s|P2404,L44,e0] ulimit -c 0
+ [335.223969s|P2404,L47,e0] IFS= 
+ [335.223989s|P2404,L47,e0] set +e -fCu
+ [335.224020s|P2404,L54,e0] eval $': || $( : # "\n)'
+ [335.224049s|P2404,L0,e0] :
+ [335.224183s|P2404,L59,e0] eval $': || for i;\ndo :; done'
+ [335.224277s|P2404,L0,e0] :
+ [335.224436s|P2404,L77,e0] t=ok 
+ [335.224522s|P2404,L78,e0] t=bug command -@
/opt/clones/modernish/install.sh: /opt/clones/modernish/lib/modernish/adj/fatal.sh[78]: command: -@: unknown option
+ [335.224593s|P2404,L87,e0] :
+ [335.224696s|P2404,L113,e0] PATH=/dev/null 
+ [335.224737s|P2404,L113,e0] >/dev/null 
+ [335.224774s|P2404,L114,e0] t=x 
+ [335.224800s|P2404,L115,e0] command -v unset
+ [335.224821s|P2404,L116,e0] command -V unset
+ [335.224841s|P2404,L117,e0] command -v if
+ [335.224884s|P2404,L120,e1] exit
+ [335.224906s|P2404,L120,e1] echo fatalbug
modernish: Fatal shell bug(s) detected; this shell cannot run modernish.
modernish: Initialisation failed. Aborting.
