Relaunching install.sh with /usr/bin/zsh...
+ [0.014633s|S1,bin/modernish:157,adj/fatal.sh,L44,e0] ulimit -c 0
+ [0.014861s|S1,bin/modernish:157,adj/fatal.sh,L47,e0] IFS='' 
+ [0.014953s|S1,bin/modernish:157,adj/fatal.sh,L47,e0] set +e -fCu
+ [0.015099s|S1,bin/modernish:157,adj/fatal.sh,L54,e0] eval ': || $( : # "
)'
+ [0.015186s|S1,bin/modernish:157,adj/fatal.sh,L54,e0] :
+ [0.015312s|S1,bin/modernish:157,adj/fatal.sh,L59,e0] eval ': || for i;
do :; done'
+ [0.015390s|S1,bin/modernish:157,adj/fatal.sh,L59,e0] :
+ [0.015515s|S1,bin/modernish:157,adj/fatal.sh,L64,e0] case foo\
bar (foo\\$'\n'bar)
+ [0.015646s|S1,bin/modernish:157,adj/fatal.sh,L77,e0] t=ok 
+ [0.016003s|S2,bin/modernish:157,adj/fatal.sh,L78,e0] t=bug -@
/opt/clones/modernish/lib/modernish/adj/fatal.sh:78: command not found: -@
+ [0.016430s|S1,bin/modernish:157,adj/fatal.sh,L79,e0] case ok (ok)
+ [0.016567s|S1,bin/modernish:157,adj/fatal.sh,L87,e0] :
+ [0.016652s|S1,bin/modernish:157,adj/fatal.sh,L87,e0] case x (x)
+ [0.016820s|S1,bin/modernish:157,adj/fatal.sh,L93,e0] case  (4.[34].*)
+ [0.016948s|S1,bin/modernish:157,adj/fatal.sh,L103,e0] case 15879 ( | 0* | *[!0123456789]*)
+ [0.017080s|S1,bin/modernish:157,adj/fatal.sh,L113,e0] PATH=/dev/null 
+ [0.017225s|S1,bin/modernish:157,adj/fatal.sh,L114,e0] t=x 
+ [0.017299s|S1,bin/modernish:157,adj/fatal.sh,L115,e0] command -v unset
+ [0.017389s|S1,bin/modernish:157,adj/fatal.sh,L116,e0] command -V unset
+ [0.017490s|S1,bin/modernish:157,adj/fatal.sh,L117,e0] command -v if
+ [0.017582s|S1,bin/modernish:157,adj/fatal.sh,L118,e0] unset t
+ [0.017673s|S1,bin/modernish:157,adj/fatal.sh,L119,e0] case  (s)
+ [0.017778s|S1,bin/modernish:157,adj/fatal.sh,L121,e0] PATH=/bin:/usr/bin 
+ [0.017896s|S1,bin/modernish:157,adj/fatal.sh,L125,e0] readonly 'CC01=' 'CC7F=' 'RO=ok'
+ [0.018010s|S1,bin/modernish:157,adj/fatal.sh,L126,e0] case ,,ok,,,ok (,,ok,,,ok)
+ [0.018107s|S1,bin/modernish:157,adj/fatal.sh,L132,e0] RO1=1 RO2=2 RO3=3 
+ [0.018206s|S1,bin/modernish:157,adj/fatal.sh,L133,e0] readonly RO1 RO2 RO3
+ [0.018333s|S1,bin/modernish:157,adj/fatal.sh,L137,e0] set +o braceexpand
+ [0.018456s|S1,bin/modernish:157,adj/fatal.sh,L138,e0] PATH=/dev/null + [0.018523s|S1,bin/modernish:157,adj/fatal.sh,L138,e0] command -v typeset
/opt/clones/modernish/lib/modernish/adj/fatal.sh:138: bad option: -@
+ [0.018661s|S1,bin/modernish:157,adj/fatal.sh,L139,e1] unset -v RO1 RO2 RO3
/opt/clones/modernish/lib/modernish/adj/fatal.sh:139: read-only variable: RO1
+ [0.018782s|S1,modernish/install.sh:143,bin/modernish,L157,e126] echo BUG
+ [0.018878s|S1,modernish/install.sh:143,bin/modernish,L157,e0] echo fatalbug
modernish: Fatal shell bug(s) detected; this shell cannot run modernish.
modernish: Initialisation failed. Aborting.
