Relaunching install.sh with /usr/bin/bash...
++++ [0s|adj/fatal.sh,L44,e0] command ulimit -c 0
++++ [0s|adj/fatal.sh,L44,e0] ulimit -c 0
++++ [0s|adj/fatal.sh,L47,e0] IFS=
++++ [0s|adj/fatal.sh,L47,e0] set +e -fCu
++++ [0s|adj/fatal.sh,L55,e0] eval ': || $( : # "
)'
+++++ [0s|adj/fatal.sh,L55,e0] :
++++ [0s|adj/fatal.sh,L60,e0] eval ': || for i;
do :; done'
+++++ [0s|adj/fatal.sh,L60,e0] :
++++ [0s|adj/fatal.sh,L65,e0] case 'foo\
bar' in
++++ [0s|adj/fatal.sh,L77,e0] t=ok
++++ [0s|adj/fatal.sh,L78,e0] t=bug
++++ [0s|adj/fatal.sh,L78,e0] command -@
/opt/clones/modernish/lib/modernish/adj/fatal.sh: line 78: command: -@: invalid option
command: usage: command [-pVv] command [arg ...]
++++ [0s|adj/fatal.sh,L79,e2] case ${t} in
++++ [0s|adj/fatal.sh,L87,e0] :
++++ [0s|adj/fatal.sh,L87,e1] case x in
++++ [0s|adj/fatal.sh,L93,e1] case ${BASH_VERSION-} in
++++ [0s|adj/fatal.sh,L103,e0] case ${PPID-} in
++++ [0s|adj/fatal.sh,L113,e0] PATH=/dev/null
++++ [0s|adj/fatal.sh,L114,e0] t=x
++++ [0s|adj/fatal.sh,L115,e0] command -v unset
++++ [0s|adj/fatal.sh,L116,e0] command -V unset
++++ [0s|adj/fatal.sh,L117,e0] command -v if
++++ [0s|adj/fatal.sh,L118,e0] command unset t
++++ [0s|adj/fatal.sh,L118,e0] unset t
++++ [0s|adj/fatal.sh,L119,e0] case ${t+s} in
++++ [0s|adj/fatal.sh,L121,e0] PATH=/bin:/usr/bin
++++ [0s|adj/fatal.sh,L125,e0] readonly $'CC01=\001' $'CC7F=\177' RO=ok
++++ [0s|adj/fatal.sh,L125,e0] CC01=$'\001'
++++ [0s|adj/fatal.sh,L125,e0] CC7F=$'\177'
++++ [0s|adj/fatal.sh,L125,e0] RO=ok
++++ [0s|adj/fatal.sh,L126,e0] case $CC01,$CC7F,$RO,,,ok in
++++ [0s|adj/fatal.sh,L132,e0] RO1=1
++++ [0s|adj/fatal.sh,L132,e0] RO2=2
++++ [0s|adj/fatal.sh,L132,e0] RO3=3
++++ [0s|adj/fatal.sh,L133,e0] readonly RO1 RO2 RO3
++++ [0s|adj/fatal.sh,L137,e0] command set +o braceexpand
++++ [0s|adj/fatal.sh,L137,e0] set +o braceexpand
++++ [0s|adj/fatal.sh,L138,e0] PATH=/dev/null
++++ [0s|adj/fatal.sh,L138,e0] command -v typeset
++++ [0s|adj/fatal.sh,L138,e0] command typeset -@ foo
++++ [0s|adj/fatal.sh,L138,e0] typeset -@ foo
/opt/clones/modernish/lib/modernish/adj/fatal.sh: line 138: typeset: -@: invalid option
typeset: usage: typeset [-afFirtx] [-p] name[=value] ...
++++ [0s|adj/fatal.sh,L139,e2] command unset -v RO1 RO2 RO3
++++ [0s|adj/fatal.sh,L139,e2] unset -v RO1 RO2 RO3
/opt/clones/modernish/lib/modernish/adj/fatal.sh: line 139: unset: RO1: cannot unset: readonly variable
/opt/clones/modernish/lib/modernish/adj/fatal.sh: line 139: unset: RO2: cannot unset: readonly variable
/opt/clones/modernish/lib/modernish/adj/fatal.sh: line 139: unset: RO3: cannot unset: readonly variable
++++ [0s|adj/fatal.sh,L142,e1] alias test=test
++++ [0s|adj/fatal.sh,L146,e0] alias fn=:
++++ [0s|adj/fatal.sh,L147,e0] eval fn
+++++ [0s|adj/fatal.sh,L147,e0] fn
+++++ [0s|adj/fatal.sh,fn,L145,e0] :
++++ [0s|adj/fatal.sh,L147,e1] exit
+++ [0s|adj/fatal.sh,L157,e1] echo fatalbug
modernish: Fatal shell bug(s) detected; this shell cannot run modernish.
modernish: Initialisation failed. Aborting.
