Relaunching install.sh with /usr/bin/mksh...
+ [910.342068s|P1539,L44,e0] ulimit -c 0
+ [910.342115s|P1539,L47,e0] IFS= 
+ [910.342154s|P1539,L47,e0] set +e -fCu
+ [910.342523s|P1539,L54,e0] eval $': || $( : # "\n)'
+ [910.342642s|P1539,L0,e0] :
+ [910.343030s|P1539,L59,e0] eval $': || for i;\ndo :; done'
+ [910.343296s|P1539,L0,e0] :
+ [910.343579s|P1539,L77,e0] t=ok 
+ [910.343806s|P1539,L78,e0] t=bug command -@
/opt/clones/modernish/install.sh: /opt/clones/modernish/lib/modernish/adj/fatal.sh[78]: command: -@: unknown option
+ [910.344186s|P1539,L87,e0] :
+ [910.344578s|P1539,L113,e0] PATH=/dev/null 
+ [910.344894s|P1539,L114,e0] t=x 
+ [910.344930s|P1539,L115,e0] command -v unset
+ [910.344964s|P1539,L116,e0] command -V unset
+ [910.345001s|P1539,L117,e0] command -v if
+ [910.345053s|P1539,L120,e1] exit
+ [910.345088s|P1539,L120,e1] echo fatalbug
modernish: Fatal shell bug(s) detected; this shell cannot run modernish.
modernish: Initialisation failed. Aborting.
