Relaunching install.sh with /usr/bin/zsh...
+ [0.065656s|S1,bin/modernish:157,adj/fatal.sh,L44,e0] ulimit -c 0
+ [0.065962s|S1,bin/modernish:157,adj/fatal.sh,L47,e0] IFS='' 
+ [0.066043s|S1,bin/modernish:157,adj/fatal.sh,L47,e0] set +e -fCu
+ [0.066578s|S1,bin/modernish:157,adj/fatal.sh,L54,e0] eval ': || $( : # "
)'
+ [0.066671s|S1,bin/modernish:157,adj/fatal.sh,L54,e0] :
+ [0.067071s|S1,bin/modernish:157,adj/fatal.sh,L59,e0] eval ': || for i;
do :; done'
+ [0.067157s|S1,bin/modernish:157,adj/fatal.sh,L59,e0] :
+ [0.067484s|S1,bin/modernish:157,adj/fatal.sh,L64,e0] case foo\
bar (foo\\$'\n'bar)
+ [0.088402s|S1,bin/modernish:157,adj/fatal.sh,L77,e0] t=ok 
+ [0.089009s|S2,bin/modernish:157,adj/fatal.sh,L78,e0] t=bug -@
/opt/clones/modernish/lib/modernish/adj/fatal.sh:78: command not found: -@
+ [0.089523s|S1,bin/modernish:157,adj/fatal.sh,L79,e0] case ok (ok)
+ [0.090046s|S1,bin/modernish:157,adj/fatal.sh,L87,e0] :
+ [0.090138s|S1,bin/modernish:157,adj/fatal.sh,L87,e0] case x (x)
+ [0.090762s|S1,bin/modernish:157,adj/fatal.sh,L93,e0] case  (4.[34].*)
+ [0.091187s|S1,bin/modernish:157,adj/fatal.sh,L103,e0] case 15920 ( | 0* | *[!0123456789]*)
+ [0.091894s|S1,bin/modernish:157,adj/fatal.sh,L113,e0] PATH=/dev/null 
+ [0.092292s|S1,bin/modernish:157,adj/fatal.sh,L114,e0] t=x 
+ [0.092399s|S1,bin/modernish:157,adj/fatal.sh,L115,e0] command -v unset
+ [0.092503s|S1,bin/modernish:157,adj/fatal.sh,L116,e0] command -V unset
+ [0.092620s|S1,bin/modernish:157,adj/fatal.sh,L117,e0] command -v if
+ [0.092730s|S1,bin/modernish:157,adj/fatal.sh,L118,e0] unset t
+ [0.092823s|S1,bin/modernish:157,adj/fatal.sh,L119,e0] case  (s)
+ [0.092948s|S1,bin/modernish:157,adj/fatal.sh,L121,e0] PATH=/bin:/usr/bin 
+ [0.093387s|S1,bin/modernish:157,adj/fatal.sh,L125,e0] readonly CC01= CC7F= RO=ok
+ [0.093629s|S1,bin/modernish:157,adj/fatal.sh,L126,e0] case ,,ok,,,ok (,,ok,,,ok)
+ [0.093859s|S1,bin/modernish:157,adj/fatal.sh,L132,e0] RO1=1 RO2=2 RO3=3 
+ [0.094011s|S1,bin/modernish:157,adj/fatal.sh,L133,e0] readonly RO1 RO2 RO3
+ [0.094420s|S1,bin/modernish:157,adj/fatal.sh,L137,e0] set +o braceexpand
+ [0.094673s|S1,bin/modernish:157,adj/fatal.sh,L138,e0] PATH=/dev/null + [0.094759s|S1,bin/modernish:157,adj/fatal.sh,L138,e0] command -v typeset
/opt/clones/modernish/lib/modernish/adj/fatal.sh:138: bad option: -@
+ [0.095064s|S1,bin/modernish:157,adj/fatal.sh,L139,e1] unset -v RO1 RO2 RO3
/opt/clones/modernish/lib/modernish/adj/fatal.sh:139: read-only variable: RO1
+ [0.095211s|S1,modernish/install.sh:143,bin/modernish,L157,e126] echo BUG
+ [0.095313s|S1,modernish/install.sh:143,bin/modernish,L157,e0] echo fatalbug
modernish: Fatal shell bug(s) detected; this shell cannot run modernish.
modernish: Initialisation failed. Aborting.
