Relaunching install.sh with /usr/bin/mksh...
+ [799.440264s|P2405,L44,e0] ulimit -c 0
+ [799.440330s|P2405,L47,e0] IFS= 
+ [799.440375s|P2405,L47,e0] set +e -fCu
+ [799.440429s|P2405,L54,e0] eval $': || $( : # "\n)'
+ [799.440469s|P2405,L0,e0] :
+ [799.440513s|P2405,L59,e0] eval $': || for i;\ndo :; done'
+ [799.440554s|P2405,L0,e0] :
+ [799.440626s|P2405,L77,e0] t=ok 
+ [799.440666s|P2405,L78,e0] t=bug command -@
/opt/clones/modernish/install.sh: /opt/clones/modernish/lib/modernish/adj/fatal.sh[78]: command: -@: unknown option
+ [799.440770s|P2405,L87,e0] :
+ [799.440887s|P2405,L113,e0] PATH=/dev/null 
+ [799.440956s|P2405,L113,e0] >/dev/null 
+ [799.441008s|P2405,L114,e0] t=x 
+ [799.441048s|P2405,L115,e0] command -v unset
+ [799.441081s|P2405,L116,e0] command -V unset
+ [799.441113s|P2405,L117,e0] command -v if
+ [799.441171s|P2405,L120,e1] exit
+ [799.441194s|P2405,L120,e1] echo fatalbug
modernish: Fatal shell bug(s) detected; this shell cannot run modernish.
modernish: Initialisation failed. Aborting.
