Relaunching install.sh with /usr/bin/mksh...
+ [235.691755s|P2420,L44,e0] ulimit -c 0
+ [235.691816s|P2420,L47,e0] IFS= 
+ [235.691841s|P2420,L47,e0] set +e -fCu
+ [235.691924s|P2420,L54,e0] eval $': || $( : # "\n)'
+ [235.691993s|P2420,L0,e0] :
+ [235.692041s|P2420,L59,e0] eval $': || for i;\ndo :; done'
+ [235.692081s|P2420,L0,e0] :
+ [235.692161s|P2420,L77,e0] t=ok 
+ [235.692203s|P2420,L78,e0] t=bug command -@
/opt/clones/modernish/install.sh: /opt/clones/modernish/lib/modernish/adj/fatal.sh[78]: command: -@: unknown option
+ [235.692325s|P2420,L87,e0] :
+ [235.692443s|P2420,L113,e0] PATH=/dev/null 
+ [235.692510s|P2420,L113,e0] >/dev/null 
+ [235.692563s|P2420,L114,e0] t=x 
+ [235.692603s|P2420,L115,e0] command -v unset
+ [235.692641s|P2420,L116,e0] command -V unset
+ [235.692677s|P2420,L117,e0] command -v if
+ [235.692746s|P2420,L120,e1] exit
+ [235.692785s|P2420,L120,e1] echo fatalbug
modernish: Fatal shell bug(s) detected; this shell cannot run modernish.
modernish: Initialisation failed. Aborting.
