Relaunching install.sh with /usr/bin/zsh...
/opt/clones/modernish/lib/modernish/adj/std.sh:setopt:48: no such option: POSIX_ARGZERO
/opt/clones/modernish/lib/modernish/adj/std.sh:setopt:48: no such option: POSIX_ARGZERO
+ [0.014135s|S1,bin/modernish:157,adj/fatal.sh,L44,e0] ulimit -c 0
+ [0.014429s|S1,bin/modernish:157,adj/fatal.sh,L47,e0] IFS='' 
+ [0.014590s|S1,bin/modernish:157,adj/fatal.sh,L47,e0] set +e -fCu
+ [0.014816s|S1,bin/modernish:157,adj/fatal.sh,L54,e0] eval ': || $( : # "
)'
+ [0.014976s|S1,bin/modernish:157,adj/fatal.sh,L54,e0] :
+ [0.015151s|S1,bin/modernish:157,adj/fatal.sh,L59,e0] eval ': || for i;
do :; done'
+ [0.015311s|S1,bin/modernish:157,adj/fatal.sh,L59,e0] :
+ [0.015480s|S1,bin/modernish:157,adj/fatal.sh,L64,e0] case foo\
bar (foo\\
bar)
+ [0.015648s|S1,bin/modernish:157,adj/fatal.sh,L77,e0] t=ok 
+ [0.016071s|S2,bin/modernish:157,adj/fatal.sh,L78,e0] t=bug -@
/opt/clones/modernish/lib/modernish/adj/fatal.sh:78: command not found: -@
+ [0.016541s|S1,bin/modernish:157,adj/fatal.sh,L79,e0] case ok (ok)
+ [0.016728s|S1,bin/modernish:157,adj/fatal.sh,L87,e0] :
+ [0.016841s|S1,bin/modernish:157,adj/fatal.sh,L87,e0] case x (x)
+ [0.017027s|S1,bin/modernish:157,adj/fatal.sh,L93,e0] case  (4.[34].*)
+ [0.017175s|S1,bin/modernish:157,adj/fatal.sh,L103,e0] case 13364 (|0*|*[!0123456789]*)
+ [0.017348s|S1,bin/modernish:157,adj/fatal.sh,L113,e0] PATH=/dev/null 
+ [0.017546s|S1,bin/modernish:157,adj/fatal.sh,L114,e0] t=x 
+ [0.017682s|S1,bin/modernish:157,adj/fatal.sh,L115,e0] command -v unset
+ [0.017777s|S1,bin/modernish:157,adj/fatal.sh,L116,e0] command -V unset
+ [0.017849s|S1,bin/modernish:157,adj/fatal.sh,L117,e0] command -v if
+ [0.017926s|S1,bin/modernish:157,adj/fatal.sh,L118,e0] unset t
+ [0.018006s|S1,bin/modernish:157,adj/fatal.sh,L119,e0] case  (s)
+ [0.018109s|S1,bin/modernish:157,adj/fatal.sh,L121,e0] PATH=/bin:/usr/bin 
+ [0.018213s|S1,bin/modernish:157,adj/fatal.sh,L125,e0] readonly 'CC01=' 'CC7F=' 'RO=ok'
+ [0.018314s|S1,bin/modernish:157,adj/fatal.sh,L126,e0] case ,,ok,,,ok (,,ok,,,ok)
+ [0.018403s|S1,bin/modernish:157,adj/fatal.sh,L132,e0] RO1=1 RO2=2 RO3=3 
+ [0.018501s|S1,bin/modernish:157,adj/fatal.sh,L133,e0] readonly RO1 RO2 RO3
+ [0.018606s|S1,bin/modernish:157,adj/fatal.sh,L137,e0] set +o braceexpand
+ [0.018722s|S1,bin/modernish:157,adj/fatal.sh,L138,e0] PATH=/dev/null + [0.042874s|S1,bin/modernish:157,adj/fatal.sh,L138,e0] command -v typeset
/opt/clones/modernish/lib/modernish/adj/fatal.sh:138: bad option: -@
+ [0.043012s|S1,bin/modernish:157,adj/fatal.sh,L139,e1] unset -v RO1 RO2 RO3
/opt/clones/modernish/lib/modernish/adj/fatal.sh:139: read-only variable: RO1
+ [0.043159s|S1,modernish/install.sh:143,bin/modernish,L157,e1] echo BUG
modernish: Fatal shell bug(s) detected; this shell cannot run modernish.
modernish: Initialisation failed. Aborting.
