Relaunching install.sh with /usr/bin/zsh...
+ [0.078909s|S1,bin/modernish:157,aux/fatal.sh,L44,e0] ulimit -c 0
+ [0.079220s|S1,bin/modernish:157,aux/fatal.sh,L47,e0] IFS='' 
+ [0.079345s|S1,bin/modernish:157,aux/fatal.sh,L47,e0] set +e -fCu
+ [0.079813s|S1,bin/modernish:157,aux/fatal.sh,L54,e0] eval ': || $( : # "
)'
+ [0.079872s|S1,bin/modernish:157,aux/fatal.sh,L54,e0] :
+ [0.080267s|S1,bin/modernish:157,aux/fatal.sh,L59,e0] eval ': || for i;
do :; done'
+ [0.080352s|S1,bin/modernish:157,aux/fatal.sh,L59,e0] :
+ [0.080680s|S1,bin/modernish:157,aux/fatal.sh,L64,e0] case foo\
bar (foo\\$'\n'bar)
+ [0.081249s|S1,bin/modernish:157,aux/fatal.sh,L77,e0] t=ok 
+ [0.081686s|S2,bin/modernish:157,aux/fatal.sh,L78,e0] t=bug -@
/opt/clones/modernish/lib/modernish/aux/fatal.sh:78: command not found: -@
+ [0.082100s|S1,bin/modernish:157,aux/fatal.sh,L79,e0] case ok (ok)
+ [0.082559s|S1,bin/modernish:157,aux/fatal.sh,L87,e0] :
+ [0.082655s|S1,bin/modernish:157,aux/fatal.sh,L87,e0] case x (x)
+ [0.083249s|S1,bin/modernish:157,aux/fatal.sh,L93,e0] case  (4.[34].*)
+ [0.083612s|S1,bin/modernish:157,aux/fatal.sh,L103,e0] case 11272 ( | 0* | *[!0123456789]*)
+ [0.084170s|S1,bin/modernish:157,aux/fatal.sh,L113,e0] PATH=/dev/null 
+ [0.084555s|S1,bin/modernish:157,aux/fatal.sh,L114,e0] t=x 
+ [0.084619s|S1,bin/modernish:157,aux/fatal.sh,L115,e0] command -v unset
+ [0.084683s|S1,bin/modernish:157,aux/fatal.sh,L116,e0] command -V unset
+ [0.084812s|S1,bin/modernish:157,aux/fatal.sh,L117,e0] command -v if
+ [0.084898s|S1,bin/modernish:157,aux/fatal.sh,L118,e0] unset t
+ [0.084985s|S1,bin/modernish:157,aux/fatal.sh,L119,e0] case  (s)
+ [0.085126s|S1,bin/modernish:157,aux/fatal.sh,L121,e0] PATH=/bin:/usr/bin 
+ [0.085489s|S1,bin/modernish:157,aux/fatal.sh,L125,e0] readonly CC01= CC7F= RO=ok
+ [0.085673s|S1,bin/modernish:157,aux/fatal.sh,L126,e0] case ,,ok,,,ok (,,ok,,,ok)
+ [0.085871s|S1,bin/modernish:157,aux/fatal.sh,L132,e0] RO1=1 RO2=2 RO3=3 
+ [0.085986s|S1,bin/modernish:157,aux/fatal.sh,L133,e0] readonly RO1 RO2 RO3
+ [0.086316s|S1,bin/modernish:157,aux/fatal.sh,L137,e0] set +o braceexpand
+ [0.086538s|S1,bin/modernish:157,aux/fatal.sh,L138,e0] PATH=/dev/null + [0.086596s|S1,bin/modernish:157,aux/fatal.sh,L138,e0] command -v typeset
/opt/clones/modernish/lib/modernish/aux/fatal.sh:138: bad option: -@
+ [0.086906s|S1,bin/modernish:157,aux/fatal.sh,L139,e1] unset -v RO1 RO2 RO3
/opt/clones/modernish/lib/modernish/aux/fatal.sh:139: read-only variable: RO1
+ [0.087011s|S1,modernish/install.sh:143,bin/modernish,L157,e126] echo BUG
+ [0.087103s|S1,modernish/install.sh:143,bin/modernish,L157,e0] echo fatalbug
modernish: Fatal shell bug(s) detected; this shell cannot run modernish.
modernish: Initialisation failed. Aborting.
