Relaunching install.sh with /usr/bin/zsh...
/opt/clones/modernish/lib/modernish/aux/std.sh:setopt:48: no such option: POSIX_ARGZERO
/opt/clones/modernish/lib/modernish/aux/std.sh:setopt:48: no such option: POSIX_ARGZERO
+ [0.018222s|S1,bin/modernish:157,aux/fatal.sh,L44,e0] ulimit -c 0
+ [0.018468s|S1,bin/modernish:157,aux/fatal.sh,L47,e0] IFS='' 
+ [0.018595s|S1,bin/modernish:157,aux/fatal.sh,L47,e0] set +e -fCu
+ [0.018731s|S1,bin/modernish:157,aux/fatal.sh,L54,e0] eval ': || $( : # "
)'
+ [0.018861s|S1,bin/modernish:157,aux/fatal.sh,L54,e0] :
+ [0.019019s|S1,bin/modernish:157,aux/fatal.sh,L59,e0] eval ': || for i;
do :; done'
+ [0.019154s|S1,bin/modernish:157,aux/fatal.sh,L59,e0] :
+ [0.019284s|S1,bin/modernish:157,aux/fatal.sh,L64,e0] case foo\
bar (foo\\
bar)
+ [0.019425s|S1,bin/modernish:157,aux/fatal.sh,L77,e0] t=ok 
+ [0.019837s|S2,bin/modernish:157,aux/fatal.sh,L78,e0] t=bug -@
/opt/clones/modernish/lib/modernish/aux/fatal.sh:78: command not found: -@
+ [0.020302s|S1,bin/modernish:157,aux/fatal.sh,L79,e0] case ok (ok)
+ [0.020439s|S1,bin/modernish:157,aux/fatal.sh,L87,e0] :
+ [0.020555s|S1,bin/modernish:157,aux/fatal.sh,L87,e0] case x (x)
+ [0.020702s|S1,bin/modernish:157,aux/fatal.sh,L93,e0] case  (4.[34].*)
+ [0.020838s|S1,bin/modernish:157,aux/fatal.sh,L103,e0] case 8942 (|0*|*[!0123456789]*)
+ [0.020971s|S1,bin/modernish:157,aux/fatal.sh,L113,e0] PATH=/dev/null 
+ [0.021140s|S1,bin/modernish:157,aux/fatal.sh,L114,e0] t=x 
+ [0.021269s|S1,bin/modernish:157,aux/fatal.sh,L115,e0] command -v unset
+ [0.021376s|S1,bin/modernish:157,aux/fatal.sh,L116,e0] command -V unset
+ [0.021487s|S1,bin/modernish:157,aux/fatal.sh,L117,e0] command -v if
+ [0.021582s|S1,bin/modernish:157,aux/fatal.sh,L118,e0] unset t
+ [0.021666s|S1,bin/modernish:157,aux/fatal.sh,L119,e0] case  (s)
+ [0.021759s|S1,bin/modernish:157,aux/fatal.sh,L121,e0] PATH=/bin:/usr/bin 
+ [0.021900s|S1,bin/modernish:157,aux/fatal.sh,L125,e0] readonly 'CC01=' 'CC7F=' 'RO=ok'
+ [0.021997s|S1,bin/modernish:157,aux/fatal.sh,L126,e0] case ,,ok,,,ok (,,ok,,,ok)
+ [0.022126s|S1,bin/modernish:157,aux/fatal.sh,L132,e0] RO1=1 RO2=2 RO3=3 
+ [0.022225s|S1,bin/modernish:157,aux/fatal.sh,L133,e0] readonly RO1 RO2 RO3
+ [0.022379s|S1,bin/modernish:157,aux/fatal.sh,L137,e0] set +o braceexpand
+ [0.022504s|S1,bin/modernish:157,aux/fatal.sh,L138,e0] PATH=/dev/null + [0.022575s|S1,bin/modernish:157,aux/fatal.sh,L138,e0] command -v typeset
/opt/clones/modernish/lib/modernish/aux/fatal.sh:138: bad option: -@
+ [0.022750s|S1,bin/modernish:157,aux/fatal.sh,L139,e1] unset -v RO1 RO2 RO3
/opt/clones/modernish/lib/modernish/aux/fatal.sh:139: read-only variable: RO1
+ [0.022881s|S1,modernish/install.sh:143,bin/modernish,L157,e126] echo BUG
+ [0.022981s|S1,modernish/install.sh:143,bin/modernish,L157,e0] echo fatalbug
modernish: Fatal shell bug(s) detected; this shell cannot run modernish.
modernish: Initialisation failed. Aborting.
