Relaunching install.sh with /usr/bin/zsh...
+ [0.015711s|S1,bin/modernish:157,adj/fatal.sh,L44,e0] ulimit -c 0
+ [0.015974s|S1,bin/modernish:157,adj/fatal.sh,L47,e0] IFS='' 
+ [0.016071s|S1,bin/modernish:157,adj/fatal.sh,L47,e0] set +e -fCu
+ [0.016219s|S1,bin/modernish:157,adj/fatal.sh,L54,e0] eval ': || $( : # "
)'
+ [0.016293s|S1,bin/modernish:157,adj/fatal.sh,L54,e0] :
+ [0.016438s|S1,bin/modernish:157,adj/fatal.sh,L59,e0] eval ': || for i;
do :; done'
+ [0.016517s|S1,bin/modernish:157,adj/fatal.sh,L59,e0] :
+ [0.016654s|S1,bin/modernish:157,adj/fatal.sh,L64,e0] case foo\
bar (foo\\$'\n'bar)
+ [0.016779s|S1,bin/modernish:157,adj/fatal.sh,L77,e0] t=ok 
+ [0.017160s|S2,bin/modernish:157,adj/fatal.sh,L78,e0] t=bug -@
/opt/clones/modernish/lib/modernish/adj/fatal.sh:78: command not found: -@
+ [0.017589s|S1,bin/modernish:157,adj/fatal.sh,L79,e0] case ok (ok)
+ [0.017735s|S1,bin/modernish:157,adj/fatal.sh,L87,e0] :
+ [0.017823s|S1,bin/modernish:157,adj/fatal.sh,L87,e0] case x (x)
+ [0.017989s|S1,bin/modernish:157,adj/fatal.sh,L93,e0] case  (4.[34].*)
+ [0.018117s|S1,bin/modernish:157,adj/fatal.sh,L103,e0] case 15665 (|0*|*[!0123456789]*)
+ [0.018250s|S1,bin/modernish:157,adj/fatal.sh,L113,e0] PATH=/dev/null 
+ [0.018417s|S1,bin/modernish:157,adj/fatal.sh,L114,e0] t=x 
+ [0.018496s|S1,bin/modernish:157,adj/fatal.sh,L115,e0] command -v unset
+ [0.018601s|S1,bin/modernish:157,adj/fatal.sh,L116,e0] command -V unset
+ [0.018712s|S1,bin/modernish:157,adj/fatal.sh,L117,e0] command -v if
+ [0.018808s|S1,bin/modernish:157,adj/fatal.sh,L118,e0] unset t
+ [0.018900s|S1,bin/modernish:157,adj/fatal.sh,L119,e0] case  (s)
+ [0.019001s|S1,bin/modernish:157,adj/fatal.sh,L121,e0] PATH=/bin:/usr/bin 
+ [0.019122s|S1,bin/modernish:157,adj/fatal.sh,L125,e0] readonly 'CC01=' 'CC7F=' 'RO=ok'
+ [0.019245s|S1,bin/modernish:157,adj/fatal.sh,L126,e0] case ,,ok,,,ok (,,ok,,,ok)
+ [0.019338s|S1,bin/modernish:157,adj/fatal.sh,L132,e0] RO1=1 RO2=2 RO3=3 
+ [0.019430s|S1,bin/modernish:157,adj/fatal.sh,L133,e0] readonly RO1 RO2 RO3
+ [0.019557s|S1,bin/modernish:157,adj/fatal.sh,L137,e0] set +o braceexpand
+ [0.019675s|S1,bin/modernish:157,adj/fatal.sh,L138,e0] PATH=/dev/null + [0.019738s|S1,bin/modernish:157,adj/fatal.sh,L138,e0] command -v typeset
/opt/clones/modernish/lib/modernish/adj/fatal.sh:138: bad option: -@
+ [0.019880s|S1,bin/modernish:157,adj/fatal.sh,L139,e1] unset -v RO1 RO2 RO3
/opt/clones/modernish/lib/modernish/adj/fatal.sh:139: read-only variable: RO1
+ [0.020005s|S1,modernish/install.sh:143,bin/modernish,L157,e126] echo BUG
+ [0.020092s|S1,modernish/install.sh:143,bin/modernish,L157,e0] echo fatalbug
modernish: Fatal shell bug(s) detected; this shell cannot run modernish.
modernish: Initialisation failed. Aborting.
