Relaunching install.sh with /usr/bin/yash...
+ [L44,e0] command ulimit -c 0
+ [L44,e0] ulimit -c 0
+ [L47,e0] IFS=
+ [L47,e0] set +e -fCu
+ [L54,e0] eval : || $( : # "
)
+ [L1,e0] :
+ [L59,e0] eval : || for i;
do :; done
+ [L1,e0] :
+ [L77,e0] t=ok
+ [L78,e0] t=bug command -@
command: -@: invalid option
Usage:  command [-bBp] command [arg...]
        command -v|-V [-bBp] command...
+ [L87,e0] :
+ [L113,e0] PATH=/dev/null
+ [L114,e0] t=x
+ [L115,e0] command -v unset
+ [L116,e0] command -V unset
+ [L117,e0] command -v if
+ [L118,e0] command unset t
+ [L118,e0] unset t
+ [L121,e0] PATH=/bin:/usr/bin
+ [L125,e0] readonly CC01= CC7F= RO=ok
+ [L132,e0] RO1=1 RO2=2 RO3=3
+ [L133,e0] readonly RO1 RO2 RO3
+ [L137,e0] command set +o braceexpand
+ [L137,e0] set +o braceexpand
+ [L138,e0] PATH=/dev/null command -v typeset
+ [L138,e0] command typeset -@ foo
+ [L138,e0] typeset -@ foo
typeset: -@: invalid option
Usage:  typeset [-rgprxX] [name[=value]...]
+ [L139,e2] command unset -v RO1 RO2 RO3
+ [L139,e2] unset -v RO1 RO2 RO3
unset: RO1: readonly
unset: RO2: readonly
unset: RO3: readonly
+ [L142,e1] alias test=test
+ [L146,e0] alias fn=:
+ [L147,e0] eval fn
+ [L1,e0] :
+ [L150,e0] unalias -a
+ [L153,e0] unset -f echo
+ [L156,e0] kill -s 0 349
+ [L164,e0] command eval (
+ [L164,e0] eval (
eval:1: syntax error: `)' missing
+ [L170,e0] fn
+ [L169,e0] :
+ [L169,e0] eval return 0
+ [L1,e0] return 0
+ [L169,e0] :
+ [L170,e1] exit
+ [L1,e1] echo fatalbug
modernish: Fatal shell bug(s) detected; this shell cannot run modernish.
modernish: Initialisation failed. Aborting.
