Relaunching install.sh with /usr/bin/mksh...
+ [303.240215s|P2405,L44,e0] ulimit -c 0
+ [303.240257s|P2405,L47,e0] IFS= 
+ [303.240282s|P2405,L47,e0] set +e -fCu
+ [303.240338s|P2405,L54,e0] eval $': || $( : # "\n)'
+ [303.240451s|P2405,L0,e0] :
+ [303.240513s|P2405,L59,e0] eval $': || for i;\ndo :; done'
+ [303.240554s|P2405,L0,e0] :
+ [303.240632s|P2405,L77,e0] t=ok 
+ [303.240672s|P2405,L78,e0] t=bug command -@
/opt/clones/modernish/install.sh: /opt/clones/modernish/lib/modernish/adj/fatal.sh[78]: command: -@: unknown option
+ [303.240779s|P2405,L87,e0] :
+ [303.240897s|P2405,L113,e0] PATH=/dev/null 
+ [303.240966s|P2405,L113,e0] >/dev/null 
+ [303.241019s|P2405,L114,e0] t=x 
+ [303.241062s|P2405,L115,e0] command -v unset
+ [303.241096s|P2405,L116,e0] command -V unset
+ [303.241130s|P2405,L117,e0] command -v if
+ [303.241196s|P2405,L120,e1] exit
+ [303.241232s|P2405,L120,e1] echo fatalbug
modernish: Fatal shell bug(s) detected; this shell cannot run modernish.
modernish: Initialisation failed. Aborting.
