Relaunching install.sh with /usr/bin/zsh...
/opt/clones/modernish/lib/modernish/aux/std.sh:setopt:48: no such option: POSIX_ARGZERO
/opt/clones/modernish/lib/modernish/aux/std.sh:setopt:48: no such option: POSIX_ARGZERO
+ [0.013085s|S1,bin/modernish:157,aux/fatal.sh,L44,e0] ulimit -c 0
+ [0.013373s|S1,bin/modernish:157,aux/fatal.sh,L47,e0] IFS='' 
+ [0.013497s|S1,bin/modernish:157,aux/fatal.sh,L47,e0] set +e -fCu
+ [0.013678s|S1,bin/modernish:157,aux/fatal.sh,L54,e0] eval ': || $( : # "
)'
+ [0.013803s|S1,bin/modernish:157,aux/fatal.sh,L54,e0] :
+ [0.013934s|S1,bin/modernish:157,aux/fatal.sh,L59,e0] eval ': || for i;
do :; done'
+ [0.014069s|S1,bin/modernish:157,aux/fatal.sh,L59,e0] :
+ [0.014209s|S1,bin/modernish:157,aux/fatal.sh,L64,e0] case foo\
bar (foo\\
bar)
+ [0.014352s|S1,bin/modernish:157,aux/fatal.sh,L77,e0] t=ok 
+ [0.014823s|S2,bin/modernish:157,aux/fatal.sh,L78,e0] t=bug -@
/opt/clones/modernish/lib/modernish/aux/fatal.sh:78: command not found: -@
+ [0.015219s|S1,bin/modernish:157,aux/fatal.sh,L79,e0] case ok (ok)
+ [0.015387s|S1,bin/modernish:157,aux/fatal.sh,L87,e0] :
+ [0.015515s|S1,bin/modernish:157,aux/fatal.sh,L87,e0] case x (x)
+ [0.015678s|S1,bin/modernish:157,aux/fatal.sh,L93,e0] case  (4.[34].*)
+ [0.015821s|S1,bin/modernish:157,aux/fatal.sh,L103,e0] case 9007 (|0*|*[!0123456789]*)
+ [0.015974s|S1,bin/modernish:157,aux/fatal.sh,L113,e0] PATH=/dev/null 
+ [0.016169s|S1,bin/modernish:157,aux/fatal.sh,L114,e0] t=x 
+ [0.016307s|S1,bin/modernish:157,aux/fatal.sh,L115,e0] command -v unset
+ [0.016398s|S1,bin/modernish:157,aux/fatal.sh,L116,e0] command -V unset
+ [0.016483s|S1,bin/modernish:157,aux/fatal.sh,L117,e0] command -v if
+ [0.016570s|S1,bin/modernish:157,aux/fatal.sh,L118,e0] unset t
+ [0.016644s|S1,bin/modernish:157,aux/fatal.sh,L119,e0] case  (s)
+ [0.016739s|S1,bin/modernish:157,aux/fatal.sh,L121,e0] PATH=/bin:/usr/bin 
+ [0.016875s|S1,bin/modernish:157,aux/fatal.sh,L125,e0] readonly 'CC01=' 'CC7F=' 'RO=ok'
+ [0.016982s|S1,bin/modernish:157,aux/fatal.sh,L126,e0] case ,,ok,,,ok (,,ok,,,ok)
+ [0.017087s|S1,bin/modernish:157,aux/fatal.sh,L132,e0] RO1=1 RO2=2 RO3=3 
+ [0.017182s|S1,bin/modernish:157,aux/fatal.sh,L133,e0] readonly RO1 RO2 RO3
+ [0.017315s|S1,bin/modernish:157,aux/fatal.sh,L137,e0] set +o braceexpand
+ [0.017437s|S1,bin/modernish:157,aux/fatal.sh,L138,e0] PATH=/dev/null + [0.017501s|S1,bin/modernish:157,aux/fatal.sh,L138,e0] command -v typeset
/opt/clones/modernish/lib/modernish/aux/fatal.sh:138: bad option: -@
+ [0.017721s|S1,bin/modernish:157,aux/fatal.sh,L139,e1] unset -v RO1 RO2 RO3
/opt/clones/modernish/lib/modernish/aux/fatal.sh:139: read-only variable: RO1
+ [0.017843s|S1,modernish/install.sh:143,bin/modernish,L157,e126] echo BUG
+ [0.017926s|S1,modernish/install.sh:143,bin/modernish,L157,e0] echo fatalbug
modernish: Fatal shell bug(s) detected; this shell cannot run modernish.
modernish: Initialisation failed. Aborting.
