Relaunching install.sh with /usr/bin/mksh...
+ [914.193940s|P2829,L44,e0] ulimit -c 0
+ [914.193987s|P2829,L47,e0] IFS= 
+ [914.194038s|P2829,L47,e0] set +e -fCu
+ [914.194370s|P2829,L54,e0] eval $': || $( : # "\n)'
+ [914.194521s|P2829,L54,e0] :
+ [914.194894s|P2829,L59,e0] eval $': || for i;\ndo :; done'
+ [914.195250s|P2829,L59,e0] :
+ [914.195662s|P2829,L77,e0] t=ok 
+ [914.196005s|P2829,L78,e0] t=bug command -@
/opt/clones/modernish/install.sh: /opt/clones/modernish/lib/modernish/adj/fatal.sh[78]: command: -@: unknown option
+ [914.196337s|P2829,L87,e0] :
+ [914.196661s|P2829,L113,e0] PATH=/dev/null 
+ [914.196765s|P2829,L113,e0] >/dev/null 
+ [914.197074s|P2829,L114,e0] t=x 
+ [914.197274s|P2829,L115,e0] command -v unset
+ [914.197557s|P2829,L116,e0] command -V unset
+ [914.197754s|P2829,L117,e0] command -v if
+ [914.197943s|P2829,L118,e0] unset t
+ [914.198156s|P2829,L121,e0] PATH=/bin:/usr/bin 
+ [914.198397s|P2829,L125,e0] readonly $'CC01=\001' 'CC7F=' 'RO=ok'
+ [914.198670s|P2829,L132,e0] RO1=1 RO2=2 RO3=3 
+ [914.198913s|P2829,L133,e0] readonly RO1 RO2 RO3
+ [914.199028s|P2829,L137,e0] set +o braceexpand
+ [914.199371s|P2829,L138,e0] >|/dev/null 
+ [914.199589s|P2829,L138,e0] PATH=/dev/null command -v typeset
+ [914.199815s|P2829,L138,e0] typeset -@ foo
/opt/clones/modernish/install.sh: /opt/clones/modernish/lib/modernish/adj/fatal.sh[138]: typeset: -@: unknown option
+ [914.200199s|P2829,L139,e1] unset -v RO1 RO2 RO3
/opt/clones/modernish/install.sh: /opt/clones/modernish/lib/modernish/adj/fatal.sh[139]: read-only: RO1
/opt/clones/modernish/install.sh: /opt/clones/modernish/lib/modernish/adj/fatal.sh[139]: read-only: RO2
/opt/clones/modernish/install.sh: /opt/clones/modernish/lib/modernish/adj/fatal.sh[139]: read-only: RO3
+ [914.200982s|P2829,L142,e1] alias 'test=test'
+ [914.201209s|P2829,L146,e0] alias 'fn=:'
+ [914.201435s|P2829,L147,e0] eval fn
+ [914.201630s|P2829,L147,e0] :
+ [914.201863s|P2829,L150,e0] unalias -a
+ [914.201960s|P2829,L153,e0] unset -f echo
+ [914.202022s|P2829,L156,e0] kill -s 0 2817
+ [914.202333s|P2830,L164,e0] eval '('
/opt/clones/modernish/install.sh: syntax error: unmatched '('
+ [914.202776s|P2829,L170,e0] fn
+ [914.202803s|P2829,L169,e0] :
+ [914.202836s|P2829,L169,e0] eval 'return 0'
+ [914.202903s|P2829,L169,e0] return 0
+ [914.203052s|P2829,L180,e0] eval $'command continue\n\t\texit'
+ [914.203102s|P2829,L180,e0] continue
+ [914.203222s|P2829,L184,e0] eval $'command break\n\t\texit'
+ [914.203313s|P2829,L184,e0] break
+ [914.203436s|P2829,L196,e0] unset -v FTL_UNSETFAIL_D7CDE27B_C03A_4B45_8050_30A9292BDE74
+ [914.203588s|P2829,L204,e0] unset -f FTL_UNSFNFAIL_574C63CD_8D52_4DCF_AD22_00B9AC29AFF7
+ [914.203713s|P2829,L209,e0] test foo '=~' bar
/opt/clones/modernish/install.sh: /opt/clones/modernish/lib/modernish/adj/fatal.sh[209]: test: =~: unexpected operator/operand
+ [914.203905s|P2829,L213,e2] test 123 -eq 1XX
/opt/clones/modernish/install.sh: /opt/clones/modernish/lib/modernish/adj/fatal.sh[213]: 1XX: bad number '1XX'
+ [914.204078s|P2829,L216,e2] >/dev/null 
+ [914.204192s|P2829,L216,e2] PATH=/dev/null command -v let
+ [914.204300s|P2829,L216,e0] let --
/opt/clones/modernish/install.sh: /opt/clones/modernish/lib/modernish/adj/fatal.sh[216]: --: -- requires lvalue
+ [914.204469s|P2829,L223,e2] set -- '   \on\e' '\tw'\''o' ' \th\'\''re\e' ' \'\''fo\u\r '
+ [914.204563s|P2829,L224,e0] IFS= 
+ [914.204664s|P2829,L225,e0] set -- '   \on\e' '\tw'\''o' ' \th\'\''re\e' ' \'\''fo\u\r '
+ [914.204871s|P2829,L243,e0] set -u --
+ [914.204956s|P2829,L243,e0] set --
+ [914.205031s|P2829,L243,e0] t= 
+ [914.205134s|P2829,L247,e0] t='1 2 3' 
+ [914.205227s|P2829,L248,e0] IFS='x ' 
+ [914.205320s|P2829,L249,e0] t='1 2 3 4 5' 
+ [914.205422s|P2829,L250,e0] IFS= 
+ [914.205575s|P2829,L263,e0] t=barbarfoo 
+ [914.205717s|P2829,L272,e0] t='a${t2=BUG}' 
+ [914.205819s|P2829,L273,e0] unset -v t2
+ [914.205937s|P2829,L274,e0] t=a 
+ [914.206103s|P2829,L282,e0] t=abcdefghij 
+ [914.206190s|P2829,L283,e0] t2=efg 
+ [914.206314s|P2829,L291,e0] t= 
+ [914.206452s|P2829,L299,e0] set ' foo -> bar' foo
+ [914.206584s|P2829,L307,e0] t=2817 
+ [914.206666s|P2829,L315,e0] t=$'ok\001\177ok' 
+ [914.206792s|P2829,L336,e0] set +u _1_
+ [914.206847s|P2829,L341,e0] set -u
+ [914.206942s|P2829,L354,e0] t='  ::  \on\e :\tw'\''o \th\'\''re\e :\\'\''fo\u\r:   : :  ' 
+ [914.206980s|P2829,L355,e0] IFS=': ' 
+ [914.207017s|P2829,L356,e0] set --   '\on\e' '\tw'\''o' '\th\'\''re\e' '\\'\''fo\u\r'  
+ [914.207052s|P2829,L357,e0] IFS= 
+ [914.207097s|P2829,L358,e0] t='8,,,\on\e,\tw'\''o,\th\'\''re\e,\\'\''fo\u\r,,,U,U,U,U' 
+ [914.207204s|P2829,L371,e0] IFS=/ 
+ [914.207236s|P2829,L372,e0] set -- /root
+ [914.207269s|P2829,L373,e0] IFS= 
+ [914.207332s|P2829,L384,e0] i=7 
+ [914.207366s|P2829,L385,e0] j=0 
+ [914.207495s|P2829,L410,e0] unset -v t2
+ [914.207535s|P2829,L411,e0] >/dev/null 
+ [914.207593s|P2829,L411,e0] command -v typeset
+ [914.207638s|P2829,L411,e0] typeset -i t2
+ [914.207671s|P2829,L412,e0] t2=1000005 
+ [914.207714s|P2829,L413,e0] t='foo\bar' 
+ [914.207779s|P2829,L414,e0] : 1000005
+ [914.207850s|P2829,L419,e0] unset -v t2
+ [914.207897s|P2829,L426,e0] unset -v t
+ [914.207960s|P2829,L427,e0] : 1
+ [914.207989s|P2829,L428,e0] t=128/32 
+ [914.208072s|P2829,L439,e0] eval $'case \047ab\001c\177d\047 in\n( \\a\\b\\\001\\c\\\177\\d ) ;;\n( * )\texit ;;\nesac'
+ [914.208139s|P2829,L447,e0] _Msh_test_1234=x 
+ [914.208204s|P2829,L460,e0] t='ab]cd' 
+ [914.208347s|P2829,L491,e0] set -- '\'
+ [914.208402s|P2829,L500,e0] t= 
+ [914.208500s|P2829,L523,e0] set -C
+ [914.208536s|P2829,L524,e0] >/dev/null 
+ [914.208581s|P2829,L524,e0] :
+ [914.208657s|P2829,L531,e0] 5<&- 
+ [914.208690s|P2829,L531,e0] fn
+ [914.208719s|P2829,L531,e0] 5</dev/null 
+ [914.208762s|P2829,L529,e0] <&5 
+ [914.208798s|P2829,L529,e0] :
+ [914.208864s|P2829,L541,e0] t=0 
+ [914.208982s|P2829,L561,e0] trap 'echo $PPID' 0
+ [914.209050s|P2829,L561,e0] echo 2811
var/loop/find:	Warning: using non-POSIX-compliant '/usr/bin/find'.
		Performance will degrade and breakage cannot be ruled out.
		Recommend installing sfind or GNU find somewhere in $PATH.
+ ulimit -c 0
+ IFS= 
+ set +e -fCu
+ eval $': || $( : # "\n)'
+ :
+ eval $': || for i;\ndo :; done'
+ :
+ t=ok 
+ t=bug command -@
/usr/bin/mksh: /opt/clones/modernish/lib/modernish/adj/fatal.sh[78]: command: -@: unknown option
+ :
+ PATH=/dev/null 
+ >/dev/null 
+ t=x 
+ command -v unset
+ command -V unset
+ command -v if
+ unset t
+ PATH=/bin:/usr/bin 
+ readonly $'CC01=\001' 'CC7F=' 'RO=ok'
+ RO1=1 RO2=2 RO3=3 
+ readonly RO1 RO2 RO3
+ set +o braceexpand
+ >|/dev/null 
+ PATH=/dev/null command -v typeset
+ typeset -@ foo
/usr/bin/mksh: /opt/clones/modernish/lib/modernish/adj/fatal.sh[138]: typeset: -@: unknown option
+ unset -v RO1 RO2 RO3
/usr/bin/mksh: /opt/clones/modernish/lib/modernish/adj/fatal.sh[139]: read-only: RO1
/usr/bin/mksh: /opt/clones/modernish/lib/modernish/adj/fatal.sh[139]: read-only: RO2
/usr/bin/mksh: /opt/clones/modernish/lib/modernish/adj/fatal.sh[139]: read-only: RO3
+ alias 'test=test'
+ alias 'fn=:'
+ eval fn
+ :
+ unalias -a
+ unset -f echo
+ kill -s 0 2923
+ eval '('
/usr/bin/mksh: syntax error: unmatched '('
+ fn
+ :
+ eval 'return 0'
+ return 0
+ eval $'command continue\n\t\texit'
+ continue
+ eval $'command break\n\t\texit'
+ break
+ unset -v FTL_UNSETFAIL_D7CDE27B_C03A_4B45_8050_30A9292BDE74
+ unset -f FTL_UNSFNFAIL_574C63CD_8D52_4DCF_AD22_00B9AC29AFF7
+ test foo '=~' bar
/usr/bin/mksh: /opt/clones/modernish/lib/modernish/adj/fatal.sh[209]: test: =~: unexpected operator/operand
+ test 123 -eq 1XX
/usr/bin/mksh: /opt/clones/modernish/lib/modernish/adj/fatal.sh[213]: 1XX: bad number '1XX'
+ >/dev/null 
+ PATH=/dev/null command -v let
+ let --
/usr/bin/mksh: /opt/clones/modernish/lib/modernish/adj/fatal.sh[216]: --: -- requires lvalue
+ set -- '   \on\e' '\tw'\''o' ' \th\'\''re\e' ' \'\''fo\u\r '
+ IFS= 
+ set -- '   \on\e' '\tw'\''o' ' \th\'\''re\e' ' \'\''fo\u\r '
+ set -u --
+ set --
+ t= 
+ t='1 2 3' 
+ IFS='x ' 
+ t='1 2 3 4 5' 
+ IFS= 
+ t=barbarfoo 
+ t='a${t2=BUG}' 
+ unset -v t2
+ t=a 
+ t=abcdefghij 
+ t2=efg 
+ t= 
+ set ' foo -> bar' foo
+ t=2923 
+ t=$'ok\001\177ok' 
+ set +u _1_
+ set -u
+ t='  ::  \on\e :\tw'\''o \th\'\''re\e :\\'\''fo\u\r:   : :  ' 
+ IFS=': ' 
+ set --   '\on\e' '\tw'\''o' '\th\'\''re\e' '\\'\''fo\u\r'  
+ IFS= 
+ t='8,,,\on\e,\tw'\''o,\th\'\''re\e,\\'\''fo\u\r,,,U,U,U,U' 
+ IFS=/ 
+ set -- /root
+ IFS= 
+ i=7 
+ j=0 
+ unset -v t2
+ >/dev/null 
+ command -v typeset
+ typeset -i t2
+ t2=1000005 
+ t='foo\bar' 
+ : 1000005
+ unset -v t2
+ unset -v t
+ : 1
+ t=128/32 
+ eval $'case \047ab\001c\177d\047 in\n( \\a\\b\\\001\\c\\\177\\d ) ;;\n( * )\texit ;;\nesac'
+ _Msh_test_1234=x 
+ t='ab]cd' 
+ set -- '\'
+ t= 
+ set -C
+ >/dev/null 
+ :
+ 5<&- 
+ fn
+ 5</dev/null 
+ <&5 
+ :
+ t=0 
+ trap 'echo $PPID' 0
+ echo 2817
* Modernish version 0.17.23-dev, now running on /usr/bin/mksh.
* This shell identifies itself as mksh version R55 2017/04/12.
  Modernish detected the following bugs, quirks and/or extra features on it:
  ADDASSIGN	  BUG_NOCHCLASS   DBLBRACKET	  KSHARRAY	  QRK_EXECFNBI
  ARITHCMD	  BUG_PSUBIFSNW   DBLBRACKETV	  LINENO	  QRK_LOCALUNS
  ARITHPP	  BUG_PSUBSQHD	  DOTARG	  LOCALVARS	  RANDOM
  BUG_CMDSETPP	  BUG_TRAPEMPT	  HERESTR	  PSREPLACE	  TESTO
  BUG_CMDSPEXIT   CESCQUOT	  KSH88FUNC	  QRK_32BIT
* Running regression test suite on /usr/bin/mksh ...
+ [915.167766s|P3005,L44,e0] ulimit -c 0
+ [915.167843s|P3005,L47,e0] IFS= 
+ [915.167894s|P3005,L47,e0] set +e -fCu
+ [915.167954s|P3005,L54,e0] eval $': || $( : # "\n)'
+ [915.167987s|P3005,L54,e0] :
+ [915.168053s|P3005,L59,e0] eval $': || for i;\ndo :; done'
+ [915.168108s|P3005,L59,e0] :
+ [915.168247s|P3005,L77,e0] t=ok 
+ [915.168318s|P3005,L78,e0] t=bug command -@
/opt/clones/modernish/bin/modernish: /opt/clones/modernish/lib/modernish/adj/fatal.sh[78]: command: -@: unknown option
+ [915.168496s|P3005,L87,e0] :
+ [915.168705s|P3005,L113,e0] PATH=/dev/null 
+ [915.168848s|P3005,L113,e0] >/dev/null 
+ [915.168903s|P3005,L114,e0] t=x 
+ [915.168963s|P3005,L115,e0] command -v unset
+ [915.168998s|P3005,L116,e0] command -V unset
+ [915.169050s|P3005,L117,e0] command -v if
+ [915.169087s|P3005,L118,e0] unset t
+ [915.169164s|P3005,L121,e0] PATH=/bin:/usr/bin 
+ [915.169235s|P3005,L125,e0] readonly $'CC01=\001' 'CC7F=' 'RO=ok'
+ [915.169325s|P3005,L132,e0] RO1=1 RO2=2 RO3=3 
+ [915.169374s|P3005,L133,e0] readonly RO1 RO2 RO3
+ [915.169444s|P3005,L137,e0] set +o braceexpand
+ [915.169492s|P3005,L138,e0] >|/dev/null 
+ [915.169533s|P3005,L138,e0] PATH=/dev/null command -v typeset
+ [915.169589s|P3005,L138,e0] typeset -@ foo
/opt/clones/modernish/bin/modernish: /opt/clones/modernish/lib/modernish/adj/fatal.sh[138]: typeset: -@: unknown option
+ [915.169672s|P3005,L139,e1] unset -v RO1 RO2 RO3
/opt/clones/modernish/bin/modernish: /opt/clones/modernish/lib/modernish/adj/fatal.sh[139]: read-only: RO1
/opt/clones/modernish/bin/modernish: /opt/clones/modernish/lib/modernish/adj/fatal.sh[139]: read-only: RO2
/opt/clones/modernish/bin/modernish: /opt/clones/modernish/lib/modernish/adj/fatal.sh[139]: read-only: RO3
+ [915.169736s|P3005,L142,e1] alias 'test=test'
+ [915.169818s|P3005,L146,e0] alias 'fn=:'
+ [915.169859s|P3005,L147,e0] eval fn
+ [915.169887s|P3005,L147,e0] :
+ [915.169938s|P3005,L150,e0] unalias -a
+ [915.170003s|P3005,L153,e0] unset -f echo
+ [915.170068s|P3005,L156,e0] kill -s 0 3001
+ [915.170401s|P3006,L164,e0] eval '('
/opt/clones/modernish/bin/modernish: syntax error: unmatched '('
+ [915.170747s|P3005,L170,e0] fn
+ [915.170773s|P3005,L169,e0] :
+ [915.170803s|P3005,L169,e0] eval 'return 0'
+ [915.170832s|P3005,L169,e0] return 0
+ [915.170961s|P3005,L180,e0] eval $'command continue\n\t\texit'
+ [915.170996s|P3005,L180,e0] continue
+ [915.171106s|P3005,L184,e0] eval $'command break\n\t\texit'
+ [915.171138s|P3005,L184,e0] break
+ [915.171250s|P3005,L196,e0] unset -v FTL_UNSETFAIL_D7CDE27B_C03A_4B45_8050_30A9292BDE74
+ [915.171382s|P3005,L204,e0] unset -f FTL_UNSFNFAIL_574C63CD_8D52_4DCF_AD22_00B9AC29AFF7
+ [915.171471s|P3005,L209,e0] test foo '=~' bar
/opt/clones/modernish/bin/modernish: /opt/clones/modernish/lib/modernish/adj/fatal.sh[209]: test: =~: unexpected operator/operand
+ [915.171548s|P3005,L213,e2] test 123 -eq 1XX
/opt/clones/modernish/bin/modernish: /opt/clones/modernish/lib/modernish/adj/fatal.sh[213]: 1XX: bad number '1XX'
+ [915.171615s|P3005,L216,e2] >/dev/null 
+ [915.171672s|P3005,L216,e2] PATH=/dev/null command -v let
+ [915.171745s|P3005,L216,e0] let --
/opt/clones/modernish/bin/modernish: /opt/clones/modernish/lib/modernish/adj/fatal.sh[216]: --: -- requires lvalue
+ [915.171844s|P3005,L223,e2] set -- '   \on\e' '\tw'\''o' ' \th\'\''re\e' ' \'\''fo\u\r '
+ [915.171894s|P3005,L224,e0] IFS= 
+ [915.171958s|P3005,L225,e0] set -- '   \on\e' '\tw'\''o' ' \th\'\''re\e' ' \'\''fo\u\r '
+ [915.172116s|P3005,L243,e0] set -u --
+ [915.172148s|P3005,L243,e0] set --
+ [915.172185s|P3005,L243,e0] t= 
+ [915.172255s|P3005,L247,e0] t='1 2 3' 
+ [915.172311s|P3005,L248,e0] IFS='x ' 
+ [915.172364s|P3005,L249,e0] t='1 2 3 4 5' 
+ [915.172423s|P3005,L250,e0] IFS= 
+ [915.172532s|P3005,L263,e0] t=barbarfoo 
+ [915.172600s|P3005,L272,e0] t='a${t2=BUG}' 
+ [915.172636s|P3005,L273,e0] unset -v t2
+ [915.172668s|P3005,L274,e0] t=a 
+ [915.172808s|P3005,L282,e0] t=abcdefghij 
+ [915.172902s|P3005,L283,e0] t2=efg 
+ [915.173036s|P3005,L291,e0] t= 
+ [915.173169s|P3005,L299,e0] set ' foo -> bar' foo
+ [915.173303s|P3005,L307,e0] t=3001 
+ [915.173450s|P3005,L315,e0] t=$'ok\001\177ok' 
+ [915.173634s|P3005,L336,e0] set +u _1_
+ [915.173760s|P3005,L341,e0] set -u
+ [915.173891s|P3005,L354,e0] t='  ::  \on\e :\tw'\''o \th\'\''re\e :\\'\''fo\u\r:   : :  ' 
+ [915.173984s|P3005,L355,e0] IFS=': ' 
+ [915.174096s|P3005,L356,e0] set --   '\on\e' '\tw'\''o' '\th\'\''re\e' '\\'\''fo\u\r'  
+ [915.174194s|P3005,L357,e0] IFS= 
+ [915.174256s|P3005,L358,e0] t='8,,,\on\e,\tw'\''o,\th\'\''re\e,\\'\''fo\u\r,,,U,U,U,U' 
+ [915.174376s|P3005,L371,e0] IFS=/ 
+ [915.174434s|P3005,L372,e0] set -- /root
+ [915.174508s|P3005,L373,e0] IFS= 
+ [915.174595s|P3005,L384,e0] i=7 
+ [915.174644s|P3005,L385,e0] j=0 
+ [915.174796s|P3005,L410,e0] unset -v t2
+ [915.174859s|P3005,L411,e0] >/dev/null 
+ [915.174933s|P3005,L411,e0] command -v typeset
+ [915.174995s|P3005,L411,e0] typeset -i t2
+ [915.175053s|P3005,L412,e0] t2=1000005 
+ [915.175108s|P3005,L413,e0] t='foo\bar' 
+ [915.175176s|P3005,L414,e0] : 1000005
+ [915.175263s|P3005,L419,e0] unset -v t2
+ [915.175335s|P3005,L426,e0] unset -v t
+ [915.175394s|P3005,L427,e0] : 1
+ [915.175443s|P3005,L428,e0] t=128/32 
+ [915.175543s|P3005,L439,e0] eval $'case \047ab\001c\177d\047 in\n( \\a\\b\\\001\\c\\\177\\d ) ;;\n( * )\texit ;;\nesac'
+ [915.175628s|P3005,L447,e0] _Msh_test_1234=x 
+ [915.175718s|P3005,L460,e0] t='ab]cd' 
+ [915.175888s|P3005,L491,e0] set -- '\'
+ [915.175969s|P3005,L500,e0] t= 
+ [915.176089s|P3005,L523,e0] set -C
+ [915.176148s|P3005,L524,e0] >/dev/null 
+ [915.176213s|P3005,L524,e0] :
+ [915.176304s|P3005,L531,e0] 5<&- 
+ [915.176358s|P3005,L531,e0] fn
+ [915.176408s|P3005,L531,e0] 5</dev/null 
+ [915.176466s|P3005,L529,e0] <&5 
+ [915.176523s|P3005,L529,e0] :
+ [915.176601s|P3005,L541,e0] t=0 
+ [915.176723s|P3005,L561,e0] trap 'echo $PPID' 0
+ [915.176806s|P3005,L561,e0] echo 2817
Out of 384 tests:
- 365 succeeded
- 12 were skipped
- 0 produced warnings
- 7 failed expectedly
- 0 failed unexpectedly
* Tests passed. No bugs in modernish were detected.
[m[33m[(B[m[31mmkdir(B[m[33m]> (B[m[34m[1m/bin/mkdir -p /usr/local/lib/modernish/bin(B[m
- Installed sh symlink: /usr/local/lib/modernish/bin/sh -> /usr/bin/mksh
[m[33m[(B[m[31mmkdir(B[m[33m]> (B[m[34m[1m/bin/mkdir -p /usr/local/share/doc/modernish(B[m
- Installed: /usr/local/share/doc/modernish/README.md
- Installed: /usr/local/share/doc/modernish/EXAMPLES.md
- Installed: /usr/local/bin/modernish (hashbang path: /usr/local/lib/modernish/bin/sh)
[m[33m[(B[m[31mmkdir(B[m[33m]> (B[m[34m[1m/bin/mkdir -p /usr/local/lib/modernish/mdl(B[m
- Installed: /usr/local/lib/modernish/mdl/safe.mm
[m[33m[(B[m[31mmkdir(B[m[33m]> (B[m[34m[1m/bin/mkdir -p /usr/local/lib/modernish/mdl/_IN[m
- Installed: /usr/local/lib/modernish/mdl/_IN/sig.mm
- Installed: /usr/local/lib/modernish/mdl/_IN/opt.mm
[m[33m[(B[m[31mmkdir(B[m[33m]> (B[m[34m[1m/bin/mkdir -p /usr/local/lib/modernish/mdl/sys/term(B[m
- Installed: /usr/local/lib/modernish/mdl/sys/term/readkey.mm
- Installed: /usr/local/lib/modernish/mdl/sys/term/putr.mm
[m[33m[(B[m[31mmkdir(B[m[33m]> (B[m[34m[1m/bin/mkdir -p /usr/local/lib/modernish/mdl/sys/cmd(B[m
- Installed: /usr/local/lib/modernish/mdl/sys/cmd/procsubst.mm
- Installed: /usr/local/lib/modernish/mdl/sys/cmd/source.mm
- Installed: /usr/local/lib/modernish/mdl/sys/cmd/harden.mm
- Installed: /usr/local/lib/modernish/mdl/sys/cmd/mapr.mm
- Installed: /usr/local/lib/modernish/mdl/sys/cmd/extern.mm
[m[33m[(B[m[31mmkdir(B[m[33m]> (B[m[34m[1m/bin/mkdir -p /usr/local/lib/modernish/mdl/sys/base(B[m
- Installed: /usr/local/lib/modernish/mdl/sys/base/which.mm
- Installed: /usr/local/lib/modernish/mdl/sys/base/tac.mm
- Installed: /usr/local/lib/modernish/mdl/sys/base/rev.mm
- Installed: /usr/local/lib/modernish/mdl/sys/base/readlink.mm
- Installed: /usr/local/lib/modernish/mdl/sys/base/mktemp.mm
- Installed: /usr/local/lib/modernish/mdl/sys/base/shuf.mm
- Installed: /usr/local/lib/modernish/mdl/sys/base/seq.mm
- Installed: /usr/local/lib/modernish/mdl/sys/base/yes.mm
[m[33m[(B[m[31mmkdir(B[m[33m]> (B[m[34m[1m/bin/mkdir -p /usr/local/lib/modernish/mdl/sys/dir(B[m
- Installed: /usr/local/lib/modernish/mdl/sys/dir/countfiles.mm
- Installed: /usr/local/lib/modernish/mdl/sys/dir/mkcd.mm
[m[33m[(B[m[31mmkdir(B[m[33m]> (B[m[34m[1m/bin/mkdir -p /usr/local/lib/modernish/mdl/var(B[m
- Installed: /usr/local/lib/modernish/mdl/var/local.mm
- Installed: /usr/local/lib/modernish/mdl/var/genoptparser.mm
[m[33m[(B[m[31mmkdir(B[m[33m]> (B[m[34m[1m/bin/mkdir -p /usr/local/lib/modernish/mdl/var/stack/extra(B[m
- Installed: /usr/local/lib/modernish/mdl/var/stack/extra/stacksize.mm
- Installed: /usr/local/lib/modernish/mdl/var/stack/extra/clearstack.mm
- Installed: /usr/local/lib/modernish/mdl/var/stack/extra/printstack.mm
- Installed: /usr/local/lib/modernish/mdl/var/stack/extra/stackempty.mm
- Installed: /usr/local/lib/modernish/mdl/var/stack/trap.mm
[m[33m[(B[m[31mmkdir(B[m[33m]> (B[m[34m[1m/bin/mkdir -p /usr/local/lib/modernish/mdl/var/arith(B[m
- Installed: /usr/local/lib/modernish/mdl/var/arith/cmp.mm
- Installed: /usr/local/lib/modernish/mdl/var/arith/ops.mm
- Installed: /usr/local/lib/modernish/mdl/var/readf.mm
- Installed: /usr/local/lib/modernish/mdl/var/loop.mm
[m[33m[(B[m[31mmkdir(B[m[33m]> (B[m[34m[1m/bin/mkdir -p /usr/local/lib/modernish/mdl/var/string(B[m
- Installed: /usr/local/lib/modernish/mdl/var/string/trim.mm
- Installed: /usr/local/lib/modernish/mdl/var/string/append.mm
- Installed: /usr/local/lib/modernish/mdl/var/string/touplow.mm
- Installed: /usr/local/lib/modernish/mdl/var/string/replacein.mm
- Installed: /usr/local/lib/modernish/mdl/var/shellquote.mm
- Installed: /usr/local/lib/modernish/mdl/var/mapr.mm
- Installed: /usr/local/lib/modernish/mdl/var/unexport.mm
- Installed: /usr/local/lib/modernish/mdl/var/assign.mm
[m[33m[(B[m[31mmkdir(B[m[33m]> (B[m[34m[1m/bin/mkdir -p /usr/local/lib/modernish/mdl/var/loop(B[m
- Installed: /usr/local/lib/modernish/mdl/var/loop/select.mm
- Installed: /usr/local/lib/modernish/mdl/var/loop/for.mm
- Installed: /usr/local/lib/modernish/mdl/var/loop/find.mm
- Installed: /usr/local/lib/modernish/mdl/var/loop/repeat.mm
[m[33m[(B[m[31mmkdir(B[m[33m]> (B[m[34m[1m/bin/mkdir -p /usr/local/lib/modernish/adj(B[m
- Installed: /usr/local/lib/modernish/adj/ematch.awk (hashbang path: /usr/bin/awk -f)
- Installed: /usr/local/lib/modernish/adj/id.sh
- Installed: /usr/local/lib/modernish/adj/fatal.sh
[m[33m[(B[m[31mmkdir(B[m[33m]> (B[m[34m[1m/bin/mkdir -p /usr/local/lib/modernish/adj/sys/cmd(B[m
- Installed: /usr/local/lib/modernish/adj/sys/cmd/mapr.awk
[m[33m[(B[m[31mmkdir(B[m[33m]> (B[m[34m[1m/bin/mkdir -p /usr/local/lib/modernish/adj/sys/base(B[m
- Installed: /usr/local/lib/modernish/adj/sys/base/tac.awk
- Installed: /usr/local/lib/modernish/adj/std.sh
[m[33m[(B[m[31mmkdir(B[m[33m]> (B[m[34m[1m/bin/mkdir -p /usr/local/lib/modernish/adj/var/loop(B[m
- Installed: /usr/local/lib/modernish/adj/var/loop/find-ask.sh
- Installed: /usr/local/lib/modernish/adj/var/loop/find.awk
- Installed: /usr/local/lib/modernish/adj/var/loop/find.sh
- Installed: /usr/local/lib/modernish/adj/var/loop/find-path.sh
- Installed: /usr/local/lib/modernish/adj/var/loop/find-exec.sh
- Installed: /usr/local/lib/modernish/adj/var/loop/find-ok.sh
[m[33m[(B[m[31mmkdir(B[m[33m]> (B[m[34m[1m/bin/mkdir -p /usr/local/lib/modernish/adj/cap(B[m
- Installed: /usr/local/lib/modernish/adj/cap/BUG_TRAPFNEXI.sh
- Installed: /usr/local/lib/modernish/adj/cap/DOTARG.sh
- Installed: /usr/local/lib/modernish/adj/cap/BUG_LNNONEG.sh
- Installed: /usr/local/lib/modernish/adj/cap/BUG_LOOPRET3.sh
[m[33m[(B[m[31mmkdir(B[m[33m]> (B[m[34m[1m/bin/mkdir -p /usr/local/lib/modernish/tst(B[m
- Installed: /usr/local/lib/modernish/tst/local.t
- Installed: /usr/local/lib/modernish/tst/io.t
- Installed: /usr/local/lib/modernish/tst/run.sh
- Installed: /usr/local/lib/modernish/tst/var.t
- Installed: /usr/local/lib/modernish/tst/trap.t
- Installed: /usr/local/lib/modernish/tst/@sanitychecks.t
- Installed: /usr/local/lib/modernish/tst/is.t
- Installed: /usr/local/lib/modernish/tst/match.t
- Installed: /usr/local/lib/modernish/tst/builtin.t
- Installed: /usr/local/lib/modernish/tst/arith.t
- Installed: /usr/local/lib/modernish/tst/stack.t
- Installed: /usr/local/lib/modernish/tst/isset.t
- Installed: /usr/local/lib/modernish/tst/sys.t
- Installed: /usr/local/lib/modernish/tst/string.t
- Installed: /usr/local/lib/modernish/tst/posparam_spc.t
- Installed: /usr/local/lib/modernish/tst/shellquote.t
- Installed: /usr/local/lib/modernish/tst/loop_cond.t
- Installed: /usr/local/lib/modernish/tst/posparam.t
- Installed: /usr/local/lib/modernish/tst/process.t
[m[33m[(B[m[31mmkdir(B[m[33m]> (B[m[34m[1m/bin/mkdir -p /usr/local/lib/modernish/cap(B[m
- Installed: /usr/local/lib/modernish/cap/BUG_SHIFTERR0.t
- Installed: /usr/local/lib/modernish/cap/QRK_FNRDREXIT.t
- Installed: /usr/local/lib/modernish/cap/QRK_IFSFINAL.t
- Installed: /usr/local/lib/modernish/cap/BUG_SETOUTVAR.t
- Installed: /usr/local/lib/modernish/cap/BUG_PUTIOERR.t
- Installed: /usr/local/lib/modernish/cap/BUG_CSUBSTDO.t
- Installed: /usr/local/lib/modernish/cap/README.md
- Installed: /usr/local/lib/modernish/cap/BUG_READWHSP.t
- Installed: /usr/local/lib/modernish/cap/BUG_PP_10.t
- Installed: /usr/local/lib/modernish/cap/BUG_PP_1ARG.t
- Installed: /usr/local/lib/modernish/cap/TESTO.t
- Installed: /usr/local/lib/modernish/cap/DOTARG.t
- Installed: /usr/local/lib/modernish/cap/BUG_IFSGLOBC.t
- Installed: /usr/local/lib/modernish/cap/BUG_REDIRPOS.t
- Installed: /usr/local/lib/modernish/cap/ROFUNC.t
- Installed: /usr/local/lib/modernish/cap/QRK_ARITHWHSP.t
- Installed: /usr/local/lib/modernish/cap/NONFORKSUBSH.t
- Installed: /usr/local/lib/modernish/cap/BUG_ASGNLOCAL.t
- Installed: /usr/local/lib/modernish/cap/BUG_ZSHNAMES2.t
- Installed: /usr/local/lib/modernish/cap/BUG_FORLOCAL.t
- Installed: /usr/local/lib/modernish/cap/BUG_TRAPRETIR.t
- Installed: /usr/local/lib/modernish/cap/BUG_PP_08.t
- Installed: /usr/local/lib/modernish/cap/BUG_PSUBASNCC.t
- Installed: /usr/local/lib/modernish/cap/ADDASSIGN.t
- Installed: /usr/local/lib/modernish/cap/BUG_NOEXPRO.t
- Installed: /usr/local/lib/modernish/cap/ARITHPP.t
- Installed: /usr/local/lib/modernish/cap/BUG_PP_03A.t
- Installed: /usr/local/lib/modernish/cap/BUG_KUNSETIFS.t
- Installed: /usr/local/lib/modernish/cap/BUG_PSUBSQHD.t
- Installed: /usr/local/lib/modernish/cap/BUG_ARITHSPLT.t
- Installed: /usr/local/lib/modernish/cap/KSH88FUNC.t
- Installed: /usr/local/lib/modernish/cap/BUG_CMDPV.t
- Installed: /usr/local/lib/modernish/cap/QRK_LOCALUNS2.t
- Installed: /usr/local/lib/modernish/cap/BUG_TRAPEMPT.t
- Installed: /usr/local/lib/modernish/cap/BUG_CMDOPTEXP.t
- Installed: /usr/local/lib/modernish/cap/BUG_TESTILNUM.t
- Installed: /usr/local/lib/modernish/cap/BUG_PSUBNEWLN.t
- Installed: /usr/local/lib/modernish/cap/BUG_TRAPFNEXI.t
- Installed: /usr/local/lib/modernish/cap/BUG_CMDEXEC.t
- Installed: /usr/local/lib/modernish/cap/BUG_UNSETUNXP.t
- Installed: /usr/local/lib/modernish/cap/BUG_PSUBBKSL1.t
- Installed: /usr/local/lib/modernish/cap/QRK_ANDORBG.t
- Installed: /usr/local/lib/modernish/cap/ANONFUNC.t
- Installed: /usr/local/lib/modernish/cap/WRN_NOSIGPIPE.t
- Installed: /usr/local/lib/modernish/cap/BUG_ZSHNAMES.t
- Installed: /usr/local/lib/modernish/cap/QRK_BCDANGER.t
- Installed: /usr/local/lib/modernish/cap/BUG_LOOPRET1.t
- Installed: /usr/local/lib/modernish/cap/BUG_DOLRCSUB.t
- Installed: /usr/local/lib/modernish/cap/BUG_DEVTTY.t
- Installed: /usr/local/lib/modernish/cap/BUG_ARITHNAN.t
- Installed: /usr/local/lib/modernish/cap/BUG_PP_07A.t
- Installed: /usr/local/lib/modernish/cap/QRK_ARITHEMPT.t
- Installed: /usr/local/lib/modernish/cap/BUG_PP_05.t
- Installed: /usr/local/lib/modernish/cap/QRK_OPTABBR.t
- Installed: /usr/local/lib/modernish/cap/BUG_IFSISSET.t
- Installed: /usr/local/lib/modernish/cap/BUG_BRACQUOT.t
- Installed: /usr/local/lib/modernish/cap/BUG_TRAPEXIT.t
- Installed: /usr/local/lib/modernish/cap/BUG_PP_04_S.t
- Installed: /usr/local/lib/modernish/cap/VARPREFIX.t
- Installed: /usr/local/lib/modernish/cap/BUG_CASELIT.t
- Installed: /usr/local/lib/modernish/cap/BUG_SCLOSEDFD.t
- Installed: /usr/local/lib/modernish/cap/PRINTFV.t
- Installed: /usr/local/lib/modernish/cap/BUG_IFSCC01PP.t
- Installed: /usr/local/lib/modernish/cap/BUG_PP_03B.t
- Installed: /usr/local/lib/modernish/cap/BUG_PSUBEMPT.t
- Installed: /usr/local/lib/modernish/cap/BUG_OPTNOLOG.t
- Installed: /usr/local/lib/modernish/cap/BUG_PP_07.t
- Installed: /usr/local/lib/modernish/cap/QRK_LOCALUNS.t
- Installed: /usr/local/lib/modernish/cap/WRN_EREMBYTE.t
- Installed: /usr/local/lib/modernish/cap/BUG_CMDSPASGN.t
- Installed: /usr/local/lib/modernish/cap/QRK_SPCBIXP.t
- Installed: /usr/local/lib/modernish/cap/BUG_KBGPID.t
- Installed: /usr/local/lib/modernish/cap/HERESTR.t
- Installed: /usr/local/lib/modernish/cap/BUG_PP_01.t
- Installed: /usr/local/lib/modernish/cap/KSHARRAY.t
- Installed: /usr/local/lib/modernish/cap/BUG_CMDSETPP.t
- Installed: /usr/local/lib/modernish/cap/BUG_PP_03C.t
- Installed: /usr/local/lib/modernish/cap/QRK_OPTDASH.t
- Installed: /usr/local/lib/modernish/cap/BUG_ISSETLOOP.t
- Installed: /usr/local/lib/modernish/cap/BUG_SPCBILOC.t
- Installed: /usr/local/lib/modernish/cap/TRAPPRSUBSH.t
- Installed: /usr/local/lib/modernish/cap/KSH93FUNC.t
- Installed: /usr/local/lib/modernish/cap/QRK_GLOBDOTS.t
- Installed: /usr/local/lib/modernish/cap/BUG_LOOPRET3.t
- Installed: /usr/local/lib/modernish/cap/ARITHCMD.t
- Installed: /usr/local/lib/modernish/cap/BUG_DQGLOB.t
- Installed: /usr/local/lib/modernish/cap/BUG_LNNONEG.t
- Installed: /usr/local/lib/modernish/cap/BUG_CDPCANON.t
- Installed: /usr/local/lib/modernish/cap/TESTERE.t
- Installed: /usr/local/lib/modernish/cap/BUG_MULTIBIFS.t
- Installed: /usr/local/lib/modernish/cap/QRK_EVALNOOPT.t
- Installed: /usr/local/lib/modernish/cap/BUG_ASGNCC01.t
- Installed: /usr/local/lib/modernish/cap/LEPIPEMAIN.t
- Installed: /usr/local/lib/modernish/cap/BUG_PP_04E.t
- Installed: /usr/local/lib/modernish/cap/BUG_LOOPRET2.t
- Installed: /usr/local/lib/modernish/cap/BUG_PSUBIFSNW.t
- Installed: /usr/local/lib/modernish/cap/BUG_CMDSPEXIT.t
- Installed: /usr/local/lib/modernish/cap/BUG_REDIRIO.t
- Installed: /usr/local/lib/modernish/cap/BUG_CSUBBTQUOT.t
- Installed: /usr/local/lib/modernish/cap/BUG_PP_02.t
- Installed: /usr/local/lib/modernish/cap/PSREPLACE.t
- Installed: /usr/local/lib/modernish/cap/BUG_PSUBEMIFS.t
- Installed: /usr/local/lib/modernish/cap/BUG_PP_06A.t
- Installed: /usr/local/lib/modernish/cap/DBLBRACKETV.t
- Installed: /usr/local/lib/modernish/cap/QRK_UNSETF.t
- Installed: /usr/local/lib/modernish/cap/QRK_OPTCASE.t
- Installed: /usr/local/lib/modernish/cap/RANDOM.t
- Installed: /usr/local/lib/modernish/cap/BUG_TESTERR1A.t
- Installed: /usr/local/lib/modernish/cap/BUG_IFSGLOBP.t
- Installed: /usr/local/lib/modernish/cap/BUG_EXPORTUNS.t
- Installed: /usr/local/lib/modernish/cap/CESCQUOT.t
- Installed: /usr/local/lib/modernish/cap/BUG_ALIASPOSX.t
- Installed: /usr/local/lib/modernish/cap/BUG_CASEEMPT.t
- Installed: /usr/local/lib/modernish/cap/BUG_TRAPUNSRE.t
- Installed: /usr/local/lib/modernish/cap/QRK_HDPARQUOT.t
- Installed: /usr/local/lib/modernish/cap/BUG_HDOCMASK.t
- Installed: /usr/local/lib/modernish/cap/BUG_PSUBSQUOT.t
- Installed: /usr/local/lib/modernish/cap/QRK_PPIPEMAIN.t
- Installed: /usr/local/lib/modernish/cap/QRK_LOCALINH.t
- Installed: /usr/local/lib/modernish/cap/BUG_PP_08B.t
- Installed: /usr/local/lib/modernish/cap/QRK_EXECFNBI.t
- Installed: /usr/local/lib/modernish/cap/BUG_FNSUBSH.t
- Installed: /usr/local/lib/modernish/cap/PROCSUBST.t
- Installed: /usr/local/lib/modernish/cap/DBLBRACKET.t
- Installed: /usr/local/lib/modernish/cap/BUG_CSNHDBKSL.t
- Installed: /usr/local/lib/modernish/cap/BUG_ARITHINIT.t
- Installed: /usr/local/lib/modernish/cap/BUG_HDOCBKSL.t
- Installed: /usr/local/lib/modernish/cap/BUG_GETOPTSMA.t
- Installed: /usr/local/lib/modernish/cap/BUG_CASESTAT.t
- Installed: /usr/local/lib/modernish/cap/BUG_ALIASCSHD.t
- Installed: /usr/local/lib/modernish/cap/BUG_CSUBRMLF.t
- Installed: /usr/local/lib/modernish/cap/QRK_LOCALSET.t
- Installed: /usr/local/lib/modernish/cap/BUG_PP_MDIGIT.t
- Installed: /usr/local/lib/modernish/cap/BUG_CSUBLNCONT.t
- Installed: /usr/local/lib/modernish/cap/QRK_EMPTPPWRD.t
- Installed: /usr/local/lib/modernish/cap/BUG_CASEPAREN.t
- Installed: /usr/local/lib/modernish/cap/BUG_PP_09.t
- Installed: /usr/local/lib/modernish/cap/QRK_OPTULINE.t
- Installed: /usr/local/lib/modernish/cap/QRK_EMPTPPFLD.t
- Installed: /usr/local/lib/modernish/cap/QRK_OPTNOPRFX.t
- Installed: /usr/local/lib/modernish/cap/BUG_ARITHLNNO.t
- Installed: /usr/local/lib/modernish/cap/BUG_IFSGLOBS.t
- Installed: /usr/local/lib/modernish/cap/BUG_PP_10A.t
- Installed: /usr/local/lib/modernish/cap/DBLBRACKETERE.t
- Installed: /usr/local/lib/modernish/cap/BUG_TRAPSUB0.t
- Installed: /usr/local/lib/modernish/cap/BUG_CDNOLOGIC.t
- Installed: /usr/local/lib/modernish/cap/QRK_32BIT.t
- Installed: /usr/local/lib/modernish/cap/BUG_VARPREFIX.t
- Installed: /usr/local/lib/modernish/cap/LINENO.t
- Installed: /usr/local/lib/modernish/cap/ARITHFOR.t
- Installed: /usr/local/lib/modernish/cap/WRN_MULTIBYTE.t
- Installed: /usr/local/lib/modernish/cap/BUG_NOCHCLASS.t
- Installed: /usr/local/lib/modernish/cap/PROCREDIR.t
- Installed: /usr/local/lib/modernish/cap/BUG_TESTONEG.t
- Installed: /usr/local/lib/modernish/cap/QRK_LOCALSET2.t
- Installed: /usr/local/lib/modernish/cap/BUG_PP_03.t
- Installed: /usr/local/lib/modernish/cap/TRAPZERR.t
- Installed: /usr/local/lib/modernish/cap/BUG_CMDEXPAN.t
- Installed: /usr/local/lib/modernish/cap/LOCALVARS.t
- Installed: /usr/local/lib/modernish/cap/BUG_PP_04A.t
[m[33m[(B[m[31mmkdir(B[m[33m]> (B[m[34m[1m/bin/mkdir -p /usr/local/share/doc/modernish/utils(B[m
- Installed: /usr/local/share/doc/modernish/utils/git-restore-timestamps.sh (hashbang path: /usr/bin/env modernish)
- Installed: /usr/local/share/doc/modernish/utils/README
- Installed: /usr/local/share/doc/modernish/utils/testshells.sh (hashbang path: /usr/bin/env modernish)
- Installed: /usr/local/share/doc/modernish/utils/mktoc.sh (hashbang path: /usr/bin/env modernish)
- Installed: /usr/local/share/doc/modernish/utils/modules-unalias-update.sh (hashbang path: /usr/bin/env modernish)
- Installed: /usr/local/share/doc/modernish/utils/showTODO.sh (hashbang path: /usr/bin/env modernish)
- Installed: /usr/local/share/doc/modernish/utils/bundle-diff-update.sh (hashbang path: /usr/bin/env modernish)
- Installed: /usr/local/share/doc/modernish/CODINGSTYLE
[m[33m[(B[m[31mmkdir(B[m[33m]> (B[m[34m[1m/bin/mkdir -p /usr/local/share/doc/modernish/examples(B[m
- Installed: /usr/local/share/doc/modernish/examples/dice.sh (hashbang path: /usr/bin/env modernish)
- Installed: /usr/local/share/doc/modernish/examples/copy-timestamps.sh (hashbang path: /usr/bin/env modernish)
- Installed: /usr/local/share/doc/modernish/examples/README
- Installed: /usr/local/share/doc/modernish/examples/get-firefox.sh (hashbang path: /usr/bin/env modernish)
- Installed: /usr/local/share/doc/modernish/examples/sort-music.sh (hashbang path: /usr/bin/env modernish)
[m[33m[(B[m[31mmkdir(B[m[33m]> (B[m[34m[1m/bin/mkdir -p /usr/local/share/doc/modernish/examples/resurrectjoe(B[m
- Installed: /usr/local/share/doc/modernish/examples/resurrectjoe/resurrectjoe.sh (hashbang path: /usr/bin/env modernish)
- Installed: /usr/local/share/doc/modernish/examples/resurrectjoe/SAMPLE_DEADJOE
- Installed: /usr/local/share/doc/modernish/examples/procsubst.sh (hashbang path: /usr/bin/env modernish)
- Installed: /usr/local/share/doc/modernish/examples/morse.sh (hashbang path: /usr/bin/env modernish)
- Installed: /usr/local/share/doc/modernish/examples/findloop.sh (hashbang path: /usr/bin/env modernish)
[m[33m[(B[m[31mmkdir(B[m[33m]> (B[m[34m[1m/bin/mkdir -p /usr/local/share/doc/modernish/tests(B[m
- Installed: /usr/local/share/doc/modernish/tests/die-bg-test.sh (hashbang path: /usr/bin/env modernish)
- Installed: /usr/local/share/doc/modernish/tests/README
- Installed: /usr/local/share/doc/modernish/tests/local-test.sh (hashbang path: /usr/bin/env modernish)
- Installed: /usr/local/share/doc/modernish/tests/harden-test.sh (hashbang path: /usr/bin/env modernish)
- Installed: /usr/local/share/doc/modernish/tests/shellquote-test.sh (hashbang path: /usr/bin/env modernish)
- Installed: /usr/local/share/doc/modernish/tests/mktemp-stresstest.sh (hashbang path: /usr/bin/env modernish)
- Installed: /usr/local/share/doc/modernish/HELP
- Installed: /usr/local/share/doc/modernish/DESIGN.md
- Installed: /usr/local/share/doc/modernish/LICENSE

Modernish 0.17.23-dev installed successfully with default shell /usr/local/lib/modernish/bin/sh.
Be sure /usr/local/bin is in your $PATH before starting.
