Relaunching install.sh with /usr/bin/yash...
+ [L44,e0] command ulimit -c 0
[m+ [L47,e0] IFS=
[m+ [L47,e0] set +e -fCu
[m+ [L54,e0] eval : || $( : # "
)
[m+ [L1,e0] :
[m+ [L59,e0] eval : || for i;
do :; done
[m+ [L1,e0] :
[m+ [L77,e0] t=ok
[m+ [L78,e0] t=bug command -@
[mcommand: `-@' is not a valid option
+ [L87,e0] :
[m+ [L113,e0] PATH=/dev/null
[m+ [L114,e0] t=x
[m+ [L115,e0] command -v unset
[m+ [L116,e0] command -V unset
[m+ [L117,e0] command -v if
[m+ [L118,e0] command unset t
[m+ [L121,e0] PATH=/bin:/usr/bin
[m+ [L125,e0] readonly CC01= CC7F= RO=ok
[m+ [L132,e0] RO1=1 RO2=2 RO3=3
[m+ [L133,e0] readonly RO1 RO2 RO3
[m+ [L137,e0] command set +o braceexpand
[m+ [L138,e0] PATH=/dev/null command -v typeset
[m+ [L138,e0] command typeset -@ foo
[mtypeset: `-@' is not a valid option
+ [L139,e2] command unset -v RO1 RO2 RO3
[munset: $RO1 is read-only
unset: $RO2 is read-only
unset: $RO3 is read-only
+ [L142,e1] alias test=test
[m+ [L146,e0] alias fn=:
[m+ [L147,e0] eval fn
[m+ [L1,e0] :
[m+ [L150,e0] unalias -a
[m+ [L153,e0] unset -f echo
[m+ [L156,e0] kill -s 0 1316
[m+ [L164,e0] command eval (
[meval:1: syntax error: `)' is missing
+ [L170,e0] fn
[m+ [L169,e0] :
[m+ [L169,e0] eval return 0
[m+ [L1,e0] return 0
[m+ [L180,e0] eval command continue
		exit
[m+ [L1,e0] command continue
[m+ [L184,e0] eval command break
		exit
[m+ [L1,e0] command break
[m+ [L196,e0] unset -v FTL_UNSETFAIL_D7CDE27B_C03A_4B45_8050_30A9292BDE74
[m+ [L204,e0] unset -f FTL_UNSFNFAIL_574C63CD_8D52_4DCF_AD22_00B9AC29AFF7
[m+ [L209,e0] command test foo =~ bar
[m+ [L213,e1] command test 123 -eq 1XX
[mtest: `1XX' is not a valid integer
+ [L216,e2] PATH=/dev/null command -v let
[m+ [L223,e1] set --    \on\e \tw'o  \th\'re\e  \'fo\u\r 
[m+ [L224,e0] IFS=
[m+ [L225,e0] set --    \on\e \tw'o  \th\'re\e  \'fo\u\r 
[m+ [L243,e0] set -u --
[m+ [L243,e0] set --
[m+ [L243,e0] t=
[m+ [L247,e0] t=1 2 3
[m+ [L248,e0] IFS=x 
[m+ [L249,e0] t=1 2 3 4 5
[m+ [L250,e0] IFS=
[m+ [L263,e0] t=barbarfoo
[m+ [L272,e0] t=a${t2=BUG}
[m+ [L273,e0] unset -v t2
[m+ [L274,e0] t=a
[m+ [L282,e0] t=abcdefghij
[m+ [L283,e0] t2=efg
[m+ [L291,e0] t=
[m+ [L299,e0] set  foo -> bar foo
[m+ [L307,e0] t=1316
[m+ [L315,e0] t=okok
[m+ [L336,e0] set +u _1_
[m+ [L341,e0] set -u
[m+ [L354,e0] t=  ::  \on\e :\tw'o \th\'re\e :\\'fo\u\r:   : :  
[m+ [L355,e0] IFS=: 
[m+ [L356,e0] set --   \on\e \tw'o \th\'re\e \\'fo\u\r  
[m+ [L357,e0] IFS=
[m+ [L358,e0] t=8,,,\on\e,\tw'o,\th\'re\e,\\'fo\u\r,,,U,U,U,U
[m+ [L371,e0] IFS=/
[m+ [L372,e0] set -- /root
[m+ [L373,e0] IFS=
[m+ [L384,e0] i=7
[m+ [L385,e0] j=0
[m+ [L410,e0] unset -v t2
[m+ [L411,e0] command -v typeset
[m+ [L411,e0] typeset -i t2
[mtypeset: `-i' is not a valid option
+ [L412,e0] t2=1000005
[m+ [L413,e0] t=foo\bar
[m+ [L414,e0] : 1000005
[m+ [L419,e0] unset -v t2
[m+ [L426,e0] unset -v t
[m+ [L427,e0] : 1
[m+ [L428,e0] t=128/32
[m+ [L439,e0] eval case 'abcd' in
( \a\b\\c\\d ) ;;
( * )	exit ;;
esac
[m+ [L447,e0] _Msh_test_1234=x
[m+ [L460,e0] t=ab]cd
[m+ [L467,e0] exit
[m+ [L1,e0] echo fatalbug
[mmodernish: Fatal shell bug(s) detected; this shell cannot run modernish.
modernish: Initialisation failed. Aborting.
