Relaunching install.sh with /usr/bin/mksh...
+ [500.380854s|P2837,L44,e0] ulimit -c 0
+ [500.380945s|P2837,L47,e0] IFS= 
+ [500.380998s|P2837,L47,e0] set +e -fCu
+ [500.381070s|P2837,L54,e0] eval $': || $( : # "\n)'
+ [500.381123s|P2837,L0,e0] :
+ [500.381179s|P2837,L59,e0] eval $': || for i;\ndo :; done'
+ [500.381233s|P2837,L0,e0] :
+ [500.381314s|P2837,L77,e0] t=ok 
+ [500.381353s|P2837,L78,e0] t=bug command -@
/opt/clones/modernish/install.sh: /opt/clones/modernish/lib/modernish/adj/fatal.sh[78]: command: -@: unknown option
+ [500.381476s|P2837,L87,e0] :
+ [500.381609s|P2837,L113,e0] PATH=/dev/null 
+ [500.381743s|P2837,L113,e0] >/dev/null 
+ [500.382010s|P2837,L114,e0] t=x 
+ [500.382112s|P2837,L115,e0] command -v unset
+ [500.382223s|P2837,L116,e0] command -V unset
+ [500.382318s|P2837,L117,e0] command -v if
+ [500.382410s|P2837,L118,e0] unset t
+ [500.382518s|P2837,L121,e0] PATH=/bin:/usr/bin 
+ [500.382634s|P2837,L125,e0] readonly $'CC01=\001' 'CC7F=' 'RO=ok'
+ [500.382759s|P2837,L132,e0] RO1=1 RO2=2 RO3=3 
+ [500.382869s|P2837,L133,e0] readonly RO1 RO2 RO3
+ [500.382977s|P2837,L137,e0] set +o braceexpand
+ [500.383092s|P2837,L138,e0] >|/dev/null 
+ [500.383200s|P2837,L138,e0] PATH=/dev/null command -v typeset
+ [500.383309s|P2837,L138,e0] typeset -@ foo
/opt/clones/modernish/install.sh: /opt/clones/modernish/lib/modernish/adj/fatal.sh[138]: typeset: -@: unknown option
+ [500.383480s|P2837,L139,e1] unset -v RO1 RO2 RO3
/opt/clones/modernish/install.sh: /opt/clones/modernish/lib/modernish/adj/fatal.sh[139]: read-only: RO1
/opt/clones/modernish/install.sh: /opt/clones/modernish/lib/modernish/adj/fatal.sh[139]: read-only: RO2
/opt/clones/modernish/install.sh: /opt/clones/modernish/lib/modernish/adj/fatal.sh[139]: read-only: RO3
+ [500.383764s|P2837,L142,e1] alias 'test=test'
+ [500.383879s|P2837,L146,e0] alias 'fn=:'
+ [500.383991s|P2837,L147,e0] eval fn
+ [500.384080s|P2837,L0,e0] :
+ [500.384226s|P2837,L150,e0] unalias -a
+ [500.384343s|P2837,L153,e0] unset -f echo
+ [500.384456s|P2837,L156,e0] kill -s 0 2825
+ [500.384852s|P2838,L164,e0] eval '('
/opt/clones/modernish/install.sh: syntax error: '(' unmatched
+ [500.385111s|P2837,L170,e0] fn
+ [500.385186s|P2837,L169,e0] :
+ [500.385268s|P2837,L169,e0] eval 'return 0'
+ [500.385362s|P2837,L0,e0] return 0
+ [500.385502s|P2837,L180,e0] eval $'command continue\n\t\texit'
+ [500.385607s|P2837,L0,e0] continue
/opt/clones/modernish/install.sh: continue: can't continue
+ [500.385767s|P2837,L0,e0] exit
+ [500.385871s|P2837,L0,e0] echo fatalbug
modernish: Fatal shell bug(s) detected; this shell cannot run modernish.
modernish: Initialisation failed. Aborting.
