Relaunching install.sh with /usr/bin/dash...
+ [L44,e0] command ulimit -c 0
+ [L47,e0] IFS=
+ [L47,e0] set +e -fCu
+ [L55,e0] eval : || $( : # "
)
+ [L1,e0] :
+ [L60,e0] eval : || for i;
do :; done
+ [L1,e0] :
+ [L77,e0] t=ok
+ [L78,e0] t=bug command -@
command: 1: Illegal option -@
+ [L87,e0] :
+ [L113,e0] PATH=/dev/null
+ [L120,e0] t=x
+ [L120,e0] command -v unset
+ [L120,e0] command -V unset
+ [L120,e0] command -v if
+ [L120,e0] command unset t
+ [L121,e0] PATH=/bin:/usr/bin
+ [L125,e0] readonly CC01= CC7F= RO=ok
+ [L132,e0] RO1=1 RO2=2 RO3=3
+ [L133,e0] readonly RO1 RO2 RO3
+ [L137,e0] command set +o braceexpand
set: 1: Illegal option -o braceexpand
+ [L138,e2] PATH=/dev/null command -v typeset
+ [L139,e127] command unset -v RO1 RO2 RO3
+ [L142,e1] alias test=test
+ [L146,e0] alias fn=:
+ [L147,e0] eval fn
+ [L147,e0] :
+ [L150,e0] unalias -a
+ [L153,e0] unset -f echo
+ [L156,e0] kill -s 0 1394
+ [L164,e0] command eval (
eval: 1: Syntax error: end of file unexpected
+ [L170,e0] fn
+ [L170,e0] :
+ [L170,e0] eval return 0
+ [L170,e0] return 0
+ [L182,e0] eval command continue
		exit
+ [L1,e0] command continue
+ [L186,e0] eval command break
		exit
+ [L1,e0] command break
+ [L196,e0] unset -v FTL_UNSETFAIL_D7CDE27B_C03A_4B45_8050_30A9292BDE74
+ [L205,e0] unset -f FTL_UNSFNFAIL_574C63CD_8D52_4DCF_AD22_00B9AC29AFF7
+ [L209,e0] command test foo =~ bar
test: 1: foo: unexpected operator
+ [L213,e2] command test 123 -eq 1XX
test: 1: Illegal number: 1XX
+ [L216,e2] PATH=/dev/null command -v let
+ [L223,e127] set --    \on\e \tw'o  \th\'re\e  \'fo\u\r 
+ [L224,e0] IFS=
+ [L225,e0] set --    \on\e \tw'o  \th\'re\e  \'fo\u\r 
+ [L243,e0] set -u --
+ [L243,e0] set --
+ [L243,e0] t=
+ [L247,e0] t=1 2 3
+ [L248,e0] IFS=x 
+ [L249,e0] t=1 2 3 4 5
+ [L250,e0] IFS=
+ [L263,e0] t=barbarfoo
+ [L272,e0] t=a${t2=BUG}
+ [L273,e0] unset -v t2
+ [L274,e0] t=a
+ [L282,e0] t=abcdefghij
+ [L283,e0] t2=efg
+ [L291,e0] t=
+ [L299,e0] set  foo -> bar foo
+ [L307,e0] t=1394
+ [L315,e0] t=okok
+ [L342,e0] t=  ::  \on\e :\tw'o \th\'re\e :\\'fo\u\r:   : :  
+ [L343,e0] IFS=: 
+ [L344,e0] set --   \on\e \tw'o \th\'re\e \\'fo\u\r  
+ [L345,e0] IFS=
+ [L346,e0] t=8,,,\on\e,\tw'o,\th\'re\e,\\'fo\u\r,,,U,U,U,U
+ [L359,e0] IFS=/
+ [L360,e0] set --  root
+ [L361,e0] IFS=
+ [L365,e0] exit
+ [L365,e0] echo fatalbug
modernish: Fatal shell bug(s) detected; this shell cannot run modernish.
modernish: Initialisation failed. Aborting.
