Relaunching install.sh with /usr/bin/mksh...
+ [186.470776s|P2862,L44,e0] ulimit -c 0
+ [186.470838s|P2862,L47,e0] IFS='' 
+ [186.470873s|P2862,L47,e0] set +e -fCu
+ [186.470921s|P2862,L54,e0] eval $': || $( : # "\n)'
+ [186.470956s|P2862,L54,e0] :
+ [186.470995s|P2862,L59,e0] eval $': || for i;\ndo :; done'
+ [186.471027s|P2862,L59,e0] :
+ [186.471098s|P2862,L77,e0] t=ok 
+ [186.471138s|P2862,L78,e0] t=bug command -@
/opt/clones/modernish/install.sh: /opt/clones/modernish/lib/modernish/adj/fatal.sh[78]: command: -@: unknown option
+ [186.471228s|P2862,L87,e0] :
+ [186.471346s|P2862,L113,e0] PATH=/dev/null 
+ [186.471419s|P2862,L113,e0] >/dev/null 
+ [186.471469s|P2862,L114,e0] t=x 
+ [186.471509s|P2862,L115,e0] command -v unset
+ [186.471541s|P2862,L116,e0] command -V unset
+ [186.471571s|P2862,L117,e0] command -v if
+ [186.471608s|P2862,L118,e0] unset t
+ [186.471653s|P2862,L121,e0] PATH=/bin:/usr/bin 
+ [186.471708s|P2862,L125,e0] readonly $'CC01=\001' 'CC7F=' 'RO=ok'
+ [186.471774s|P2862,L132,e0] RO1=1 RO2=2 RO3=3 
+ [186.471822s|P2862,L133,e0] readonly RO1 RO2 RO3
+ [186.471867s|P2862,L137,e0] set +o braceexpand
+ [186.471913s|P2862,L138,e0] >|/dev/null 
+ [186.471956s|P2862,L138,e0] PATH=/dev/null command -v typeset
+ [186.472002s|P2862,L138,e0] typeset -@ foo
/opt/clones/modernish/install.sh: /opt/clones/modernish/lib/modernish/adj/fatal.sh[138]: typeset: -@: unknown option
+ [186.472051s|P2862,L139,e1] unset -v RO1 RO2 RO3
/opt/clones/modernish/install.sh: /opt/clones/modernish/lib/modernish/adj/fatal.sh[139]: read-only: RO1
/opt/clones/modernish/install.sh: /opt/clones/modernish/lib/modernish/adj/fatal.sh[139]: read-only: RO2
/opt/clones/modernish/install.sh: /opt/clones/modernish/lib/modernish/adj/fatal.sh[139]: read-only: RO3
+ [186.472112s|P2862,L142,e1] alias 'test=test'
+ [186.472164s|P2862,L146,e0] alias 'fn=:'
+ [186.472204s|P2862,L147,e0] eval fn
+ [186.472231s|P2862,L147,e0] :
+ [186.472270s|P2862,L150,e0] unalias -a
+ [186.472325s|P2862,L153,e0] unset -f echo
+ [186.472373s|P2862,L156,e0] kill -s 0 2850
+ [186.474820s|P2863,L164,e0] eval '('
/opt/clones/modernish/install.sh: syntax error: unmatched '('
+ [186.475506s|P2862,L170,e0] fn
+ [186.475928s|P2862,L169,e0] :
+ [186.476323s|P2862,L169,e0] eval 'return 0'
+ [186.476703s|P2862,L169,e0] return 0
+ [186.477122s|P2862,L180,e0] eval $'command continue\n\t\texit'
+ [186.477522s|P2862,L180,e0] continue
+ [186.477924s|P2862,L184,e0] eval $'command break\n\t\texit'
+ [186.478334s|P2862,L184,e0] break
+ [186.478756s|P2862,L196,e0] unset -v FTL_UNSETFAIL_D7CDE27B_C03A_4B45_8050_30A9292BDE74
+ [186.479214s|P2862,L204,e0] unset -f FTL_UNSFNFAIL_574C63CD_8D52_4DCF_AD22_00B9AC29AFF7
+ [186.479608s|P2862,L209,e0] test foo '=~' bar
/opt/clones/modernish/install.sh: /opt/clones/modernish/lib/modernish/adj/fatal.sh[209]: test: =~: unexpected operator/operand
+ [186.480363s|P2862,L213,e2] test 123 -eq 1XX
/opt/clones/modernish/install.sh: /opt/clones/modernish/lib/modernish/adj/fatal.sh[213]: 1XX: bad number '1XX'
+ [186.480700s|P2862,L216,e2] >/dev/null 
+ [186.480773s|P2862,L216,e2] PATH=/dev/null command -v let
+ [186.480820s|P2862,L216,e0] let --
/opt/clones/modernish/install.sh: /opt/clones/modernish/lib/modernish/adj/fatal.sh[216]: --: -- requires lvalue
+ [186.481046s|P2862,L223,e2] set -- '   \on\e' '\tw'\''o' ' \th\'\''re\e' ' \'\''fo\u\r '
+ [186.481147s|P2862,L224,e0] IFS='' 
+ [186.481259s|P2862,L225,e0] set -- '   \on\e' '\tw'\''o' ' \th\'\''re\e' ' \'\''fo\u\r '
+ [186.481532s|P2862,L243,e0] set -u --
+ [186.481657s|P2862,L243,e0] set --
+ [186.481776s|P2862,L243,e0] t='' 
+ [186.481895s|P2862,L247,e0] t='1 2 3' 
+ [186.482002s|P2862,L248,e0] IFS='x ' 
+ [186.482083s|P2862,L249,e0] t='1 2 3 4 5' 
+ [186.482164s|P2862,L250,e0] IFS='' 
+ [186.482282s|P2862,L263,e0] t=barbarfoo 
+ [186.482431s|P2862,L272,e0] t='a${t2=BUG}' 
+ [186.482636s|P2862,L273,e0] unset -v t2
+ [186.482857s|P2862,L274,e0] t=a 
+ [186.483092s|P2862,L282,e0] t=abcdefghij 
+ [186.483283s|P2862,L283,e0] t2=efg 
+ [186.483478s|P2862,L291,e0] t='' 
+ [186.483681s|P2862,L299,e0] set ' foo -> bar' foo
+ [186.483882s|P2862,L307,e0] t=2850 
+ [186.484109s|P2862,L315,e0] t=$'ok\001\177ok' 
+ [186.484457s|P2862,L342,e0] t='  ::  \on\e :\tw'\''o \th\'\''re\e :\\'\''fo\u\r:   : :  ' 
+ [186.484629s|P2862,L343,e0] IFS=': ' 
+ [186.484789s|P2862,L344,e0] set -- '' '' '\on\e' '\tw'\''o' '\th\'\''re\e' '\\'\''fo\u\r' '' ''
+ [186.484829s|P2862,L345,e0] IFS='' 
+ [186.484873s|P2862,L346,e0] t='8,,,\on\e,\tw'\''o,\th\'\''re\e,\\'\''fo\u\r,,,U,U,U,U' 
+ [186.484985s|P2862,L359,e0] IFS=/ 
+ [186.485028s|P2862,L360,e0] set -- /root
+ [186.485062s|P2862,L361,e0] IFS='' 
+ [186.485125s|P2862,L372,e0] i=7 
+ [186.485160s|P2862,L373,e0] j=0 
+ [186.485311s|P2862,L398,e0] unset -v t2
+ [186.485357s|P2862,L399,e0] >/dev/null 
+ [186.485419s|P2862,L399,e0] command -v typeset
+ [186.485464s|P2862,L399,e0] typeset -i t2
+ [186.485502s|P2862,L400,e0] t2=1000005 
+ [186.485542s|P2862,L401,e0] t='foo\bar' 
+ [186.485588s|P2862,L402,e0] : 1000005
+ [186.485663s|P2862,L407,e0] unset -v t2
+ [186.485714s|P2862,L414,e0] unset -v t
+ [186.485757s|P2862,L415,e0] : 1
+ [186.485790s|P2862,L416,e0] t=128/32 
+ [186.485872s|P2862,L427,e0] eval $'case \047ab\001c\177d\047 in\n( \\a\\b\\\001\\c\\\177\\d ) ;;\n( * )\texit ;;\nesac'
+ [186.485942s|P2862,L435,e0] _Msh_test_1234=x 
+ [186.486014s|P2862,L448,e0] t='ab]cd' 
+ [186.486173s|P2862,L479,e0] set -- '\'
+ [186.486236s|P2862,L488,e0] t='' 
+ [186.486356s|P2862,L511,e0] set -C
+ [186.486398s|P2862,L512,e0] >/dev/null 
+ [186.486452s|P2862,L512,e0] :
+ [186.486524s|P2862,L519,e0] 5<&- 
+ [186.486556s|P2862,L519,e0] fn
+ [186.486603s|P2862,L519,e0] 5</dev/null 
+ [186.486661s|P2862,L517,e0] <&5 
+ [186.486709s|P2862,L517,e0] :
+ [186.486795s|P2862,L529,e0] t=0 
+ [186.486922s|P2862,L549,e0] trap 'echo $PPID' 0
+ [186.487011s|P2862,L549,e0] echo 2844
var/loop/find:	Warning: using non-POSIX-compliant '/usr/bin/find'.
		Performance will degrade and breakage cannot be ruled out.
		Recommend installing sfind or GNU find somewhere in $PATH.
+ ulimit -c 0
+ IFS='' 
+ set +e -fCu
+ eval $': || $( : # "\n)'
+ :
+ eval $': || for i;\ndo :; done'
+ :
+ t=ok 
+ t=bug command -@
/usr/bin/mksh: /opt/clones/modernish/lib/modernish/adj/fatal.sh[78]: command: -@: unknown option
+ :
+ PATH=/dev/null 
+ >/dev/null 
+ t=x 
+ command -v unset
+ command -V unset
+ command -v if
+ unset t
+ PATH=/bin:/usr/bin 
+ readonly $'CC01=\001' 'CC7F=' 'RO=ok'
+ RO1=1 RO2=2 RO3=3 
+ readonly RO1 RO2 RO3
+ set +o braceexpand
+ >|/dev/null 
+ PATH=/dev/null command -v typeset
+ typeset -@ foo
/usr/bin/mksh: /opt/clones/modernish/lib/modernish/adj/fatal.sh[138]: typeset: -@: unknown option
+ unset -v RO1 RO2 RO3
/usr/bin/mksh: /opt/clones/modernish/lib/modernish/adj/fatal.sh[139]: read-only: RO1
/usr/bin/mksh: /opt/clones/modernish/lib/modernish/adj/fatal.sh[139]: read-only: RO2
/usr/bin/mksh: /opt/clones/modernish/lib/modernish/adj/fatal.sh[139]: read-only: RO3
+ alias 'test=test'
+ alias 'fn=:'
+ eval fn
+ :
+ unalias -a
+ unset -f echo
+ kill -s 0 2956
+ eval '('
/usr/bin/mksh: syntax error: unmatched '('
+ fn
+ :
+ eval 'return 0'
+ return 0
+ eval $'command continue\n\t\texit'
+ continue
+ eval $'command break\n\t\texit'
+ break
+ unset -v FTL_UNSETFAIL_D7CDE27B_C03A_4B45_8050_30A9292BDE74
+ unset -f FTL_UNSFNFAIL_574C63CD_8D52_4DCF_AD22_00B9AC29AFF7
+ test foo '=~' bar
/usr/bin/mksh: /opt/clones/modernish/lib/modernish/adj/fatal.sh[209]: test: =~: unexpected operator/operand
+ test 123 -eq 1XX
/usr/bin/mksh: /opt/clones/modernish/lib/modernish/adj/fatal.sh[213]: 1XX: bad number '1XX'
+ >/dev/null 
+ PATH=/dev/null command -v let
+ let --
/usr/bin/mksh: /opt/clones/modernish/lib/modernish/adj/fatal.sh[216]: --: -- requires lvalue
+ set -- '   \on\e' '\tw'\''o' ' \th\'\''re\e' ' \'\''fo\u\r '
+ IFS='' 
+ set -- '   \on\e' '\tw'\''o' ' \th\'\''re\e' ' \'\''fo\u\r '
+ set -u --
+ set --
+ t='' 
+ t='1 2 3' 
+ IFS='x ' 
+ t='1 2 3 4 5' 
+ IFS='' 
+ t=barbarfoo 
+ t='a${t2=BUG}' 
+ unset -v t2
+ t=a 
+ t=abcdefghij 
+ t2=efg 
+ t='' 
+ set ' foo -> bar' foo
+ t=2956 
+ t=$'ok\001\177ok' 
+ t='  ::  \on\e :\tw'\''o \th\'\''re\e :\\'\''fo\u\r:   : :  ' 
+ IFS=': ' 
+ set -- '' '' '\on\e' '\tw'\''o' '\th\'\''re\e' '\\'\''fo\u\r' '' ''
+ IFS='' 
+ t='8,,,\on\e,\tw'\''o,\th\'\''re\e,\\'\''fo\u\r,,,U,U,U,U' 
+ IFS=/ 
+ set -- /root
+ IFS='' 
+ i=7 
+ j=0 
+ unset -v t2
+ >/dev/null 
+ command -v typeset
+ typeset -i t2
+ t2=1000005 
+ t='foo\bar' 
+ : 1000005
+ unset -v t2
+ unset -v t
+ : 1
+ t=128/32 
+ eval $'case \047ab\001c\177d\047 in\n( \\a\\b\\\001\\c\\\177\\d ) ;;\n( * )\texit ;;\nesac'
+ _Msh_test_1234=x 
+ t='ab]cd' 
+ set -- '\'
+ t='' 
+ set -C
+ >/dev/null 
+ :
+ 5<&- 
+ fn
+ 5</dev/null 
+ <&5 
+ :
+ t=0 
+ trap 'echo $PPID' 0
+ echo 2850
* Modernish version 0.17.23-dev, now running on /usr/bin/mksh.
* This shell identifies itself as mksh version R57 2019/03/01.
  Modernish detected the following bugs, quirks and/or extra features on it:
  ADDASSIGN	  BUG_CMDSPEXIT   DBLBRACKETV	  KSHARRAY	  QRK_32BIT
  ARITHCMD	  BUG_PSUBIFSNW   DOTARG	  LINENO	  QRK_LOCALUNS
  ARITHPP	  CESCQUOT	  HERESTR	  LOCALVARS	  RANDOM
  BUG_CMDSETPP	  DBLBRACKET	  KSH88FUNC	  PSREPLACE	  TESTO
* Running regression test suite on /usr/bin/mksh ...
+ [187.372589s|P3039,L44,e0] ulimit -c 0
+ [187.372668s|P3039,L47,e0] IFS='' 
+ [187.372718s|P3039,L47,e0] set +e -fCu
+ [187.372815s|P3039,L54,e0] eval $': || $( : # "\n)'
+ [187.372886s|P3039,L54,e0] :
+ [187.372940s|P3039,L59,e0] eval $': || for i;\ndo :; done'
+ [187.372997s|P3039,L59,e0] :
+ [187.373085s|P3039,L77,e0] t=ok 
+ [187.373127s|P3039,L78,e0] t=bug command -@
/opt/clones/modernish/bin/modernish: /opt/clones/modernish/lib/modernish/adj/fatal.sh[78]: command: -@: unknown option
+ [187.373232s|P3039,L87,e0] :
+ [187.373344s|P3039,L113,e0] PATH=/dev/null 
+ [187.373406s|P3039,L113,e0] >/dev/null 
+ [187.373453s|P3039,L114,e0] t=x 
+ [187.373492s|P3039,L115,e0] command -v unset
+ [187.373525s|P3039,L116,e0] command -V unset
+ [187.373557s|P3039,L117,e0] command -v if
+ [187.373590s|P3039,L118,e0] unset t
+ [187.373636s|P3039,L121,e0] PATH=/bin:/usr/bin 
+ [187.373833s|P3039,L125,e0] readonly $'CC01=\001' 'CC7F=' 'RO=ok'
+ [187.373913s|P3039,L132,e0] RO1=1 RO2=2 RO3=3 
+ [187.373969s|P3039,L133,e0] readonly RO1 RO2 RO3
+ [187.374015s|P3039,L137,e0] set +o braceexpand
+ [187.374057s|P3039,L138,e0] >|/dev/null 
+ [187.374099s|P3039,L138,e0] PATH=/dev/null command -v typeset
+ [187.374143s|P3039,L138,e0] typeset -@ foo
/opt/clones/modernish/bin/modernish: /opt/clones/modernish/lib/modernish/adj/fatal.sh[138]: typeset: -@: unknown option
+ [187.374206s|P3039,L139,e1] unset -v RO1 RO2 RO3
/opt/clones/modernish/bin/modernish: /opt/clones/modernish/lib/modernish/adj/fatal.sh[139]: read-only: RO1
/opt/clones/modernish/bin/modernish: /opt/clones/modernish/lib/modernish/adj/fatal.sh[139]: read-only: RO2
/opt/clones/modernish/bin/modernish: /opt/clones/modernish/lib/modernish/adj/fatal.sh[139]: read-only: RO3
+ [187.374267s|P3039,L142,e1] alias 'test=test'
+ [187.374313s|P3039,L146,e0] alias 'fn=:'
+ [187.374407s|P3039,L147,e0] eval fn
+ [187.374575s|P3039,L147,e0] :
+ [187.374678s|P3039,L150,e0] unalias -a
+ [187.374793s|P3039,L153,e0] unset -f echo
+ [187.374897s|P3039,L156,e0] kill -s 0 3035
+ [187.375317s|P3040,L164,e0] eval '('
/opt/clones/modernish/bin/modernish: syntax error: unmatched '('
+ [187.375800s|P3039,L170,e0] fn
+ [187.375855s|P3039,L169,e0] :
+ [187.375899s|P3039,L169,e0] eval 'return 0'
+ [187.375943s|P3039,L169,e0] return 0
+ [187.377444s|P3039,L180,e0] eval $'command continue\n\t\texit'
+ [187.377493s|P3039,L180,e0] continue
+ [187.377558s|P3039,L184,e0] eval $'command break\n\t\texit'
+ [187.377605s|P3039,L184,e0] break
+ [187.377685s|P3039,L196,e0] unset -v FTL_UNSETFAIL_D7CDE27B_C03A_4B45_8050_30A9292BDE74
+ [187.377782s|P3039,L204,e0] unset -f FTL_UNSFNFAIL_574C63CD_8D52_4DCF_AD22_00B9AC29AFF7
+ [187.377842s|P3039,L209,e0] test foo '=~' bar
/opt/clones/modernish/bin/modernish: /opt/clones/modernish/lib/modernish/adj/fatal.sh[209]: test: =~: unexpected operator/operand
+ [187.377934s|P3039,L213,e2] test 123 -eq 1XX
/opt/clones/modernish/bin/modernish: /opt/clones/modernish/lib/modernish/adj/fatal.sh[213]: 1XX: bad number '1XX'
+ [187.378079s|P3039,L216,e2] >/dev/null 
+ [187.378206s|P3039,L216,e2] PATH=/dev/null command -v let
+ [187.378319s|P3039,L216,e0] let --
/opt/clones/modernish/bin/modernish: /opt/clones/modernish/lib/modernish/adj/fatal.sh[216]: --: -- requires lvalue
+ [187.378498s|P3039,L223,e2] set -- '   \on\e' '\tw'\''o' ' \th\'\''re\e' ' \'\''fo\u\r '
+ [187.378596s|P3039,L224,e0] IFS='' 
+ [187.404849s|P3039,L225,e0] set -- '   \on\e' '\tw'\''o' ' \th\'\''re\e' ' \'\''fo\u\r '
+ [187.404958s|P3039,L243,e0] set -u --
+ [187.404988s|P3039,L243,e0] set --
+ [187.405012s|P3039,L243,e0] t='' 
+ [187.405078s|P3039,L247,e0] t='1 2 3' 
+ [187.405124s|P3039,L248,e0] IFS='x ' 
+ [187.405177s|P3039,L249,e0] t='1 2 3 4 5' 
+ [187.405223s|P3039,L250,e0] IFS='' 
+ [187.405307s|P3039,L263,e0] t=barbarfoo 
+ [187.405381s|P3039,L272,e0] t='a${t2=BUG}' 
+ [187.405434s|P3039,L273,e0] unset -v t2
+ [187.405476s|P3039,L274,e0] t=a 
+ [187.405561s|P3039,L282,e0] t=abcdefghij 
+ [187.405603s|P3039,L283,e0] t2=efg 
+ [187.405681s|P3039,L291,e0] t='' 
+ [187.405755s|P3039,L299,e0] set ' foo -> bar' foo
+ [187.405828s|P3039,L307,e0] t=3035 
+ [187.405911s|P3039,L315,e0] t=$'ok\001\177ok' 
+ [187.406056s|P3039,L342,e0] t='  ::  \on\e :\tw'\''o \th\'\''re\e :\\'\''fo\u\r:   : :  ' 
+ [187.406091s|P3039,L343,e0] IFS=': ' 
+ [187.406132s|P3039,L344,e0] set -- '' '' '\on\e' '\tw'\''o' '\th\'\''re\e' '\\'\''fo\u\r' '' ''
+ [187.406163s|P3039,L345,e0] IFS='' 
+ [187.406235s|P3039,L346,e0] t='8,,,\on\e,\tw'\''o,\th\'\''re\e,\\'\''fo\u\r,,,U,U,U,U' 
+ [187.406411s|P3039,L359,e0] IFS=/ 
+ [187.406479s|P3039,L360,e0] set -- /root
+ [187.406512s|P3039,L361,e0] IFS='' 
+ [187.406600s|P3039,L372,e0] i=7 
+ [187.406659s|P3039,L373,e0] j=0 
+ [187.406866s|P3039,L398,e0] unset -v t2
+ [187.406938s|P3039,L399,e0] >/dev/null 
+ [187.407021s|P3039,L399,e0] command -v typeset
+ [187.407092s|P3039,L399,e0] typeset -i t2
+ [187.407161s|P3039,L400,e0] t2=1000005 
+ [187.407202s|P3039,L401,e0] t='foo\bar' 
+ [187.407251s|P3039,L402,e0] : 1000005
+ [187.407333s|P3039,L407,e0] unset -v t2
+ [187.407382s|P3039,L414,e0] unset -v t
+ [187.407428s|P3039,L415,e0] : 1
+ [187.407460s|P3039,L416,e0] t=128/32 
+ [187.407531s|P3039,L427,e0] eval $'case \047ab\001c\177d\047 in\n( \\a\\b\\\001\\c\\\177\\d ) ;;\n( * )\texit ;;\nesac'
+ [187.407592s|P3039,L435,e0] _Msh_test_1234=x 
+ [187.407657s|P3039,L448,e0] t='ab]cd' 
+ [187.407803s|P3039,L479,e0] set -- '\'
+ [187.407858s|P3039,L488,e0] t='' 
+ [187.407966s|P3039,L511,e0] set -C
+ [187.408009s|P3039,L512,e0] >/dev/null 
+ [187.408067s|P3039,L512,e0] :
+ [187.408137s|P3039,L519,e0] 5<&- 
+ [187.408168s|P3039,L519,e0] fn
+ [187.408194s|P3039,L519,e0] 5</dev/null 
+ [187.408235s|P3039,L517,e0] <&5 
+ [187.408276s|P3039,L517,e0] :
+ [187.408340s|P3039,L529,e0] t=0 
+ [187.408449s|P3039,L549,e0] trap 'echo $PPID' 0
+ [187.408522s|P3039,L549,e0] echo 2850
Out of 385 tests:
- 369 succeeded
- 12 were skipped
- 0 produced warnings
- 4 failed expectedly
- 0 failed unexpectedly
* Tests passed. No bugs in modernish were detected.
[m[33m[(B[m[31mmkdir(B[m[33m]> (B[m[34m[1m/bin/mkdir -p /usr/local/lib/modernish/bin(B[m
- Installed sh symlink: /usr/local/lib/modernish/bin/sh -> /usr/bin/mksh
[m[33m[(B[m[31mmkdir(B[m[33m]> (B[m[34m[1m/bin/mkdir -p /usr/local/share/doc/modernish(B[m
- Installed: /usr/local/share/doc/modernish/README.md
- Installed: /usr/local/share/doc/modernish/EXAMPLES.md
- Installed: /usr/local/bin/modernish (hashbang path: /usr/local/lib/modernish/bin/sh)
[m[33m[(B[m[31mmkdir(B[m[33m]> (B[m[34m[1m/bin/mkdir -p /usr/local/lib/modernish/mdl(B[m
- Installed: /usr/local/lib/modernish/mdl/safe.mm
[m[33m[(B[m[31mmkdir(B[m[33m]> (B[m[34m[1m/bin/mkdir -p /usr/local/lib/modernish/mdl/_IN[m
- Installed: /usr/local/lib/modernish/mdl/_IN/sig.mm
- Installed: /usr/local/lib/modernish/mdl/_IN/opt.mm
[m[33m[(B[m[31mmkdir(B[m[33m]> (B[m[34m[1m/bin/mkdir -p /usr/local/lib/modernish/mdl/sys/term(B[m
- Installed: /usr/local/lib/modernish/mdl/sys/term/readkey.mm
- Installed: /usr/local/lib/modernish/mdl/sys/term/putr.mm
[m[33m[(B[m[31mmkdir(B[m[33m]> (B[m[34m[1m/bin/mkdir -p /usr/local/lib/modernish/mdl/sys/cmd(B[m
- Installed: /usr/local/lib/modernish/mdl/sys/cmd/procsubst.mm
- Installed: /usr/local/lib/modernish/mdl/sys/cmd/source.mm
- Installed: /usr/local/lib/modernish/mdl/sys/cmd/harden.mm
- Installed: /usr/local/lib/modernish/mdl/sys/cmd/mapr.mm
- Installed: /usr/local/lib/modernish/mdl/sys/cmd/extern.mm
[m[33m[(B[m[31mmkdir(B[m[33m]> (B[m[34m[1m/bin/mkdir -p /usr/local/lib/modernish/mdl/sys/base(B[m
- Installed: /usr/local/lib/modernish/mdl/sys/base/which.mm
- Installed: /usr/local/lib/modernish/mdl/sys/base/tac.mm
- Installed: /usr/local/lib/modernish/mdl/sys/base/rev.mm
- Installed: /usr/local/lib/modernish/mdl/sys/base/readlink.mm
- Installed: /usr/local/lib/modernish/mdl/sys/base/mktemp.mm
- Installed: /usr/local/lib/modernish/mdl/sys/base/shuf.mm
- Installed: /usr/local/lib/modernish/mdl/sys/base/seq.mm
- Installed: /usr/local/lib/modernish/mdl/sys/base/yes.mm
[m[33m[(B[m[31mmkdir(B[m[33m]> (B[m[34m[1m/bin/mkdir -p /usr/local/lib/modernish/mdl/sys/dir(B[m
- Installed: /usr/local/lib/modernish/mdl/sys/dir/countfiles.mm
- Installed: /usr/local/lib/modernish/mdl/sys/dir/mkcd.mm
[m[33m[(B[m[31mmkdir(B[m[33m]> (B[m[34m[1m/bin/mkdir -p /usr/local/lib/modernish/mdl/var(B[m
- Installed: /usr/local/lib/modernish/mdl/var/local.mm
- Installed: /usr/local/lib/modernish/mdl/var/genoptparser.mm
[m[33m[(B[m[31mmkdir(B[m[33m]> (B[m[34m[1m/bin/mkdir -p /usr/local/lib/modernish/mdl/var/stack/extra(B[m
- Installed: /usr/local/lib/modernish/mdl/var/stack/extra/stacksize.mm
- Installed: /usr/local/lib/modernish/mdl/var/stack/extra/clearstack.mm
- Installed: /usr/local/lib/modernish/mdl/var/stack/extra/printstack.mm
- Installed: /usr/local/lib/modernish/mdl/var/stack/extra/stackempty.mm
- Installed: /usr/local/lib/modernish/mdl/var/stack/trap.mm
[m[33m[(B[m[31mmkdir(B[m[33m]> (B[m[34m[1m/bin/mkdir -p /usr/local/lib/modernish/mdl/var/arith(B[m
- Installed: /usr/local/lib/modernish/mdl/var/arith/cmp.mm
- Installed: /usr/local/lib/modernish/mdl/var/arith/ops.mm
- Installed: /usr/local/lib/modernish/mdl/var/readf.mm
- Installed: /usr/local/lib/modernish/mdl/var/loop.mm
[m[33m[(B[m[31mmkdir(B[m[33m]> (B[m[34m[1m/bin/mkdir -p /usr/local/lib/modernish/mdl/var/string(B[m
- Installed: /usr/local/lib/modernish/mdl/var/string/trim.mm
- Installed: /usr/local/lib/modernish/mdl/var/string/append.mm
- Installed: /usr/local/lib/modernish/mdl/var/string/touplow.mm
- Installed: /usr/local/lib/modernish/mdl/var/string/replacein.mm
- Installed: /usr/local/lib/modernish/mdl/var/shellquote.mm
- Installed: /usr/local/lib/modernish/mdl/var/mapr.mm
- Installed: /usr/local/lib/modernish/mdl/var/unexport.mm
- Installed: /usr/local/lib/modernish/mdl/var/assign.mm
[m[33m[(B[m[31mmkdir(B[m[33m]> (B[m[34m[1m/bin/mkdir -p /usr/local/lib/modernish/mdl/var/loop(B[m
- Installed: /usr/local/lib/modernish/mdl/var/loop/select.mm
- Installed: /usr/local/lib/modernish/mdl/var/loop/for.mm
- Installed: /usr/local/lib/modernish/mdl/var/loop/find.mm
- Installed: /usr/local/lib/modernish/mdl/var/loop/repeat.mm
[m[33m[(B[m[31mmkdir(B[m[33m]> (B[m[34m[1m/bin/mkdir -p /usr/local/lib/modernish/adj(B[m
- Installed: /usr/local/lib/modernish/adj/ematch.awk (hashbang path: /usr/bin/awk -f)
- Installed: /usr/local/lib/modernish/adj/id.sh
- Installed: /usr/local/lib/modernish/adj/fatal.sh
[m[33m[(B[m[31mmkdir(B[m[33m]> (B[m[34m[1m/bin/mkdir -p /usr/local/lib/modernish/adj/sys/cmd(B[m
- Installed: /usr/local/lib/modernish/adj/sys/cmd/mapr.awk
[m[33m[(B[m[31mmkdir(B[m[33m]> (B[m[34m[1m/bin/mkdir -p /usr/local/lib/modernish/adj/sys/base(B[m
- Installed: /usr/local/lib/modernish/adj/sys/base/tac.awk
- Installed: /usr/local/lib/modernish/adj/std.sh
[m[33m[(B[m[31mmkdir(B[m[33m]> (B[m[34m[1m/bin/mkdir -p /usr/local/lib/modernish/adj/var/loop(B[m
- Installed: /usr/local/lib/modernish/adj/var/loop/find-ask.sh
- Installed: /usr/local/lib/modernish/adj/var/loop/find.awk
- Installed: /usr/local/lib/modernish/adj/var/loop/find.sh
- Installed: /usr/local/lib/modernish/adj/var/loop/find-path.sh
- Installed: /usr/local/lib/modernish/adj/var/loop/find-exec.sh
- Installed: /usr/local/lib/modernish/adj/var/loop/find-ok.sh
[m[33m[(B[m[31mmkdir(B[m[33m]> (B[m[34m[1m/bin/mkdir -p /usr/local/lib/modernish/adj/cap(B[m
- Installed: /usr/local/lib/modernish/adj/cap/BUG_TRAPFNEXI.sh
- Installed: /usr/local/lib/modernish/adj/cap/DOTARG.sh
- Installed: /usr/local/lib/modernish/adj/cap/BUG_LNNONEG.sh
- Installed: /usr/local/lib/modernish/adj/cap/BUG_LOOPRET3.sh
[m[33m[(B[m[31mmkdir(B[m[33m]> (B[m[34m[1m/bin/mkdir -p /usr/local/lib/modernish/tst(B[m
- Installed: /usr/local/lib/modernish/tst/local.t
- Installed: /usr/local/lib/modernish/tst/io.t
- Installed: /usr/local/lib/modernish/tst/run.sh
- Installed: /usr/local/lib/modernish/tst/var.t
- Installed: /usr/local/lib/modernish/tst/trap.t
- Installed: /usr/local/lib/modernish/tst/@sanitychecks.t
- Installed: /usr/local/lib/modernish/tst/is.t
- Installed: /usr/local/lib/modernish/tst/match.t
- Installed: /usr/local/lib/modernish/tst/builtin.t
- Installed: /usr/local/lib/modernish/tst/arith.t
- Installed: /usr/local/lib/modernish/tst/stack.t
- Installed: /usr/local/lib/modernish/tst/isset.t
- Installed: /usr/local/lib/modernish/tst/sys.t
- Installed: /usr/local/lib/modernish/tst/string.t
- Installed: /usr/local/lib/modernish/tst/posparam_spc.t
- Installed: /usr/local/lib/modernish/tst/shellquote.t
- Installed: /usr/local/lib/modernish/tst/loop_cond.t
- Installed: /usr/local/lib/modernish/tst/posparam.t
- Installed: /usr/local/lib/modernish/tst/process.t
[m[33m[(B[m[31mmkdir(B[m[33m]> (B[m[34m[1m/bin/mkdir -p /usr/local/lib/modernish/cap(B[m
- Installed: /usr/local/lib/modernish/cap/BUG_SHIFTERR0.t
- Installed: /usr/local/lib/modernish/cap/QRK_FNRDREXIT.t
- Installed: /usr/local/lib/modernish/cap/QRK_IFSFINAL.t
- Installed: /usr/local/lib/modernish/cap/BUG_SETOUTVAR.t
- Installed: /usr/local/lib/modernish/cap/BUG_PUTIOERR.t
- Installed: /usr/local/lib/modernish/cap/BUG_CSUBSTDO.t
- Installed: /usr/local/lib/modernish/cap/README.md
- Installed: /usr/local/lib/modernish/cap/BUG_READWHSP.t
- Installed: /usr/local/lib/modernish/cap/BUG_PP_10.t
- Installed: /usr/local/lib/modernish/cap/BUG_PP_1ARG.t
- Installed: /usr/local/lib/modernish/cap/TESTO.t
- Installed: /usr/local/lib/modernish/cap/DOTARG.t
- Installed: /usr/local/lib/modernish/cap/BUG_IFSGLOBC.t
- Installed: /usr/local/lib/modernish/cap/BUG_REDIRPOS.t
- Installed: /usr/local/lib/modernish/cap/ROFUNC.t
- Installed: /usr/local/lib/modernish/cap/QRK_ARITHWHSP.t
- Installed: /usr/local/lib/modernish/cap/NONFORKSUBSH.t
- Installed: /usr/local/lib/modernish/cap/BUG_ASGNLOCAL.t
- Installed: /usr/local/lib/modernish/cap/BUG_ZSHNAMES2.t
- Installed: /usr/local/lib/modernish/cap/BUG_FORLOCAL.t
- Installed: /usr/local/lib/modernish/cap/BUG_TRAPRETIR.t
- Installed: /usr/local/lib/modernish/cap/BUG_PP_08.t
- Installed: /usr/local/lib/modernish/cap/BUG_PSUBASNCC.t
- Installed: /usr/local/lib/modernish/cap/ADDASSIGN.t
- Installed: /usr/local/lib/modernish/cap/BUG_NOEXPRO.t
- Installed: /usr/local/lib/modernish/cap/ARITHPP.t
- Installed: /usr/local/lib/modernish/cap/BUG_PP_03A.t
- Installed: /usr/local/lib/modernish/cap/BUG_KUNSETIFS.t
- Installed: /usr/local/lib/modernish/cap/BUG_PSUBSQHD.t
- Installed: /usr/local/lib/modernish/cap/BUG_ARITHSPLT.t
- Installed: /usr/local/lib/modernish/cap/KSH88FUNC.t
- Installed: /usr/local/lib/modernish/cap/BUG_CMDPV.t
- Installed: /usr/local/lib/modernish/cap/QRK_LOCALUNS2.t
- Installed: /usr/local/lib/modernish/cap/BUG_TRAPEMPT.t
- Installed: /usr/local/lib/modernish/cap/BUG_CMDOPTEXP.t
- Installed: /usr/local/lib/modernish/cap/BUG_TESTILNUM.t
- Installed: /usr/local/lib/modernish/cap/BUG_PSUBNEWLN.t
- Installed: /usr/local/lib/modernish/cap/BUG_TRAPFNEXI.t
- Installed: /usr/local/lib/modernish/cap/BUG_CMDEXEC.t
- Installed: /usr/local/lib/modernish/cap/BUG_UNSETUNXP.t
- Installed: /usr/local/lib/modernish/cap/BUG_PSUBBKSL1.t
- Installed: /usr/local/lib/modernish/cap/QRK_ANDORBG.t
- Installed: /usr/local/lib/modernish/cap/ANONFUNC.t
- Installed: /usr/local/lib/modernish/cap/WRN_NOSIGPIPE.t
- Installed: /usr/local/lib/modernish/cap/BUG_ZSHNAMES.t
- Installed: /usr/local/lib/modernish/cap/QRK_BCDANGER.t
- Installed: /usr/local/lib/modernish/cap/BUG_LOOPRET1.t
- Installed: /usr/local/lib/modernish/cap/BUG_DOLRCSUB.t
- Installed: /usr/local/lib/modernish/cap/BUG_DEVTTY.t
- Installed: /usr/local/lib/modernish/cap/BUG_ARITHNAN.t
- Installed: /usr/local/lib/modernish/cap/BUG_PP_07A.t
- Installed: /usr/local/lib/modernish/cap/QRK_ARITHEMPT.t
- Installed: /usr/local/lib/modernish/cap/BUG_PP_05.t
- Installed: /usr/local/lib/modernish/cap/QRK_OPTABBR.t
- Installed: /usr/local/lib/modernish/cap/BUG_IFSISSET.t
- Installed: /usr/local/lib/modernish/cap/BUG_BRACQUOT.t
- Installed: /usr/local/lib/modernish/cap/BUG_TRAPEXIT.t
- Installed: /usr/local/lib/modernish/cap/BUG_PP_04_S.t
- Installed: /usr/local/lib/modernish/cap/VARPREFIX.t
- Installed: /usr/local/lib/modernish/cap/BUG_CASELIT.t
- Installed: /usr/local/lib/modernish/cap/BUG_SCLOSEDFD.t
- Installed: /usr/local/lib/modernish/cap/PRINTFV.t
- Installed: /usr/local/lib/modernish/cap/BUG_IFSCC01PP.t
- Installed: /usr/local/lib/modernish/cap/BUG_PP_03B.t
- Installed: /usr/local/lib/modernish/cap/BUG_PSUBEMPT.t
- Installed: /usr/local/lib/modernish/cap/BUG_OPTNOLOG.t
- Installed: /usr/local/lib/modernish/cap/BUG_PP_07.t
- Installed: /usr/local/lib/modernish/cap/QRK_LOCALUNS.t
- Installed: /usr/local/lib/modernish/cap/WRN_EREMBYTE.t
- Installed: /usr/local/lib/modernish/cap/BUG_CMDSPASGN.t
- Installed: /usr/local/lib/modernish/cap/QRK_SPCBIXP.t
- Installed: /usr/local/lib/modernish/cap/BUG_KBGPID.t
- Installed: /usr/local/lib/modernish/cap/HERESTR.t
- Installed: /usr/local/lib/modernish/cap/BUG_PP_01.t
- Installed: /usr/local/lib/modernish/cap/KSHARRAY.t
- Installed: /usr/local/lib/modernish/cap/BUG_CMDSETPP.t
- Installed: /usr/local/lib/modernish/cap/BUG_PP_03C.t
- Installed: /usr/local/lib/modernish/cap/QRK_OPTDASH.t
- Installed: /usr/local/lib/modernish/cap/BUG_ISSETLOOP.t
- Installed: /usr/local/lib/modernish/cap/BUG_SPCBILOC.t
- Installed: /usr/local/lib/modernish/cap/TRAPPRSUBSH.t
- Installed: /usr/local/lib/modernish/cap/BUG_PP_MDLEN.t
- Installed: /usr/local/lib/modernish/cap/KSH93FUNC.t
- Installed: /usr/local/lib/modernish/cap/QRK_GLOBDOTS.t
- Installed: /usr/local/lib/modernish/cap/BUG_LOOPRET3.t
- Installed: /usr/local/lib/modernish/cap/ARITHCMD.t
- Installed: /usr/local/lib/modernish/cap/BUG_DQGLOB.t
- Installed: /usr/local/lib/modernish/cap/BUG_LNNONEG.t
- Installed: /usr/local/lib/modernish/cap/BUG_CDPCANON.t
- Installed: /usr/local/lib/modernish/cap/TESTERE.t
- Installed: /usr/local/lib/modernish/cap/BUG_MULTIBIFS.t
- Installed: /usr/local/lib/modernish/cap/QRK_EVALNOOPT.t
- Installed: /usr/local/lib/modernish/cap/BUG_ASGNCC01.t
- Installed: /usr/local/lib/modernish/cap/LEPIPEMAIN.t
- Installed: /usr/local/lib/modernish/cap/BUG_PP_04E.t
- Installed: /usr/local/lib/modernish/cap/BUG_LOOPRET2.t
- Installed: /usr/local/lib/modernish/cap/BUG_PSUBIFSNW.t
- Installed: /usr/local/lib/modernish/cap/BUG_CMDSPEXIT.t
- Installed: /usr/local/lib/modernish/cap/BUG_REDIRIO.t
- Installed: /usr/local/lib/modernish/cap/BUG_CSUBBTQUOT.t
- Installed: /usr/local/lib/modernish/cap/BUG_PP_02.t
- Installed: /usr/local/lib/modernish/cap/PSREPLACE.t
- Installed: /usr/local/lib/modernish/cap/BUG_PSUBEMIFS.t
- Installed: /usr/local/lib/modernish/cap/BUG_PP_06A.t
- Installed: /usr/local/lib/modernish/cap/DBLBRACKETV.t
- Installed: /usr/local/lib/modernish/cap/QRK_UNSETF.t
- Installed: /usr/local/lib/modernish/cap/QRK_OPTCASE.t
- Installed: /usr/local/lib/modernish/cap/RANDOM.t
- Installed: /usr/local/lib/modernish/cap/BUG_TESTERR1A.t
- Installed: /usr/local/lib/modernish/cap/BUG_IFSGLOBP.t
- Installed: /usr/local/lib/modernish/cap/BUG_EXPORTUNS.t
- Installed: /usr/local/lib/modernish/cap/CESCQUOT.t
- Installed: /usr/local/lib/modernish/cap/BUG_ALIASPOSX.t
- Installed: /usr/local/lib/modernish/cap/BUG_CASEEMPT.t
- Installed: /usr/local/lib/modernish/cap/BUG_TRAPUNSRE.t
- Installed: /usr/local/lib/modernish/cap/QRK_HDPARQUOT.t
- Installed: /usr/local/lib/modernish/cap/BUG_HDOCMASK.t
- Installed: /usr/local/lib/modernish/cap/BUG_PSUBSQUOT.t
- Installed: /usr/local/lib/modernish/cap/QRK_PPIPEMAIN.t
- Installed: /usr/local/lib/modernish/cap/QRK_LOCALINH.t
- Installed: /usr/local/lib/modernish/cap/BUG_PP_08B.t
- Installed: /usr/local/lib/modernish/cap/QRK_EXECFNBI.t
- Installed: /usr/local/lib/modernish/cap/BUG_FNSUBSH.t
- Installed: /usr/local/lib/modernish/cap/PROCSUBST.t
- Installed: /usr/local/lib/modernish/cap/DBLBRACKET.t
- Installed: /usr/local/lib/modernish/cap/BUG_CSNHDBKSL.t
- Installed: /usr/local/lib/modernish/cap/BUG_ARITHINIT.t
- Installed: /usr/local/lib/modernish/cap/BUG_HDOCBKSL.t
- Installed: /usr/local/lib/modernish/cap/BUG_GETOPTSMA.t
- Installed: /usr/local/lib/modernish/cap/BUG_CASESTAT.t
- Installed: /usr/local/lib/modernish/cap/BUG_ALIASCSHD.t
- Installed: /usr/local/lib/modernish/cap/BUG_CSUBRMLF.t
- Installed: /usr/local/lib/modernish/cap/QRK_LOCALSET.t
- Installed: /usr/local/lib/modernish/cap/BUG_PP_MDIGIT.t
- Installed: /usr/local/lib/modernish/cap/BUG_CSUBLNCONT.t
- Installed: /usr/local/lib/modernish/cap/QRK_EMPTPPWRD.t
- Installed: /usr/local/lib/modernish/cap/BUG_CASEPAREN.t
- Installed: /usr/local/lib/modernish/cap/BUG_PP_09.t
- Installed: /usr/local/lib/modernish/cap/QRK_OPTULINE.t
- Installed: /usr/local/lib/modernish/cap/QRK_EMPTPPFLD.t
- Installed: /usr/local/lib/modernish/cap/QRK_OPTNOPRFX.t
- Installed: /usr/local/lib/modernish/cap/BUG_ARITHLNNO.t
- Installed: /usr/local/lib/modernish/cap/BUG_IFSGLOBS.t
- Installed: /usr/local/lib/modernish/cap/BUG_PP_10A.t
- Installed: /usr/local/lib/modernish/cap/DBLBRACKETERE.t
- Installed: /usr/local/lib/modernish/cap/BUG_TRAPSUB0.t
- Installed: /usr/local/lib/modernish/cap/BUG_CDNOLOGIC.t
- Installed: /usr/local/lib/modernish/cap/QRK_32BIT.t
- Installed: /usr/local/lib/modernish/cap/BUG_VARPREFIX.t
- Installed: /usr/local/lib/modernish/cap/LINENO.t
- Installed: /usr/local/lib/modernish/cap/ARITHFOR.t
- Installed: /usr/local/lib/modernish/cap/WRN_MULTIBYTE.t
- Installed: /usr/local/lib/modernish/cap/BUG_NOCHCLASS.t
- Installed: /usr/local/lib/modernish/cap/PROCREDIR.t
- Installed: /usr/local/lib/modernish/cap/BUG_TESTONEG.t
- Installed: /usr/local/lib/modernish/cap/QRK_LOCALSET2.t
- Installed: /usr/local/lib/modernish/cap/BUG_PP_03.t
- Installed: /usr/local/lib/modernish/cap/TRAPZERR.t
- Installed: /usr/local/lib/modernish/cap/BUG_CMDEXPAN.t
- Installed: /usr/local/lib/modernish/cap/LOCALVARS.t
- Installed: /usr/local/lib/modernish/cap/BUG_PP_04A.t
[m[33m[(B[m[31mmkdir(B[m[33m]> (B[m[34m[1m/bin/mkdir -p /usr/local/share/doc/modernish/utils(B[m
- Installed: /usr/local/share/doc/modernish/utils/git-restore-timestamps.sh (hashbang path: /usr/bin/env modernish)
- Installed: /usr/local/share/doc/modernish/utils/README
- Installed: /usr/local/share/doc/modernish/utils/testshells.sh (hashbang path: /usr/bin/env modernish)
- Installed: /usr/local/share/doc/modernish/utils/mktoc.sh (hashbang path: /usr/bin/env modernish)
- Installed: /usr/local/share/doc/modernish/utils/modules-unalias-update.sh (hashbang path: /usr/bin/env modernish)
- Installed: /usr/local/share/doc/modernish/utils/showTODO.sh (hashbang path: /usr/bin/env modernish)
- Installed: /usr/local/share/doc/modernish/utils/bundle-diff-update.sh (hashbang path: /usr/bin/env modernish)
- Installed: /usr/local/share/doc/modernish/CODINGSTYLE
[m[33m[(B[m[31mmkdir(B[m[33m]> (B[m[34m[1m/bin/mkdir -p /usr/local/share/doc/modernish/examples(B[m
- Installed: /usr/local/share/doc/modernish/examples/dice.sh (hashbang path: /usr/bin/env modernish)
- Installed: /usr/local/share/doc/modernish/examples/copy-timestamps.sh (hashbang path: /usr/bin/env modernish)
- Installed: /usr/local/share/doc/modernish/examples/README
- Installed: /usr/local/share/doc/modernish/examples/get-firefox.sh (hashbang path: /usr/bin/env modernish)
- Installed: /usr/local/share/doc/modernish/examples/sort-music.sh (hashbang path: /usr/bin/env modernish)
[m[33m[(B[m[31mmkdir(B[m[33m]> (B[m[34m[1m/bin/mkdir -p /usr/local/share/doc/modernish/examples/resurrectjoe(B[m
- Installed: /usr/local/share/doc/modernish/examples/resurrectjoe/resurrectjoe.sh (hashbang path: /usr/bin/env modernish)
- Installed: /usr/local/share/doc/modernish/examples/resurrectjoe/SAMPLE_DEADJOE
- Installed: /usr/local/share/doc/modernish/examples/procsubst.sh (hashbang path: /usr/bin/env modernish)
- Installed: /usr/local/share/doc/modernish/examples/morse.sh (hashbang path: /usr/bin/env modernish)
- Installed: /usr/local/share/doc/modernish/examples/findloop.sh (hashbang path: /usr/bin/env modernish)
[m[33m[(B[m[31mmkdir(B[m[33m]> (B[m[34m[1m/bin/mkdir -p /usr/local/share/doc/modernish/tests(B[m
- Installed: /usr/local/share/doc/modernish/tests/die-bg-test.sh (hashbang path: /usr/bin/env modernish)
- Installed: /usr/local/share/doc/modernish/tests/README
- Installed: /usr/local/share/doc/modernish/tests/local-test.sh (hashbang path: /usr/bin/env modernish)
- Installed: /usr/local/share/doc/modernish/tests/harden-test.sh (hashbang path: /usr/bin/env modernish)
- Installed: /usr/local/share/doc/modernish/tests/shellquote-test.sh (hashbang path: /usr/bin/env modernish)
- Installed: /usr/local/share/doc/modernish/tests/mktemp-stresstest.sh (hashbang path: /usr/bin/env modernish)
- Installed: /usr/local/share/doc/modernish/HELP
- Installed: /usr/local/share/doc/modernish/DESIGN.md
- Installed: /usr/local/share/doc/modernish/LICENSE

Modernish 0.17.23-dev installed successfully with default shell /usr/local/lib/modernish/bin/sh.
Be sure /usr/local/bin is in your $PATH before starting.
