Relaunching install.sh with /usr/bin/yash...
+ [L44,e0] command ulimit -c 0
[m+ [L47,e0] IFS=
[m+ [L47,e0] set +e -fCu
[m+ [L54,e0] eval : || $( : # "
)
[m+ [L1,e0] :
[m+ [L59,e0] eval : || for i;
do :; done
[m+ [L1,e0] :
[m+ [L77,e0] t=ok
[m+ [L78,e0] t=bug command -@
[mcommand: `-@' is not a valid option
+ [L87,e0] :
[m+ [L113,e0] PATH=/dev/null
[m+ [L114,e0] t=x
[m+ [L115,e0] command -v unset
[m+ [L116,e0] command -V unset
[m+ [L117,e0] command -v if
[m+ [L118,e0] command unset t
[m+ [L121,e0] PATH=/bin:/usr/bin
[m+ [L125,e0] readonly CC01= CC7F= RO=ok
[m+ [L132,e0] RO1=1 RO2=2 RO3=3
[m+ [L133,e0] readonly RO1 RO2 RO3
[m+ [L137,e0] command set +o braceexpand
[m+ [L138,e0] PATH=/dev/null command -v typeset
[m+ [L138,e0] command typeset -@ foo
[mtypeset: `-@' is not a valid option
+ [L139,e2] command unset -v RO1 RO2 RO3
[munset: $RO1 is read-only
unset: $RO2 is read-only
unset: $RO3 is read-only
+ [L142,e1] alias test=test
[m+ [L146,e0] alias fn=:
[m+ [L147,e0] eval fn
[m+ [L1,e0] :
[m+ [L150,e0] unalias -a
[m+ [L153,e0] unset -f echo
[m+ [L156,e0] kill -s 0 1302
[m+ [L164,e0] command eval (
[meval:1: syntax error: `)' is missing
+ [L170,e0] fn
[m+ [L169,e0] :
[m+ [L169,e0] eval return 0
[m+ [L1,e0] return 0
[m+ [L169,e0] :
[m+ [L170,e1] exit
[m+ [L1,e1] echo fatalbug
[mmodernish: Fatal shell bug(s) detected; this shell cannot run modernish.
modernish: Initialisation failed. Aborting.
