Relaunching install.sh with /usr/bin/mksh...
+ [330.733736s|P2862,L44,e0] ulimit -c 0
+ [330.733893s|P2862,L47,e0] IFS= 
+ [330.733959s|P2862,L47,e0] set +e -fCu
+ [330.734040s|P2862,L54,e0] eval $': || $( : # "\n)'
+ [330.734108s|P2862,L54,e0] :
+ [330.734177s|P2862,L59,e0] eval $': || for i;\ndo :; done'
+ [330.734226s|P2862,L59,e0] :
+ [330.734363s|P2862,L77,e0] t=ok 
+ [330.734432s|P2862,L78,e0] t=bug command -@
/opt/clones/modernish/install.sh: /opt/clones/modernish/lib/modernish/adj/fatal.sh[78]: command: -@: unknown option
+ [330.734565s|P2862,L87,e0] :
+ [330.734773s|P2862,L113,e0] PATH=/dev/null 
+ [330.734873s|P2862,L113,e0] >/dev/null 
+ [330.734962s|P2862,L114,e0] t=x 
+ [330.735028s|P2862,L115,e0] command -v unset
+ [330.735074s|P2862,L116,e0] command -V unset
+ [330.735138s|P2862,L117,e0] command -v if
+ [330.735205s|P2862,L118,e0] unset t
+ [330.735260s|P2862,L121,e0] PATH=/bin:/usr/bin 
+ [330.735374s|P2862,L125,e0] readonly $'CC01=\001' 'CC7F=' 'RO=ok'
+ [330.735474s|P2862,L132,e0] RO1=1 RO2=2 RO3=3 
+ [330.735549s|P2862,L133,e0] readonly RO1 RO2 RO3
+ [330.735600s|P2862,L137,e0] set +o braceexpand
+ [330.735681s|P2862,L138,e0] >|/dev/null 
+ [330.735756s|P2862,L138,e0] PATH=/dev/null command -v typeset
+ [330.735837s|P2862,L138,e0] typeset -@ foo
/opt/clones/modernish/install.sh: /opt/clones/modernish/lib/modernish/adj/fatal.sh[138]: typeset: -@: unknown option
+ [330.735917s|P2862,L139,e1] unset -v RO1 RO2 RO3
/opt/clones/modernish/install.sh: /opt/clones/modernish/lib/modernish/adj/fatal.sh[139]: read-only: RO1
/opt/clones/modernish/install.sh: /opt/clones/modernish/lib/modernish/adj/fatal.sh[139]: read-only: RO2
/opt/clones/modernish/install.sh: /opt/clones/modernish/lib/modernish/adj/fatal.sh[139]: read-only: RO3
+ [330.736002s|P2862,L142,e1] alias 'test=test'
+ [330.736089s|P2862,L146,e0] alias 'fn=:'
+ [330.736158s|P2862,L147,e0] eval fn
+ [330.736218s|P2862,L147,e0] :
+ [330.736268s|P2862,L150,e0] unalias -a
+ [330.736330s|P2862,L153,e0] unset -f echo
+ [330.736398s|P2862,L156,e0] kill -s 0 2850
+ [330.736801s|P2863,L164,e0] eval '('
/opt/clones/modernish/install.sh: syntax error: unmatched '('
+ [330.737226s|P2862,L170,e0] fn
+ [330.737274s|P2862,L169,e0] :
+ [330.737321s|P2862,L169,e0] eval 'return 0'
+ [330.737371s|P2862,L169,e0] return 0
+ [330.737460s|P2862,L180,e0] eval $'command continue\n\t\texit'
+ [330.737514s|P2862,L180,e0] continue
+ [330.737581s|P2862,L184,e0] eval $'command break\n\t\texit'
+ [330.737630s|P2862,L184,e0] break
+ [330.737708s|P2862,L196,e0] unset -v FTL_UNSETFAIL_D7CDE27B_C03A_4B45_8050_30A9292BDE74
+ [330.737801s|P2862,L204,e0] unset -f FTL_UNSFNFAIL_574C63CD_8D52_4DCF_AD22_00B9AC29AFF7
+ [330.737870s|P2862,L209,e0] test foo '=~' bar
/opt/clones/modernish/install.sh: /opt/clones/modernish/lib/modernish/adj/fatal.sh[209]: test: =~: unexpected operator/operand
+ [330.737952s|P2862,L213,e2] test 123 -eq 1XX
/opt/clones/modernish/install.sh: /opt/clones/modernish/lib/modernish/adj/fatal.sh[213]: 1XX: bad number '1XX'
+ [330.738035s|P2862,L216,e2] >/dev/null 
+ [330.738128s|P2862,L216,e2] PATH=/dev/null command -v let
+ [330.738193s|P2862,L216,e0] let --
/opt/clones/modernish/install.sh: /opt/clones/modernish/lib/modernish/adj/fatal.sh[216]: --: -- requires lvalue
+ [330.738286s|P2862,L223,e2] set -- '   \on\e' '\tw'\''o' ' \th\'\''re\e' ' \'\''fo\u\r '
+ [330.738337s|P2862,L224,e0] IFS= 
+ [330.738392s|P2862,L225,e0] set -- '   \on\e' '\tw'\''o' ' \th\'\''re\e' ' \'\''fo\u\r '
+ [330.738507s|P2862,L243,e0] set -u --
+ [330.738553s|P2862,L243,e0] set --
+ [330.738593s|P2862,L243,e0] t= 
+ [330.738654s|P2862,L247,e0] t='1 2 3' 
+ [330.738700s|P2862,L248,e0] IFS='x ' 
+ [330.738751s|P2862,L249,e0] t='1 2 3 4 5' 
+ [330.738802s|P2862,L250,e0] IFS= 
+ [330.738886s|P2862,L263,e0] t=barbarfoo 
+ [330.738967s|P2862,L272,e0] t='a${t2=BUG}' 
+ [330.739017s|P2862,L273,e0] unset -v t2
+ [330.739064s|P2862,L274,e0] t=a 
+ [330.739160s|P2862,L282,e0] t=abcdefghij 
+ [330.739206s|P2862,L283,e0] t2=efg 
+ [330.739304s|P2862,L291,e0] t= 
+ [330.739385s|P2862,L299,e0] set ' foo -> bar' foo
+ [330.739469s|P2862,L307,e0] t=2850 
+ [330.739559s|P2862,L315,e0] t=$'ok\001\177ok' 
+ [330.739715s|P2862,L342,e0] t='  ::  \on\e :\tw'\''o \th\'\''re\e :\\'\''fo\u\r:   : :  ' 
+ [330.739770s|P2862,L343,e0] IFS=': ' 
+ [330.739827s|P2862,L344,e0] set --   '\on\e' '\tw'\''o' '\th\'\''re\e' '\\'\''fo\u\r'  
+ [330.739880s|P2862,L345,e0] IFS= 
+ [330.739933s|P2862,L346,e0] t='8,,,\on\e,\tw'\''o,\th\'\''re\e,\\'\''fo\u\r,,,U,U,U,U' 
+ [330.740054s|P2862,L359,e0] IFS=/ 
+ [330.740109s|P2862,L360,e0] set -- /root
+ [330.740154s|P2862,L361,e0] IFS= 
+ [330.740232s|P2862,L372,e0] i=7 
+ [330.740279s|P2862,L373,e0] j=0 
+ [330.740443s|P2862,L398,e0] unset -v t2
+ [330.740504s|P2862,L399,e0] >/dev/null 
+ [330.740581s|P2862,L399,e0] command -v typeset
+ [330.740637s|P2862,L399,e0] typeset -i t2
+ [330.740692s|P2862,L400,e0] t2=1000005 
+ [330.740792s|P2862,L401,e0] t='foo\bar' 
+ [330.740871s|P2862,L402,e0] : 1000005
+ [330.740965s|P2862,L407,e0] unset -v t2
+ [330.741025s|P2862,L414,e0] unset -v t
+ [330.741085s|P2862,L415,e0] : 1
+ [330.741129s|P2862,L416,e0] t=128/32 
+ [330.741224s|P2862,L427,e0] eval $'case \047ab\001c\177d\047 in\n( \\a\\b\\\001\\c\\\177\\d ) ;;\n( * )\texit ;;\nesac'
+ [330.741308s|P2862,L435,e0] _Msh_test_1234=x 
+ [330.741396s|P2862,L448,e0] t='ab]cd' 
+ [330.741567s|P2862,L479,e0] set -- '\'
+ [330.741645s|P2862,L488,e0] t= 
+ [330.741774s|P2862,L511,e0] set -C
+ [330.741830s|P2862,L512,e0] >/dev/null 
+ [330.741900s|P2862,L512,e0] :
+ [330.742008s|P2862,L519,e0] 5<&- 
+ [330.742057s|P2862,L519,e0] fn
+ [330.742098s|P2862,L519,e0] 5</dev/null 
+ [330.742155s|P2862,L517,e0] <&5 
+ [330.742204s|P2862,L517,e0] :
+ [330.742283s|P2862,L529,e0] t=0 
+ [330.742413s|P2862,L549,e0] trap 'echo $PPID' 0
+ [330.742501s|P2862,L549,e0] echo 2845
var/loop/find:	Warning: using non-POSIX-compliant '/usr/bin/find'.
		Performance will degrade and breakage cannot be ruled out.
		Recommend installing sfind or GNU find somewhere in $PATH.
+ ulimit -c 0
+ IFS= 
+ set +e -fCu
+ eval $': || $( : # "\n)'
+ :
+ eval $': || for i;\ndo :; done'
+ :
+ t=ok 
+ t=bug command -@
/usr/bin/mksh: /opt/clones/modernish/lib/modernish/adj/fatal.sh[78]: command: -@: unknown option
+ :
+ PATH=/dev/null 
+ >/dev/null 
+ t=x 
+ command -v unset
+ command -V unset
+ command -v if
+ unset t
+ PATH=/bin:/usr/bin 
+ readonly $'CC01=\001' 'CC7F=' 'RO=ok'
+ RO1=1 RO2=2 RO3=3 
+ readonly RO1 RO2 RO3
+ set +o braceexpand
+ >|/dev/null 
+ PATH=/dev/null command -v typeset
+ typeset -@ foo
/usr/bin/mksh: /opt/clones/modernish/lib/modernish/adj/fatal.sh[138]: typeset: -@: unknown option
+ unset -v RO1 RO2 RO3
/usr/bin/mksh: /opt/clones/modernish/lib/modernish/adj/fatal.sh[139]: read-only: RO1
/usr/bin/mksh: /opt/clones/modernish/lib/modernish/adj/fatal.sh[139]: read-only: RO2
/usr/bin/mksh: /opt/clones/modernish/lib/modernish/adj/fatal.sh[139]: read-only: RO3
+ alias 'test=test'
+ alias 'fn=:'
+ eval fn
+ :
+ unalias -a
+ unset -f echo
+ kill -s 0 2956
+ eval '('
/usr/bin/mksh: syntax error: unmatched '('
+ fn
+ :
+ eval 'return 0'
+ return 0
+ eval $'command continue\n\t\texit'
+ continue
+ eval $'command break\n\t\texit'
+ break
+ unset -v FTL_UNSETFAIL_D7CDE27B_C03A_4B45_8050_30A9292BDE74
+ unset -f FTL_UNSFNFAIL_574C63CD_8D52_4DCF_AD22_00B9AC29AFF7
+ test foo '=~' bar
/usr/bin/mksh: /opt/clones/modernish/lib/modernish/adj/fatal.sh[209]: test: =~: unexpected operator/operand
+ test 123 -eq 1XX
/usr/bin/mksh: /opt/clones/modernish/lib/modernish/adj/fatal.sh[213]: 1XX: bad number '1XX'
+ >/dev/null 
+ PATH=/dev/null command -v let
+ let --
/usr/bin/mksh: /opt/clones/modernish/lib/modernish/adj/fatal.sh[216]: --: -- requires lvalue
+ set -- '   \on\e' '\tw'\''o' ' \th\'\''re\e' ' \'\''fo\u\r '
+ IFS= 
+ set -- '   \on\e' '\tw'\''o' ' \th\'\''re\e' ' \'\''fo\u\r '
+ set -u --
+ set --
+ t= 
+ t='1 2 3' 
+ IFS='x ' 
+ t='1 2 3 4 5' 
+ IFS= 
+ t=barbarfoo 
+ t='a${t2=BUG}' 
+ unset -v t2
+ t=a 
+ t=abcdefghij 
+ t2=efg 
+ t= 
+ set ' foo -> bar' foo
+ t=2956 
+ t=$'ok\001\177ok' 
+ t='  ::  \on\e :\tw'\''o \th\'\''re\e :\\'\''fo\u\r:   : :  ' 
+ IFS=': ' 
+ set --   '\on\e' '\tw'\''o' '\th\'\''re\e' '\\'\''fo\u\r'  
+ IFS= 
+ t='8,,,\on\e,\tw'\''o,\th\'\''re\e,\\'\''fo\u\r,,,U,U,U,U' 
+ IFS=/ 
+ set -- /root
+ IFS= 
+ i=7 
+ j=0 
+ unset -v t2
+ >/dev/null 
+ command -v typeset
+ typeset -i t2
+ t2=1000005 
+ t='foo\bar' 
+ : 1000005
+ unset -v t2
+ unset -v t
+ : 1
+ t=128/32 
+ eval $'case \047ab\001c\177d\047 in\n( \\a\\b\\\001\\c\\\177\\d ) ;;\n( * )\texit ;;\nesac'
+ _Msh_test_1234=x 
+ t='ab]cd' 
+ set -- '\'
+ t= 
+ set -C
+ >/dev/null 
+ :
+ 5<&- 
+ fn
+ 5</dev/null 
+ <&5 
+ :
+ t=0 
+ trap 'echo $PPID' 0
+ echo 2850
* Modernish version 0.17.23-dev, now running on /usr/bin/mksh.
* This shell identifies itself as mksh version R56 2017/08/08.
  Modernish detected the following bugs, quirks and/or extra features on it:
  ADDASSIGN	  BUG_PSUBIFSNW   DBLBRACKETV	  KSHARRAY	  QRK_32BIT
  ARITHCMD	  BUG_PSUBSQHD	  DOTARG	  LINENO	  QRK_LOCALUNS
  ARITHPP	  BUG_TRAPEMPT	  HERESTR	  LOCALVARS	  RANDOM
  BUG_CMDSETPP	  CESCQUOT	  KSH88FUNC	  PSREPLACE	  TESTO
  BUG_CMDSPEXIT   DBLBRACKET
* Running regression test suite on /usr/bin/mksh ...
+ [331.645612s|P3038,L44,e0] ulimit -c 0
+ [331.645665s|P3038,L47,e0] IFS= 
+ [331.645704s|P3038,L47,e0] set +e -fCu
+ [331.645758s|P3038,L54,e0] eval $': || $( : # "\n)'
+ [331.645805s|P3038,L54,e0] :
+ [331.645852s|P3038,L59,e0] eval $': || for i;\ndo :; done'
+ [331.645894s|P3038,L59,e0] :
+ [331.645970s|P3038,L77,e0] t=ok 
+ [331.646008s|P3038,L78,e0] t=bug command -@
/opt/clones/modernish/bin/modernish: /opt/clones/modernish/lib/modernish/adj/fatal.sh[78]: command: -@: unknown option
+ [331.646101s|P3038,L87,e0] :
+ [331.646204s|P3038,L113,e0] PATH=/dev/null 
+ [331.646266s|P3038,L113,e0] >/dev/null 
+ [331.646310s|P3038,L114,e0] t=x 
+ [331.646339s|P3038,L115,e0] command -v unset
+ [331.646369s|P3038,L116,e0] command -V unset
+ [331.646397s|P3038,L117,e0] command -v if
+ [331.646499s|P3038,L118,e0] unset t
+ [331.646544s|P3038,L121,e0] PATH=/bin:/usr/bin 
+ [331.646593s|P3038,L125,e0] readonly $'CC01=\001' 'CC7F=' 'RO=ok'
+ [331.646654s|P3038,L132,e0] RO1=1 RO2=2 RO3=3 
+ [331.646694s|P3038,L133,e0] readonly RO1 RO2 RO3
+ [331.646737s|P3038,L137,e0] set +o braceexpand
+ [331.646777s|P3038,L138,e0] >|/dev/null 
+ [331.646815s|P3038,L138,e0] PATH=/dev/null command -v typeset
+ [331.646855s|P3038,L138,e0] typeset -@ foo
/opt/clones/modernish/bin/modernish: /opt/clones/modernish/lib/modernish/adj/fatal.sh[138]: typeset: -@: unknown option
+ [331.646902s|P3038,L139,e1] unset -v RO1 RO2 RO3
/opt/clones/modernish/bin/modernish: /opt/clones/modernish/lib/modernish/adj/fatal.sh[139]: read-only: RO1
/opt/clones/modernish/bin/modernish: /opt/clones/modernish/lib/modernish/adj/fatal.sh[139]: read-only: RO2
/opt/clones/modernish/bin/modernish: /opt/clones/modernish/lib/modernish/adj/fatal.sh[139]: read-only: RO3
+ [331.646959s|P3038,L142,e1] alias 'test=test'
+ [331.647008s|P3038,L146,e0] alias 'fn=:'
+ [331.647040s|P3038,L147,e0] eval fn
+ [331.647067s|P3038,L147,e0] :
+ [331.647105s|P3038,L150,e0] unalias -a
+ [331.647152s|P3038,L153,e0] unset -f echo
+ [331.647195s|P3038,L156,e0] kill -s 0 3034
+ [331.647522s|P3039,L164,e0] eval '('
/opt/clones/modernish/bin/modernish: syntax error: unmatched '('
+ [331.647873s|P3038,L170,e0] fn
+ [331.647900s|P3038,L169,e0] :
+ [331.647924s|P3038,L169,e0] eval 'return 0'
+ [331.647950s|P3038,L169,e0] return 0
+ [331.648012s|P3038,L180,e0] eval $'command continue\n\t\texit'
+ [331.648040s|P3038,L180,e0] continue
+ [331.648081s|P3038,L184,e0] eval $'command break\n\t\texit'
+ [331.648108s|P3038,L184,e0] break
+ [331.648164s|P3038,L196,e0] unset -v FTL_UNSETFAIL_D7CDE27B_C03A_4B45_8050_30A9292BDE74
+ [331.648227s|P3038,L204,e0] unset -f FTL_UNSFNFAIL_574C63CD_8D52_4DCF_AD22_00B9AC29AFF7
+ [331.648269s|P3038,L209,e0] test foo '=~' bar
/opt/clones/modernish/bin/modernish: /opt/clones/modernish/lib/modernish/adj/fatal.sh[209]: test: =~: unexpected operator/operand
+ [331.648316s|P3038,L213,e2] test 123 -eq 1XX
/opt/clones/modernish/bin/modernish: /opt/clones/modernish/lib/modernish/adj/fatal.sh[213]: 1XX: bad number '1XX'
+ [331.648364s|P3038,L216,e2] >/dev/null 
+ [331.648409s|P3038,L216,e2] PATH=/dev/null command -v let
+ [331.648448s|P3038,L216,e0] let --
/opt/clones/modernish/bin/modernish: /opt/clones/modernish/lib/modernish/adj/fatal.sh[216]: --: -- requires lvalue
+ [331.648503s|P3038,L223,e2] set -- '   \on\e' '\tw'\''o' ' \th\'\''re\e' ' \'\''fo\u\r '
+ [331.648531s|P3038,L224,e0] IFS= 
+ [331.648567s|P3038,L225,e0] set -- '   \on\e' '\tw'\''o' ' \th\'\''re\e' ' \'\''fo\u\r '
+ [331.648654s|P3038,L243,e0] set -u --
+ [331.648678s|P3038,L243,e0] set --
+ [331.648699s|P3038,L243,e0] t= 
+ [331.648767s|P3038,L247,e0] t='1 2 3' 
+ [331.648795s|P3038,L248,e0] IFS='x ' 
+ [331.648825s|P3038,L249,e0] t='1 2 3 4 5' 
+ [331.648860s|P3038,L250,e0] IFS= 
+ [331.648925s|P3038,L263,e0] t=barbarfoo 
+ [331.648975s|P3038,L272,e0] t='a${t2=BUG}' 
+ [331.649002s|P3038,L273,e0] unset -v t2
+ [331.649028s|P3038,L274,e0] t=a 
+ [331.649091s|P3038,L282,e0] t=abcdefghij 
+ [331.649117s|P3038,L283,e0] t2=efg 
+ [331.649172s|P3038,L291,e0] t= 
+ [331.649224s|P3038,L299,e0] set ' foo -> bar' foo
+ [331.649284s|P3038,L307,e0] t=3034 
+ [331.649341s|P3038,L315,e0] t=$'ok\001\177ok' 
+ [331.649449s|P3038,L342,e0] t='  ::  \on\e :\tw'\''o \th\'\''re\e :\\'\''fo\u\r:   : :  ' 
+ [331.649478s|P3038,L343,e0] IFS=': ' 
+ [331.649514s|P3038,L344,e0] set --   '\on\e' '\tw'\''o' '\th\'\''re\e' '\\'\''fo\u\r'  
+ [331.649544s|P3038,L345,e0] IFS= 
+ [331.649577s|P3038,L346,e0] t='8,,,\on\e,\tw'\''o,\th\'\''re\e,\\'\''fo\u\r,,,U,U,U,U' 
+ [331.649664s|P3038,L359,e0] IFS=/ 
+ [331.649697s|P3038,L360,e0] set -- /root
+ [331.649725s|P3038,L361,e0] IFS= 
+ [331.649780s|P3038,L372,e0] i=7 
+ [331.649811s|P3038,L373,e0] j=0 
+ [331.649931s|P3038,L398,e0] unset -v t2
+ [331.649967s|P3038,L399,e0] >/dev/null 
+ [331.650018s|P3038,L399,e0] command -v typeset
+ [331.650055s|P3038,L399,e0] typeset -i t2
+ [331.650086s|P3038,L400,e0] t2=1000005 
+ [331.650117s|P3038,L401,e0] t='foo\bar' 
+ [331.650156s|P3038,L402,e0] : 1000005
+ [331.650215s|P3038,L407,e0] unset -v t2
+ [331.650256s|P3038,L414,e0] unset -v t
+ [331.650292s|P3038,L415,e0] : 1
+ [331.650318s|P3038,L416,e0] t=128/32 
+ [331.650383s|P3038,L427,e0] eval $'case \047ab\001c\177d\047 in\n( \\a\\b\\\001\\c\\\177\\d ) ;;\n( * )\texit ;;\nesac'
+ [331.650439s|P3038,L435,e0] _Msh_test_1234=x 
+ [331.650497s|P3038,L448,e0] t='ab]cd' 
+ [331.650617s|P3038,L479,e0] set -- '\'
+ [331.650667s|P3038,L488,e0] t= 
+ [331.650754s|P3038,L511,e0] set -C
+ [331.650787s|P3038,L512,e0] >/dev/null 
+ [331.650828s|P3038,L512,e0] :
+ [331.650886s|P3038,L519,e0] 5<&- 
+ [331.650911s|P3038,L519,e0] fn
+ [331.650938s|P3038,L519,e0] 5</dev/null 
+ [331.650973s|P3038,L517,e0] <&5 
+ [331.651001s|P3038,L517,e0] :
+ [331.651060s|P3038,L529,e0] t=0 
+ [331.651155s|P3038,L549,e0] trap 'echo $PPID' 0
+ [331.651215s|P3038,L549,e0] echo 2850
Out of 385 tests:
- 367 succeeded
- 12 were skipped
- 0 produced warnings
- 6 failed expectedly
- 0 failed unexpectedly
* Tests passed. No bugs in modernish were detected.
[m[33m[(B[m[31mmkdir(B[m[33m]> (B[m[34m[1m/bin/mkdir -p /usr/local/lib/modernish/bin(B[m
- Installed sh symlink: /usr/local/lib/modernish/bin/sh -> /usr/bin/mksh
[m[33m[(B[m[31mmkdir(B[m[33m]> (B[m[34m[1m/bin/mkdir -p /usr/local/share/doc/modernish(B[m
- Installed: /usr/local/share/doc/modernish/README.md
- Installed: /usr/local/share/doc/modernish/EXAMPLES.md
- Installed: /usr/local/bin/modernish (hashbang path: /usr/local/lib/modernish/bin/sh)
[m[33m[(B[m[31mmkdir(B[m[33m]> (B[m[34m[1m/bin/mkdir -p /usr/local/lib/modernish/mdl(B[m
- Installed: /usr/local/lib/modernish/mdl/safe.mm
[m[33m[(B[m[31mmkdir(B[m[33m]> (B[m[34m[1m/bin/mkdir -p /usr/local/lib/modernish/mdl/_IN[m
- Installed: /usr/local/lib/modernish/mdl/_IN/sig.mm
- Installed: /usr/local/lib/modernish/mdl/_IN/opt.mm
[m[33m[(B[m[31mmkdir(B[m[33m]> (B[m[34m[1m/bin/mkdir -p /usr/local/lib/modernish/mdl/sys/term(B[m
- Installed: /usr/local/lib/modernish/mdl/sys/term/readkey.mm
- Installed: /usr/local/lib/modernish/mdl/sys/term/putr.mm
[m[33m[(B[m[31mmkdir(B[m[33m]> (B[m[34m[1m/bin/mkdir -p /usr/local/lib/modernish/mdl/sys/cmd(B[m
- Installed: /usr/local/lib/modernish/mdl/sys/cmd/procsubst.mm
- Installed: /usr/local/lib/modernish/mdl/sys/cmd/source.mm
- Installed: /usr/local/lib/modernish/mdl/sys/cmd/harden.mm
- Installed: /usr/local/lib/modernish/mdl/sys/cmd/mapr.mm
- Installed: /usr/local/lib/modernish/mdl/sys/cmd/extern.mm
[m[33m[(B[m[31mmkdir(B[m[33m]> (B[m[34m[1m/bin/mkdir -p /usr/local/lib/modernish/mdl/sys/base(B[m
- Installed: /usr/local/lib/modernish/mdl/sys/base/which.mm
- Installed: /usr/local/lib/modernish/mdl/sys/base/tac.mm
- Installed: /usr/local/lib/modernish/mdl/sys/base/rev.mm
- Installed: /usr/local/lib/modernish/mdl/sys/base/readlink.mm
- Installed: /usr/local/lib/modernish/mdl/sys/base/mktemp.mm
- Installed: /usr/local/lib/modernish/mdl/sys/base/shuf.mm
- Installed: /usr/local/lib/modernish/mdl/sys/base/seq.mm
- Installed: /usr/local/lib/modernish/mdl/sys/base/yes.mm
[m[33m[(B[m[31mmkdir(B[m[33m]> (B[m[34m[1m/bin/mkdir -p /usr/local/lib/modernish/mdl/sys/dir(B[m
- Installed: /usr/local/lib/modernish/mdl/sys/dir/countfiles.mm
- Installed: /usr/local/lib/modernish/mdl/sys/dir/mkcd.mm
[m[33m[(B[m[31mmkdir(B[m[33m]> (B[m[34m[1m/bin/mkdir -p /usr/local/lib/modernish/mdl/var(B[m
- Installed: /usr/local/lib/modernish/mdl/var/local.mm
- Installed: /usr/local/lib/modernish/mdl/var/genoptparser.mm
[m[33m[(B[m[31mmkdir(B[m[33m]> (B[m[34m[1m/bin/mkdir -p /usr/local/lib/modernish/mdl/var/stack/extra(B[m
- Installed: /usr/local/lib/modernish/mdl/var/stack/extra/stacksize.mm
- Installed: /usr/local/lib/modernish/mdl/var/stack/extra/clearstack.mm
- Installed: /usr/local/lib/modernish/mdl/var/stack/extra/printstack.mm
- Installed: /usr/local/lib/modernish/mdl/var/stack/extra/stackempty.mm
- Installed: /usr/local/lib/modernish/mdl/var/stack/trap.mm
[m[33m[(B[m[31mmkdir(B[m[33m]> (B[m[34m[1m/bin/mkdir -p /usr/local/lib/modernish/mdl/var/arith(B[m
- Installed: /usr/local/lib/modernish/mdl/var/arith/cmp.mm
- Installed: /usr/local/lib/modernish/mdl/var/arith/ops.mm
- Installed: /usr/local/lib/modernish/mdl/var/readf.mm
- Installed: /usr/local/lib/modernish/mdl/var/loop.mm
[m[33m[(B[m[31mmkdir(B[m[33m]> (B[m[34m[1m/bin/mkdir -p /usr/local/lib/modernish/mdl/var/string(B[m
- Installed: /usr/local/lib/modernish/mdl/var/string/trim.mm
- Installed: /usr/local/lib/modernish/mdl/var/string/append.mm
- Installed: /usr/local/lib/modernish/mdl/var/string/touplow.mm
- Installed: /usr/local/lib/modernish/mdl/var/string/replacein.mm
- Installed: /usr/local/lib/modernish/mdl/var/shellquote.mm
- Installed: /usr/local/lib/modernish/mdl/var/mapr.mm
- Installed: /usr/local/lib/modernish/mdl/var/unexport.mm
- Installed: /usr/local/lib/modernish/mdl/var/assign.mm
[m[33m[(B[m[31mmkdir(B[m[33m]> (B[m[34m[1m/bin/mkdir -p /usr/local/lib/modernish/mdl/var/loop(B[m
- Installed: /usr/local/lib/modernish/mdl/var/loop/select.mm
- Installed: /usr/local/lib/modernish/mdl/var/loop/for.mm
- Installed: /usr/local/lib/modernish/mdl/var/loop/find.mm
- Installed: /usr/local/lib/modernish/mdl/var/loop/repeat.mm
[m[33m[(B[m[31mmkdir(B[m[33m]> (B[m[34m[1m/bin/mkdir -p /usr/local/lib/modernish/adj(B[m
- Installed: /usr/local/lib/modernish/adj/ematch.awk (hashbang path: /usr/bin/awk -f)
- Installed: /usr/local/lib/modernish/adj/id.sh
- Installed: /usr/local/lib/modernish/adj/fatal.sh
[m[33m[(B[m[31mmkdir(B[m[33m]> (B[m[34m[1m/bin/mkdir -p /usr/local/lib/modernish/adj/sys/cmd(B[m
- Installed: /usr/local/lib/modernish/adj/sys/cmd/mapr.awk
[m[33m[(B[m[31mmkdir(B[m[33m]> (B[m[34m[1m/bin/mkdir -p /usr/local/lib/modernish/adj/sys/base(B[m
- Installed: /usr/local/lib/modernish/adj/sys/base/tac.awk
- Installed: /usr/local/lib/modernish/adj/std.sh
[m[33m[(B[m[31mmkdir(B[m[33m]> (B[m[34m[1m/bin/mkdir -p /usr/local/lib/modernish/adj/var/loop(B[m
- Installed: /usr/local/lib/modernish/adj/var/loop/find-ask.sh
- Installed: /usr/local/lib/modernish/adj/var/loop/find.awk
- Installed: /usr/local/lib/modernish/adj/var/loop/find.sh
- Installed: /usr/local/lib/modernish/adj/var/loop/find-path.sh
- Installed: /usr/local/lib/modernish/adj/var/loop/find-exec.sh
- Installed: /usr/local/lib/modernish/adj/var/loop/find-ok.sh
[m[33m[(B[m[31mmkdir(B[m[33m]> (B[m[34m[1m/bin/mkdir -p /usr/local/lib/modernish/adj/cap(B[m
- Installed: /usr/local/lib/modernish/adj/cap/BUG_TRAPFNEXI.sh
- Installed: /usr/local/lib/modernish/adj/cap/DOTARG.sh
- Installed: /usr/local/lib/modernish/adj/cap/BUG_LNNONEG.sh
- Installed: /usr/local/lib/modernish/adj/cap/BUG_LOOPRET3.sh
[m[33m[(B[m[31mmkdir(B[m[33m]> (B[m[34m[1m/bin/mkdir -p /usr/local/lib/modernish/tst(B[m
- Installed: /usr/local/lib/modernish/tst/local.t
- Installed: /usr/local/lib/modernish/tst/io.t
- Installed: /usr/local/lib/modernish/tst/run.sh
- Installed: /usr/local/lib/modernish/tst/var.t
- Installed: /usr/local/lib/modernish/tst/trap.t
- Installed: /usr/local/lib/modernish/tst/@sanitychecks.t
- Installed: /usr/local/lib/modernish/tst/is.t
- Installed: /usr/local/lib/modernish/tst/match.t
- Installed: /usr/local/lib/modernish/tst/builtin.t
- Installed: /usr/local/lib/modernish/tst/arith.t
- Installed: /usr/local/lib/modernish/tst/stack.t
- Installed: /usr/local/lib/modernish/tst/isset.t
- Installed: /usr/local/lib/modernish/tst/sys.t
- Installed: /usr/local/lib/modernish/tst/string.t
- Installed: /usr/local/lib/modernish/tst/posparam_spc.t
- Installed: /usr/local/lib/modernish/tst/shellquote.t
- Installed: /usr/local/lib/modernish/tst/loop_cond.t
- Installed: /usr/local/lib/modernish/tst/posparam.t
- Installed: /usr/local/lib/modernish/tst/process.t
[m[33m[(B[m[31mmkdir(B[m[33m]> (B[m[34m[1m/bin/mkdir -p /usr/local/lib/modernish/cap(B[m
- Installed: /usr/local/lib/modernish/cap/BUG_SHIFTERR0.t
- Installed: /usr/local/lib/modernish/cap/QRK_FNRDREXIT.t
- Installed: /usr/local/lib/modernish/cap/QRK_IFSFINAL.t
- Installed: /usr/local/lib/modernish/cap/BUG_SETOUTVAR.t
- Installed: /usr/local/lib/modernish/cap/BUG_PUTIOERR.t
- Installed: /usr/local/lib/modernish/cap/BUG_CSUBSTDO.t
- Installed: /usr/local/lib/modernish/cap/README.md
- Installed: /usr/local/lib/modernish/cap/BUG_READWHSP.t
- Installed: /usr/local/lib/modernish/cap/BUG_PP_10.t
- Installed: /usr/local/lib/modernish/cap/BUG_PP_1ARG.t
- Installed: /usr/local/lib/modernish/cap/TESTO.t
- Installed: /usr/local/lib/modernish/cap/DOTARG.t
- Installed: /usr/local/lib/modernish/cap/BUG_IFSGLOBC.t
- Installed: /usr/local/lib/modernish/cap/BUG_REDIRPOS.t
- Installed: /usr/local/lib/modernish/cap/ROFUNC.t
- Installed: /usr/local/lib/modernish/cap/QRK_ARITHWHSP.t
- Installed: /usr/local/lib/modernish/cap/NONFORKSUBSH.t
- Installed: /usr/local/lib/modernish/cap/BUG_ASGNLOCAL.t
- Installed: /usr/local/lib/modernish/cap/BUG_ZSHNAMES2.t
- Installed: /usr/local/lib/modernish/cap/BUG_FORLOCAL.t
- Installed: /usr/local/lib/modernish/cap/BUG_TRAPRETIR.t
- Installed: /usr/local/lib/modernish/cap/BUG_PP_08.t
- Installed: /usr/local/lib/modernish/cap/BUG_PSUBASNCC.t
- Installed: /usr/local/lib/modernish/cap/ADDASSIGN.t
- Installed: /usr/local/lib/modernish/cap/BUG_NOEXPRO.t
- Installed: /usr/local/lib/modernish/cap/ARITHPP.t
- Installed: /usr/local/lib/modernish/cap/BUG_PP_03A.t
- Installed: /usr/local/lib/modernish/cap/BUG_KUNSETIFS.t
- Installed: /usr/local/lib/modernish/cap/BUG_PSUBSQHD.t
- Installed: /usr/local/lib/modernish/cap/BUG_ARITHSPLT.t
- Installed: /usr/local/lib/modernish/cap/KSH88FUNC.t
- Installed: /usr/local/lib/modernish/cap/BUG_CMDPV.t
- Installed: /usr/local/lib/modernish/cap/QRK_LOCALUNS2.t
- Installed: /usr/local/lib/modernish/cap/BUG_TRAPEMPT.t
- Installed: /usr/local/lib/modernish/cap/BUG_CMDOPTEXP.t
- Installed: /usr/local/lib/modernish/cap/BUG_TESTILNUM.t
- Installed: /usr/local/lib/modernish/cap/BUG_PSUBNEWLN.t
- Installed: /usr/local/lib/modernish/cap/BUG_TRAPFNEXI.t
- Installed: /usr/local/lib/modernish/cap/BUG_CMDEXEC.t
- Installed: /usr/local/lib/modernish/cap/BUG_UNSETUNXP.t
- Installed: /usr/local/lib/modernish/cap/BUG_PSUBBKSL1.t
- Installed: /usr/local/lib/modernish/cap/QRK_ANDORBG.t
- Installed: /usr/local/lib/modernish/cap/ANONFUNC.t
- Installed: /usr/local/lib/modernish/cap/WRN_NOSIGPIPE.t
- Installed: /usr/local/lib/modernish/cap/BUG_ZSHNAMES.t
- Installed: /usr/local/lib/modernish/cap/QRK_BCDANGER.t
- Installed: /usr/local/lib/modernish/cap/BUG_LOOPRET1.t
- Installed: /usr/local/lib/modernish/cap/BUG_DOLRCSUB.t
- Installed: /usr/local/lib/modernish/cap/BUG_DEVTTY.t
- Installed: /usr/local/lib/modernish/cap/BUG_ARITHNAN.t
- Installed: /usr/local/lib/modernish/cap/BUG_PP_07A.t
- Installed: /usr/local/lib/modernish/cap/QRK_ARITHEMPT.t
- Installed: /usr/local/lib/modernish/cap/BUG_PP_05.t
- Installed: /usr/local/lib/modernish/cap/QRK_OPTABBR.t
- Installed: /usr/local/lib/modernish/cap/BUG_IFSISSET.t
- Installed: /usr/local/lib/modernish/cap/BUG_BRACQUOT.t
- Installed: /usr/local/lib/modernish/cap/BUG_TRAPEXIT.t
- Installed: /usr/local/lib/modernish/cap/BUG_PP_04_S.t
- Installed: /usr/local/lib/modernish/cap/VARPREFIX.t
- Installed: /usr/local/lib/modernish/cap/BUG_CASELIT.t
- Installed: /usr/local/lib/modernish/cap/BUG_SCLOSEDFD.t
- Installed: /usr/local/lib/modernish/cap/PRINTFV.t
- Installed: /usr/local/lib/modernish/cap/BUG_IFSCC01PP.t
- Installed: /usr/local/lib/modernish/cap/BUG_PP_03B.t
- Installed: /usr/local/lib/modernish/cap/BUG_PSUBEMPT.t
- Installed: /usr/local/lib/modernish/cap/BUG_OPTNOLOG.t
- Installed: /usr/local/lib/modernish/cap/BUG_PP_07.t
- Installed: /usr/local/lib/modernish/cap/QRK_LOCALUNS.t
- Installed: /usr/local/lib/modernish/cap/WRN_EREMBYTE.t
- Installed: /usr/local/lib/modernish/cap/BUG_CMDSPASGN.t
- Installed: /usr/local/lib/modernish/cap/QRK_SPCBIXP.t
- Installed: /usr/local/lib/modernish/cap/BUG_KBGPID.t
- Installed: /usr/local/lib/modernish/cap/HERESTR.t
- Installed: /usr/local/lib/modernish/cap/BUG_PP_01.t
- Installed: /usr/local/lib/modernish/cap/KSHARRAY.t
- Installed: /usr/local/lib/modernish/cap/BUG_CMDSETPP.t
- Installed: /usr/local/lib/modernish/cap/BUG_PP_03C.t
- Installed: /usr/local/lib/modernish/cap/QRK_OPTDASH.t
- Installed: /usr/local/lib/modernish/cap/BUG_ISSETLOOP.t
- Installed: /usr/local/lib/modernish/cap/BUG_SPCBILOC.t
- Installed: /usr/local/lib/modernish/cap/TRAPPRSUBSH.t
- Installed: /usr/local/lib/modernish/cap/BUG_PP_MDLEN.t
- Installed: /usr/local/lib/modernish/cap/KSH93FUNC.t
- Installed: /usr/local/lib/modernish/cap/QRK_GLOBDOTS.t
- Installed: /usr/local/lib/modernish/cap/BUG_LOOPRET3.t
- Installed: /usr/local/lib/modernish/cap/ARITHCMD.t
- Installed: /usr/local/lib/modernish/cap/BUG_DQGLOB.t
- Installed: /usr/local/lib/modernish/cap/BUG_LNNONEG.t
- Installed: /usr/local/lib/modernish/cap/BUG_CDPCANON.t
- Installed: /usr/local/lib/modernish/cap/TESTERE.t
- Installed: /usr/local/lib/modernish/cap/BUG_MULTIBIFS.t
- Installed: /usr/local/lib/modernish/cap/QRK_EVALNOOPT.t
- Installed: /usr/local/lib/modernish/cap/BUG_ASGNCC01.t
- Installed: /usr/local/lib/modernish/cap/LEPIPEMAIN.t
- Installed: /usr/local/lib/modernish/cap/BUG_PP_04E.t
- Installed: /usr/local/lib/modernish/cap/BUG_LOOPRET2.t
- Installed: /usr/local/lib/modernish/cap/BUG_PSUBIFSNW.t
- Installed: /usr/local/lib/modernish/cap/BUG_CMDSPEXIT.t
- Installed: /usr/local/lib/modernish/cap/BUG_REDIRIO.t
- Installed: /usr/local/lib/modernish/cap/BUG_CSUBBTQUOT.t
- Installed: /usr/local/lib/modernish/cap/BUG_PP_02.t
- Installed: /usr/local/lib/modernish/cap/PSREPLACE.t
- Installed: /usr/local/lib/modernish/cap/BUG_PSUBEMIFS.t
- Installed: /usr/local/lib/modernish/cap/BUG_PP_06A.t
- Installed: /usr/local/lib/modernish/cap/DBLBRACKETV.t
- Installed: /usr/local/lib/modernish/cap/QRK_UNSETF.t
- Installed: /usr/local/lib/modernish/cap/QRK_OPTCASE.t
- Installed: /usr/local/lib/modernish/cap/RANDOM.t
- Installed: /usr/local/lib/modernish/cap/BUG_TESTERR1A.t
- Installed: /usr/local/lib/modernish/cap/BUG_IFSGLOBP.t
- Installed: /usr/local/lib/modernish/cap/BUG_EXPORTUNS.t
- Installed: /usr/local/lib/modernish/cap/CESCQUOT.t
- Installed: /usr/local/lib/modernish/cap/BUG_ALIASPOSX.t
- Installed: /usr/local/lib/modernish/cap/BUG_CASEEMPT.t
- Installed: /usr/local/lib/modernish/cap/BUG_TRAPUNSRE.t
- Installed: /usr/local/lib/modernish/cap/QRK_HDPARQUOT.t
- Installed: /usr/local/lib/modernish/cap/BUG_HDOCMASK.t
- Installed: /usr/local/lib/modernish/cap/BUG_PSUBSQUOT.t
- Installed: /usr/local/lib/modernish/cap/QRK_PPIPEMAIN.t
- Installed: /usr/local/lib/modernish/cap/QRK_LOCALINH.t
- Installed: /usr/local/lib/modernish/cap/BUG_PP_08B.t
- Installed: /usr/local/lib/modernish/cap/QRK_EXECFNBI.t
- Installed: /usr/local/lib/modernish/cap/BUG_FNSUBSH.t
- Installed: /usr/local/lib/modernish/cap/PROCSUBST.t
- Installed: /usr/local/lib/modernish/cap/DBLBRACKET.t
- Installed: /usr/local/lib/modernish/cap/BUG_CSNHDBKSL.t
- Installed: /usr/local/lib/modernish/cap/BUG_ARITHINIT.t
- Installed: /usr/local/lib/modernish/cap/BUG_HDOCBKSL.t
- Installed: /usr/local/lib/modernish/cap/BUG_GETOPTSMA.t
- Installed: /usr/local/lib/modernish/cap/BUG_CASESTAT.t
- Installed: /usr/local/lib/modernish/cap/BUG_ALIASCSHD.t
- Installed: /usr/local/lib/modernish/cap/BUG_CSUBRMLF.t
- Installed: /usr/local/lib/modernish/cap/QRK_LOCALSET.t
- Installed: /usr/local/lib/modernish/cap/BUG_PP_MDIGIT.t
- Installed: /usr/local/lib/modernish/cap/BUG_CSUBLNCONT.t
- Installed: /usr/local/lib/modernish/cap/QRK_EMPTPPWRD.t
- Installed: /usr/local/lib/modernish/cap/BUG_CASEPAREN.t
- Installed: /usr/local/lib/modernish/cap/BUG_PP_09.t
- Installed: /usr/local/lib/modernish/cap/QRK_OPTULINE.t
- Installed: /usr/local/lib/modernish/cap/QRK_EMPTPPFLD.t
- Installed: /usr/local/lib/modernish/cap/QRK_OPTNOPRFX.t
- Installed: /usr/local/lib/modernish/cap/BUG_ARITHLNNO.t
- Installed: /usr/local/lib/modernish/cap/BUG_IFSGLOBS.t
- Installed: /usr/local/lib/modernish/cap/BUG_PP_10A.t
- Installed: /usr/local/lib/modernish/cap/DBLBRACKETERE.t
- Installed: /usr/local/lib/modernish/cap/BUG_TRAPSUB0.t
- Installed: /usr/local/lib/modernish/cap/BUG_CDNOLOGIC.t
- Installed: /usr/local/lib/modernish/cap/QRK_32BIT.t
- Installed: /usr/local/lib/modernish/cap/BUG_VARPREFIX.t
- Installed: /usr/local/lib/modernish/cap/LINENO.t
- Installed: /usr/local/lib/modernish/cap/ARITHFOR.t
- Installed: /usr/local/lib/modernish/cap/WRN_MULTIBYTE.t
- Installed: /usr/local/lib/modernish/cap/BUG_NOCHCLASS.t
- Installed: /usr/local/lib/modernish/cap/PROCREDIR.t
- Installed: /usr/local/lib/modernish/cap/BUG_TESTONEG.t
- Installed: /usr/local/lib/modernish/cap/QRK_LOCALSET2.t
- Installed: /usr/local/lib/modernish/cap/BUG_PP_03.t
- Installed: /usr/local/lib/modernish/cap/TRAPZERR.t
- Installed: /usr/local/lib/modernish/cap/BUG_CMDEXPAN.t
- Installed: /usr/local/lib/modernish/cap/LOCALVARS.t
- Installed: /usr/local/lib/modernish/cap/BUG_PP_04A.t
[m[33m[(B[m[31mmkdir(B[m[33m]> (B[m[34m[1m/bin/mkdir -p /usr/local/share/doc/modernish/utils(B[m
- Installed: /usr/local/share/doc/modernish/utils/git-restore-timestamps.sh (hashbang path: /usr/bin/env modernish)
- Installed: /usr/local/share/doc/modernish/utils/README
- Installed: /usr/local/share/doc/modernish/utils/testshells.sh (hashbang path: /usr/bin/env modernish)
- Installed: /usr/local/share/doc/modernish/utils/mktoc.sh (hashbang path: /usr/bin/env modernish)
- Installed: /usr/local/share/doc/modernish/utils/modules-unalias-update.sh (hashbang path: /usr/bin/env modernish)
- Installed: /usr/local/share/doc/modernish/utils/showTODO.sh (hashbang path: /usr/bin/env modernish)
- Installed: /usr/local/share/doc/modernish/utils/bundle-diff-update.sh (hashbang path: /usr/bin/env modernish)
- Installed: /usr/local/share/doc/modernish/CODINGSTYLE
[m[33m[(B[m[31mmkdir(B[m[33m]> (B[m[34m[1m/bin/mkdir -p /usr/local/share/doc/modernish/examples(B[m
- Installed: /usr/local/share/doc/modernish/examples/dice.sh (hashbang path: /usr/bin/env modernish)
- Installed: /usr/local/share/doc/modernish/examples/copy-timestamps.sh (hashbang path: /usr/bin/env modernish)
- Installed: /usr/local/share/doc/modernish/examples/README
- Installed: /usr/local/share/doc/modernish/examples/get-firefox.sh (hashbang path: /usr/bin/env modernish)
- Installed: /usr/local/share/doc/modernish/examples/sort-music.sh (hashbang path: /usr/bin/env modernish)
[m[33m[(B[m[31mmkdir(B[m[33m]> (B[m[34m[1m/bin/mkdir -p /usr/local/share/doc/modernish/examples/resurrectjoe(B[m
- Installed: /usr/local/share/doc/modernish/examples/resurrectjoe/resurrectjoe.sh (hashbang path: /usr/bin/env modernish)
- Installed: /usr/local/share/doc/modernish/examples/resurrectjoe/SAMPLE_DEADJOE
- Installed: /usr/local/share/doc/modernish/examples/procsubst.sh (hashbang path: /usr/bin/env modernish)
- Installed: /usr/local/share/doc/modernish/examples/morse.sh (hashbang path: /usr/bin/env modernish)
- Installed: /usr/local/share/doc/modernish/examples/findloop.sh (hashbang path: /usr/bin/env modernish)
[m[33m[(B[m[31mmkdir(B[m[33m]> (B[m[34m[1m/bin/mkdir -p /usr/local/share/doc/modernish/tests(B[m
- Installed: /usr/local/share/doc/modernish/tests/die-bg-test.sh (hashbang path: /usr/bin/env modernish)
- Installed: /usr/local/share/doc/modernish/tests/README
- Installed: /usr/local/share/doc/modernish/tests/local-test.sh (hashbang path: /usr/bin/env modernish)
- Installed: /usr/local/share/doc/modernish/tests/harden-test.sh (hashbang path: /usr/bin/env modernish)
- Installed: /usr/local/share/doc/modernish/tests/shellquote-test.sh (hashbang path: /usr/bin/env modernish)
- Installed: /usr/local/share/doc/modernish/tests/mktemp-stresstest.sh (hashbang path: /usr/bin/env modernish)
- Installed: /usr/local/share/doc/modernish/HELP
- Installed: /usr/local/share/doc/modernish/DESIGN.md
- Installed: /usr/local/share/doc/modernish/LICENSE

Modernish 0.17.23-dev installed successfully with default shell /usr/local/lib/modernish/bin/sh.
Be sure /usr/local/bin is in your $PATH before starting.
