Relaunching install.sh with /usr/bin/dash...
+ [e0] command ulimit -c 0
+ [e0] IFS=
+ [e0] set +e -fCu
+ [e0] eval : || $( : # "
)
+ [e0] :
+ [e0] eval : || for i;
do :; done
+ [e0] :
+ [e0] t=ok
+ [e0] t=bug command -@
command: 1: Illegal option -@
+ [e0] :
+ [e0] PATH=/dev/null
+ [e0] t=x
+ [e0] command -v unset
+ [e0] command -V unset
+ [e0] command -v if
+ [e0] command unset t
+ [e0] PATH=/bin:/usr/bin
+ [e0] readonly CC01= CC7F= RO=ok
+ [e0] RO1=1 RO2=2 RO3=3
+ [e0] readonly RO1 RO2 RO3
+ [e0] command set +o braceexpand
set: 1: Illegal option -o braceexpand
+ [e2] PATH=/dev/null command -v typeset
+ [e127] command unset -v RO1 RO2 RO3
+ [e1] alias test=test
+ [e0] alias fn=:
+ [e0] eval fn
+ [e0] :
+ [e0] unalias -a
+ [e0] unset -f echo
+ [e0] kill -s 0 1395
+ [e0] command eval (
eval: 1: Syntax error: end of file unexpected
+ [e0] fn
+ [e0] :
+ [e0] eval return 0
+ [e0] return 0
+ [e0] eval command continue
		exit
+ [e0] command continue
+ [e0] eval command break
		exit
+ [e0] command break
+ [e0] unset -v FTL_UNSETFAIL_D7CDE27B_C03A_4B45_8050_30A9292BDE74
+ [e0] unset -f FTL_UNSFNFAIL_574C63CD_8D52_4DCF_AD22_00B9AC29AFF7
+ [e0] command test foo =~ bar
test: 1: foo: unexpected operator
+ [e2] command test 123 -eq 1XX
test: 1: Illegal number: 1XX
+ [e2] PATH=/dev/null command -v let
+ [e127] set --    \on\e \tw'o  \th\'re\e  \'fo\u\r 
+ [e0] IFS=
+ [e0] set --    \on\e \tw'o  \th\'re\e  \'fo\u\r 
+ [e0] set -u --
+ [e0] set --
+ [e0] t=
+ [e0] t=1 2 3
+ [e0] IFS=x 
+ [e0] t=1 2 3 4 5
+ [e0] IFS=
+ [e0] t=barbarfoo
+ [e0] t=a${t2=BUG}
+ [e0] unset -v t2
+ [e0] t=a
+ [e0] t=abcdefghij
+ [e0] t2=efg
+ [e0] t=
+ [e0] set  foo -> bar foo
+ [e0] t=1395
+ [e0] t=okok
+ [e0] t=  ::  \on\e :\tw'o \th\'re\e :\\'fo\u\r:   : :  
+ [e0] IFS=: 
+ [e0] set --   \on\e \tw'o \th\'re\e \\'fo\u\r  
+ [e0] IFS=
+ [e0] t=8,,,\on\e,\tw'o,\th\'re\e,\\'fo\u\r,,,U,U,U,U
+ [e0] IFS=/
+ [e0] set --  root
+ [e0] IFS=
+ [e0] exit
+ [e0] echo fatalbug
modernish: Fatal shell bug(s) detected; this shell cannot run modernish.
modernish: Initialisation failed. Aborting.
