Relaunching install.sh with /usr/bin/zsh...
+ [0.055168s|S1,bin/modernish:157,adj/fatal.sh,L44,e0] ulimit -c 0
+ [0.055470s|S1,bin/modernish:157,adj/fatal.sh,L47,e0] IFS='' 
+ [0.055635s|S1,bin/modernish:157,adj/fatal.sh,L47,e0] set +e -fCu
+ [0.056122s|S1,bin/modernish:157,adj/fatal.sh,L54,e0] eval ': || $( : # "
)'
+ [0.056212s|S1,bin/modernish:157,adj/fatal.sh,L54,e0] :
+ [0.056636s|S1,bin/modernish:157,adj/fatal.sh,L59,e0] eval ': || for i;
do :; done'
+ [0.056720s|S1,bin/modernish:157,adj/fatal.sh,L59,e0] :
+ [0.057043s|S1,bin/modernish:157,adj/fatal.sh,L64,e0] case foo\
bar (foo\\$'\n'bar)
+ [0.057750s|S1,bin/modernish:157,adj/fatal.sh,L77,e0] t=ok 
+ [0.058203s|S2,bin/modernish:157,adj/fatal.sh,L78,e0] t=bug -@
/opt/clones/modernish/lib/modernish/adj/fatal.sh:78: command not found: -@
+ [0.058657s|S1,bin/modernish:157,adj/fatal.sh,L79,e0] case ok (ok)
+ [0.059129s|S1,bin/modernish:157,adj/fatal.sh,L87,e0] :
+ [0.059203s|S1,bin/modernish:157,adj/fatal.sh,L87,e0] case x (x)
+ [0.059824s|S1,bin/modernish:157,adj/fatal.sh,L93,e0] case  (4.[34].*)
+ [0.060252s|S1,bin/modernish:157,adj/fatal.sh,L103,e0] case 15920 ( | 0* | *[!0123456789]*)
+ [0.060910s|S1,bin/modernish:157,adj/fatal.sh,L113,e0] PATH=/dev/null 
+ [0.061259s|S1,bin/modernish:157,adj/fatal.sh,L114,e0] t=x 
+ [0.061337s|S1,bin/modernish:157,adj/fatal.sh,L115,e0] command -v unset
+ [0.061432s|S1,bin/modernish:157,adj/fatal.sh,L116,e0] command -V unset
+ [0.061544s|S1,bin/modernish:157,adj/fatal.sh,L117,e0] command -v if
+ [0.061647s|S1,bin/modernish:157,adj/fatal.sh,L118,e0] unset t
+ [0.061732s|S1,bin/modernish:157,adj/fatal.sh,L119,e0] case  (s)
+ [0.061860s|S1,bin/modernish:157,adj/fatal.sh,L121,e0] PATH=/bin:/usr/bin 
+ [0.062251s|S1,bin/modernish:157,adj/fatal.sh,L125,e0] readonly CC01= CC7F= RO=ok
+ [0.062468s|S1,bin/modernish:157,adj/fatal.sh,L126,e0] case ,,ok,,,ok (,,ok,,,ok)
+ [0.062652s|S1,bin/modernish:157,adj/fatal.sh,L132,e0] RO1=1 RO2=2 RO3=3 
+ [0.062765s|S1,bin/modernish:157,adj/fatal.sh,L133,e0] readonly RO1 RO2 RO3
+ [0.063116s|S1,bin/modernish:157,adj/fatal.sh,L137,e0] set +o braceexpand
+ [0.063331s|S1,bin/modernish:157,adj/fatal.sh,L138,e0] PATH=/dev/null + [0.063376s|S1,bin/modernish:157,adj/fatal.sh,L138,e0] command -v typeset
/opt/clones/modernish/lib/modernish/adj/fatal.sh:138: bad option: -@
+ [0.063622s|S1,bin/modernish:157,adj/fatal.sh,L139,e1] unset -v RO1 RO2 RO3
/opt/clones/modernish/lib/modernish/adj/fatal.sh:139: read-only variable: RO1
+ [0.063746s|S1,modernish/install.sh:143,bin/modernish,L157,e126] echo BUG
+ [0.063838s|S1,modernish/install.sh:143,bin/modernish,L157,e0] echo fatalbug
modernish: Fatal shell bug(s) detected; this shell cannot run modernish.
modernish: Initialisation failed. Aborting.
