Relaunching install.sh with /usr/bin/zsh...
/opt/clones/modernish/lib/modernish/adj/std.sh:setopt:48: no such option: POSIX_ARGZERO
/opt/clones/modernish/lib/modernish/adj/std.sh:setopt:48: no such option: POSIX_ARGZERO
+ [0.015541s|S1,bin/modernish:157,adj/fatal.sh,L44,e0] ulimit -c 0
+ [0.015822s|S1,bin/modernish:157,adj/fatal.sh,L47,e0] IFS='' 
+ [0.015989s|S1,bin/modernish:157,adj/fatal.sh,L47,e0] set +e -fCu
+ [0.016177s|S1,bin/modernish:157,adj/fatal.sh,L54,e0] eval ': || $( : # "
)'
+ [0.016326s|S1,bin/modernish:157,adj/fatal.sh,L54,e0] :
+ [0.016521s|S1,bin/modernish:157,adj/fatal.sh,L59,e0] eval ': || for i;
do :; done'
+ [0.016677s|S1,bin/modernish:157,adj/fatal.sh,L59,e0] :
+ [0.016846s|S1,bin/modernish:157,adj/fatal.sh,L64,e0] case foo\
bar (foo\\
bar)
+ [0.017006s|S1,bin/modernish:157,adj/fatal.sh,L77,e0] t=ok 
+ [0.017416s|S2,bin/modernish:157,adj/fatal.sh,L78,e0] t=bug -@
/opt/clones/modernish/lib/modernish/adj/fatal.sh:78: command not found: -@
+ [0.017825s|S1,bin/modernish:157,adj/fatal.sh,L79,e0] case ok (ok)
+ [0.018039s|S1,bin/modernish:157,adj/fatal.sh,L87,e0] :
+ [0.018185s|S1,bin/modernish:157,adj/fatal.sh,L87,e0] case x (x)
+ [0.018369s|S1,bin/modernish:157,adj/fatal.sh,L93,e0] case  (4.[34].*)
+ [0.018544s|S1,bin/modernish:157,adj/fatal.sh,L103,e0] case 13620 (|0*|*[!0123456789]*)
+ [0.018712s|S1,bin/modernish:157,adj/fatal.sh,L113,e0] PATH=/dev/null 
+ [0.018902s|S1,bin/modernish:157,adj/fatal.sh,L114,e0] t=x 
+ [0.019018s|S1,bin/modernish:157,adj/fatal.sh,L115,e0] command -v unset
+ [0.019114s|S1,bin/modernish:157,adj/fatal.sh,L116,e0] command -V unset
+ [0.019209s|S1,bin/modernish:157,adj/fatal.sh,L117,e0] command -v if
+ [0.019304s|S1,bin/modernish:157,adj/fatal.sh,L118,e0] unset t
+ [0.019386s|S1,bin/modernish:157,adj/fatal.sh,L119,e0] case  (s)
+ [0.019495s|S1,bin/modernish:157,adj/fatal.sh,L121,e0] PATH=/bin:/usr/bin 
+ [0.019653s|S1,bin/modernish:157,adj/fatal.sh,L125,e0] readonly 'CC01=' 'CC7F=' 'RO=ok'
+ [0.019768s|S1,bin/modernish:157,adj/fatal.sh,L126,e0] case ,,ok,,,ok (,,ok,,,ok)
+ [0.019877s|S1,bin/modernish:157,adj/fatal.sh,L132,e0] RO1=1 RO2=2 RO3=3 
+ [0.019977s|S1,bin/modernish:157,adj/fatal.sh,L133,e0] readonly RO1 RO2 RO3
+ [0.020119s|S1,bin/modernish:157,adj/fatal.sh,L137,e0] set +o braceexpand
+ [0.020257s|S1,bin/modernish:157,adj/fatal.sh,L138,e0] PATH=/dev/null + [0.020328s|S1,bin/modernish:157,adj/fatal.sh,L138,e0] command -v typeset
/opt/clones/modernish/lib/modernish/adj/fatal.sh:138: bad option: -@
+ [0.020494s|S1,bin/modernish:157,adj/fatal.sh,L139,e1] unset -v RO1 RO2 RO3
/opt/clones/modernish/lib/modernish/adj/fatal.sh:139: read-only variable: RO1
+ [0.020623s|S1,modernish/install.sh:143,bin/modernish,L157,e126] echo BUG
+ [0.020709s|S1,modernish/install.sh:143,bin/modernish,L157,e0] echo fatalbug
modernish: Fatal shell bug(s) detected; this shell cannot run modernish.
modernish: Initialisation failed. Aborting.
