Relaunching install.sh with /usr/bin/zsh...
+ [0.014154s|S1,bin/modernish:157,adj/fatal.sh,L44,e0] ulimit -c 0
+ [0.014383s|S1,bin/modernish:157,adj/fatal.sh,L47,e0] IFS='' 
+ [0.014472s|S1,bin/modernish:157,adj/fatal.sh,L47,e0] set +e -fCu
+ [0.014611s|S1,bin/modernish:157,adj/fatal.sh,L54,e0] eval ': || $( : # "
)'
+ [0.014672s|S1,bin/modernish:157,adj/fatal.sh,L54,e0] :
+ [0.014790s|S1,bin/modernish:157,adj/fatal.sh,L59,e0] eval ': || for i;
do :; done'
+ [0.014871s|S1,bin/modernish:157,adj/fatal.sh,L59,e0] :
+ [0.014999s|S1,bin/modernish:157,adj/fatal.sh,L64,e0] case foo\
bar (foo\\$'\n'bar)
+ [0.015124s|S1,bin/modernish:157,adj/fatal.sh,L77,e0] t=ok 
+ [0.015460s|S2,bin/modernish:157,adj/fatal.sh,L78,e0] t=bug -@
/opt/clones/modernish/lib/modernish/adj/fatal.sh:78: command not found: -@
+ [0.015842s|S1,bin/modernish:157,adj/fatal.sh,L79,e0] case ok (ok)
+ [0.015967s|S1,bin/modernish:157,adj/fatal.sh,L87,e0] :
+ [0.016057s|S1,bin/modernish:157,adj/fatal.sh,L87,e0] case x (x)
+ [0.016206s|S1,bin/modernish:157,adj/fatal.sh,L93,e0] case  (4.[34].*)
+ [0.016334s|S1,bin/modernish:157,adj/fatal.sh,L103,e0] case 15665 (|0*|*[!0123456789]*)
+ [0.016454s|S1,bin/modernish:157,adj/fatal.sh,L113,e0] PATH=/dev/null 
+ [0.016608s|S1,bin/modernish:157,adj/fatal.sh,L114,e0] t=x 
+ [0.016680s|S1,bin/modernish:157,adj/fatal.sh,L115,e0] command -v unset
+ [0.016778s|S1,bin/modernish:157,adj/fatal.sh,L116,e0] command -V unset
+ [0.016877s|S1,bin/modernish:157,adj/fatal.sh,L117,e0] command -v if
+ [0.016971s|S1,bin/modernish:157,adj/fatal.sh,L118,e0] unset t
+ [0.017061s|S1,bin/modernish:157,adj/fatal.sh,L119,e0] case  (s)
+ [0.017160s|S1,bin/modernish:157,adj/fatal.sh,L121,e0] PATH=/bin:/usr/bin 
+ [0.017281s|S1,bin/modernish:157,adj/fatal.sh,L125,e0] readonly 'CC01=' 'CC7F=' 'RO=ok'
+ [0.017419s|S1,bin/modernish:157,adj/fatal.sh,L126,e0] case ,,ok,,,ok (,,ok,,,ok)
+ [0.017508s|S1,bin/modernish:157,adj/fatal.sh,L132,e0] RO1=1 RO2=2 RO3=3 
+ [0.017602s|S1,bin/modernish:157,adj/fatal.sh,L133,e0] readonly RO1 RO2 RO3
+ [0.017716s|S1,bin/modernish:157,adj/fatal.sh,L137,e0] set +o braceexpand
+ [0.017845s|S1,bin/modernish:157,adj/fatal.sh,L138,e0] PATH=/dev/null + [0.017904s|S1,bin/modernish:157,adj/fatal.sh,L138,e0] command -v typeset
/opt/clones/modernish/lib/modernish/adj/fatal.sh:138: bad option: -@
+ [0.018046s|S1,bin/modernish:157,adj/fatal.sh,L139,e1] unset -v RO1 RO2 RO3
/opt/clones/modernish/lib/modernish/adj/fatal.sh:139: read-only variable: RO1
+ [0.018164s|S1,modernish/install.sh:143,bin/modernish,L157,e126] echo BUG
+ [0.018254s|S1,modernish/install.sh:143,bin/modernish,L157,e0] echo fatalbug
modernish: Fatal shell bug(s) detected; this shell cannot run modernish.
modernish: Initialisation failed. Aborting.
