Relaunching install.sh with /usr/bin/zsh...
/opt/clones/modernish/lib/modernish/aux/std.sh:setopt:48: no such option: POSIX_ARGZERO
/opt/clones/modernish/lib/modernish/aux/std.sh:setopt:48: no such option: POSIX_ARGZERO
+ [0.019101s|S1,bin/modernish:157,aux/fatal.sh,L44,e0] ulimit -c 0
+ [0.019308s|S1,bin/modernish:157,aux/fatal.sh,L47,e0] IFS='' 
+ [0.071229s|S1,bin/modernish:157,aux/fatal.sh,L47,e0] set +e -fCu
+ [0.071344s|S1,bin/modernish:157,aux/fatal.sh,L54,e0] eval ': || $( : # "
)'
+ [0.071468s|S1,bin/modernish:157,aux/fatal.sh,L54,e0] :
+ [0.071558s|S1,bin/modernish:157,aux/fatal.sh,L59,e0] eval ': || for i;
do :; done'
+ [0.071665s|S1,bin/modernish:157,aux/fatal.sh,L59,e0] :
+ [0.071745s|S1,bin/modernish:157,aux/fatal.sh,L64,e0] case foo\
bar (foo\\
bar)
+ [0.071833s|S1,bin/modernish:157,aux/fatal.sh,L77,e0] t=ok 
+ [0.072158s|S2,bin/modernish:157,aux/fatal.sh,L78,e0] t=bug -@
/opt/clones/modernish/lib/modernish/aux/fatal.sh:78: command not found: -@
+ [0.072499s|S1,bin/modernish:157,aux/fatal.sh,L79,e0] case ok (ok)
+ [0.072579s|S1,bin/modernish:157,aux/fatal.sh,L87,e0] :
+ [0.072627s|S1,bin/modernish:157,aux/fatal.sh,L87,e0] case x (x)
+ [0.072759s|S1,bin/modernish:157,aux/fatal.sh,L93,e0] case  (4.[34].*)
+ [0.072827s|S1,bin/modernish:157,aux/fatal.sh,L103,e0] case 8943 (|0*|*[!0123456789]*)
+ [0.072917s|S1,bin/modernish:157,aux/fatal.sh,L113,e0] PATH=/dev/null 
+ [0.073028s|S1,bin/modernish:157,aux/fatal.sh,L114,e0] t=x 
+ [0.073097s|S1,bin/modernish:157,aux/fatal.sh,L115,e0] command -v unset
+ [0.073173s|S1,bin/modernish:157,aux/fatal.sh,L116,e0] command -V unset
+ [0.073260s|S1,bin/modernish:157,aux/fatal.sh,L117,e0] command -v if
+ [0.073341s|S1,bin/modernish:157,aux/fatal.sh,L118,e0] unset t
+ [0.073425s|S1,bin/modernish:157,aux/fatal.sh,L119,e0] case  (s)
+ [0.073558s|S1,bin/modernish:157,aux/fatal.sh,L121,e0] PATH=/bin:/usr/bin 
+ [0.073682s|S1,bin/modernish:157,aux/fatal.sh,L125,e0] readonly 'CC01=' 'CC7F=' 'RO=ok'
+ [0.073781s|S1,bin/modernish:157,aux/fatal.sh,L126,e0] case ,,ok,,,ok (,,ok,,,ok)
+ [0.073879s|S1,bin/modernish:157,aux/fatal.sh,L132,e0] RO1=1 RO2=2 RO3=3 
+ [0.074005s|S1,bin/modernish:157,aux/fatal.sh,L133,e0] readonly RO1 RO2 RO3
+ [0.074213s|S1,bin/modernish:157,aux/fatal.sh,L137,e0] set +o braceexpand
+ [0.074407s|S1,bin/modernish:157,aux/fatal.sh,L138,e0] PATH=/dev/null + [0.074527s|S1,bin/modernish:157,aux/fatal.sh,L138,e0] command -v typeset
/opt/clones/modernish/lib/modernish/aux/fatal.sh:138: bad option: -@
+ [0.074733s|S1,bin/modernish:157,aux/fatal.sh,L139,e1] unset -v RO1 RO2 RO3
/opt/clones/modernish/lib/modernish/aux/fatal.sh:139: read-only variable: RO1
+ [0.074901s|S1,modernish/install.sh:143,bin/modernish,L157,e126] echo BUG
+ [0.074975s|S1,modernish/install.sh:143,bin/modernish,L157,e0] echo fatalbug
modernish: Fatal shell bug(s) detected; this shell cannot run modernish.
modernish: Initialisation failed. Aborting.
